PRT1
227
638
4 0 1 (1024 3072 -160 ) (1024 3072 448 ) (528 3072 448 ) (528 3072 -160 ) 
4 1 2 (1024 2048 -160 ) (1024 2048 448 ) (528 2048 448 ) (528 2048 -160 ) 
4 2 34 (560 1024 448 ) (528 1024 448 ) (528 1024 272.001343 ) (560 1024 272.001373 ) 
4 2 32 (528 1024 272.001343 ) (528 1024 -160 ) (560 1024 -160 ) (560 1024 272.001373 ) 
4 2 30 (1024 1024 -160 ) (1024 1024 0 ) (560 1024 0 ) (560 1024 -160 ) 
4 2 28 (784 1024 256 ) (624 1024 256 ) (624 1024 0 ) (784 1024 0 ) 
4 2 27 (1024 1024 0 ) (1024 1024 256 ) (784 1024 256 ) (784 1024 0 ) 
4 2 29 (624 1024 256 ) (560 1024 256 ) (560 1024 0 ) (624 1024 0 ) 
4 2 26 (1024 1024 256 ) (1024 1024 448 ) (560 1024 448 ) (560 1024 256 ) 
4 3 5 (2048 -608 -512 ) (2048 -832 -512 ) (2048 -832 96 ) (2048 -608 96 ) 
4 3 4 (2048 -832 -512 ) (2176 -832 -512 ) (2176 -832 96 ) (2048 -832 96 ) 
4 4 8 (2176 -1024 -512 ) (2176 -1024 160 ) (2048 -1024 160 ) (2048 -1024 -512 ) 
4 4 7 (2176 -1024 160 ) (2176 -1024 512 ) (2048 -1024 512 ) (2048 -1024 160 ) 
4 4 6 (2048 -1024 -512 ) (2048 -1024 512 ) (2048 -832 512 ) (2048 -832 -512 ) 
4 5 123 (1024 -832 19.891907 ) (1024 -832 96 ) (1024 -608 96 ) (1024 -608 86.486488 ) 
4 5 110 (1024 -608 -512 ) (1024 -832 -512 ) (1024 -832 0 ) (1024 -608 0 ) 
4 5 107 (1024 -832 0 ) (1024 -832 19.891907 ) (1024 -608 86.486488 ) (1024 -608 0 ) 
4 5 6 (1024 -832 -512 ) (2048 -832 -512 ) (2048 -832 96 ) (1024 -832 96 ) 
4 6 124 (1024 -1024 -37.189178 ) (1024 -1024 512 ) (1024 -832 512 ) (1024 -832 19.891907 ) 
5 6 110 (1024 -1024 -512 ) (1024 -1024 -37.189178 ) (1024 -898.909119 0 ) (1024 -832 0 ) (1024 -832 -512 ) 
3 6 107 (1024 -898.909119 0 ) (1024 -832 19.891907 ) (1024 -832 0 ) 
4 6 18 (2048 -1024 -512 ) (2048 -1024 -496 ) (1024 -1024 -496 ) (1024 -1024 -512 ) 
4 6 14 (1728 -1024 160 ) (1440 -1024 160 ) (1440 -1024 -496 ) (1728 -1024 -496 ) 
4 6 13 (2048 -1024 -496 ) (2048 -1024 160 ) (1728 -1024 160 ) (1728 -1024 -496 ) 
4 6 16 (1440 -1024 160 ) (1024 -1024 160 ) (1024 -1024 -496 ) (1440 -1024 -496 ) 
4 6 12 (2048 -1024 160 ) (2048 -1024 512 ) (1024 -1024 512 ) (1024 -1024 160 ) 
4 7 12 (2048 -1024 512 ) (2048 -1024 160 ) (2048 -1775 160 ) (2048 -1775 512 ) 
4 7 8 (2048 -1024 160 ) (2176 -1024 160 ) (2176 -1536 160 ) (2048 -1536 160 ) 
4 8 19 (2048 -1072 -512 ) (2048 -1536 -512 ) (2048 -1536 -496 ) (2048 -1072 -496 ) 
4 8 18 (2048 -1024 -496 ) (2048 -1024 -512 ) (2048 -1072 -512 ) (2048 -1072 -496 ) 
4 8 13 (2048 -1024 160 ) (2048 -1024 -496 ) (2048 -1536 -496 ) (2048 -1536 160 ) 
4 8 10 (2048 -1536 -512 ) (2048 -1024 -512 ) (2176 -1024 -512 ) (2176 -1536 -512 ) 
4 8 9 (2048 -1536 -512 ) (2176 -1536 -512 ) (2176 -1536 64 ) (2048 -1536 64 ) 
4 9 20 (2048 -1552 -512 ) (2048 -1744 -512 ) (2048 -1744 -496 ) (2048 -1552 -496 ) 
4 9 19 (2048 -1536 -512 ) (2048 -1552 -512 ) (2048 -1552 -496 ) (2048 -1536 -496 ) 
4 9 17 (2048 -1744 -496 ) (2048 -1744 64 ) (2048 -1536 64 ) (2048 -1536 -496 ) 
4 9 10 (2048 -1600 -512 ) (2048 -1536 -512 ) (2176 -1536 -512 ) (2176 -1600 -512 ) 
4 10 21 (2048 -1552 -576 ) (2048 -1600 -576 ) (2048 -1600 -512 ) (2048 -1552 -512 ) 
4 10 19 (2048 -1072 -576 ) (2048 -1552 -576 ) (2048 -1552 -512 ) (2048 -1072 -512 ) 
4 10 18 (2048 -1024 -512 ) (2048 -1024 -576 ) (2048 -1072 -576 ) (2048 -1072 -512 ) 
4 10 11 (2048 -1600 -576 ) (2048 -1024 -576 ) (2176 -1024 -576 ) (2176 -1600 -576 ) 
4 11 25 (2048 -1024 -608 ) (2048 -1024 -960 ) (2048 -1600 -960 ) (2048 -1600 -608 ) 
4 11 23 (2048 -1072 -608 ) (2048 -1552 -608 ) (2048 -1552 -576 ) (2048 -1072 -576 ) 
4 11 22 (2048 -1024 -576 ) (2048 -1024 -608 ) (2048 -1072 -608 ) (2048 -1072 -576 ) 
4 11 24 (2048 -1552 -608 ) (2048 -1600 -608 ) (2048 -1600 -576 ) (2048 -1552 -576 ) 
4 12 194 (1024 -1024 512 ) (1024 -1024 160 ) (1024 -1775 160 ) (1024 -1775 512 ) 
4 12 15 (1728 -1088 160 ) (1728 -1536 160 ) (1440 -1536 160 ) (1440 -1088 160 ) 
4 12 14 (1440 -1024 160 ) (1728 -1024 160 ) (1728 -1088 160 ) (1440 -1088 160 ) 
4 12 13 (1728 -1024 160 ) (2048 -1024 160 ) (2048 -1536 160 ) (1728 -1536 160 ) 
4 12 16 (1024 -1536 160 ) (1024 -1024 160 ) (1440 -1024 160 ) (1440 -1536 160 ) 
4 13 19 (2048 -1072 -496 ) (2048 -1536 -496 ) (1728 -1536 -496 ) (1728 -1072 -496 ) 
4 13 18 (2048 -1024 -496 ) (2048 -1072 -496 ) (1728 -1072 -496 ) (1728 -1024 -496 ) 
4 13 17 (1728 -1536 -496 ) (2048 -1536 -496 ) (2048 -1536 64 ) (1728 -1536 64 ) 
4 13 15 (1728 -1536 -144 ) (1728 -1536 160 ) (1728 -1088 160 ) (1728 -1088 -144 ) 
4 13 14 (1728 -1024 -496 ) (1728 -1088 -496 ) (1728 -1088 160 ) (1728 -1024 160 ) 
4 14 18 (1440 -1072 -496 ) (1440 -1024 -496 ) (1728 -1024 -496 ) (1728 -1072 -496 ) 
4 14 15 (1440 -1088 160 ) (1440 -1088 -144 ) (1728 -1088 -144 ) (1728 -1088 160 ) 
4 14 16 (1440 -1024 -496 ) (1440 -1088 -496 ) (1440 -1088 160 ) (1440 -1024 160 ) 
4 15 17 (1728 -1536 -144 ) (1728 -1536 64 ) (1440 -1536 64 ) (1440 -1536 -144 ) 
4 15 16 (1440 -1536 -144 ) (1440 -1536 160 ) (1440 -1088 160 ) (1440 -1088 -144 ) 
4 16 195 (1024 -1536 160 ) (1024 -1024 160 ) (1024 -1024 -496 ) (1024 -1536 -496 ) 
4 16 18 (1024 -1072 -496 ) (1024 -1024 -496 ) (1440 -1024 -496 ) (1440 -1072 -496 ) 
4 16 17 (1024 -1536 -496 ) (1440 -1536 -496 ) (1440 -1536 64 ) (1024 -1536 64 ) 
4 17 198 (1024 -1552 -496 ) (1024 -1744 -496 ) (1024 -1744 64 ) (1024 -1552 64 ) 
4 17 196 (1024 -1536 64 ) (1024 -1536 -496 ) (1024 -1552 -496 ) (1024 -1552 64 ) 
4 17 20 (2048 -1552 -496 ) (2048 -1744 -496 ) (1024 -1744 -496 ) (1024 -1552 -496 ) 
4 17 19 (2048 -1536 -496 ) (2048 -1552 -496 ) (1728 -1552 -496 ) (1728 -1536 -496 ) 
4 18 197 (1024 -1072 -496 ) (1024 -1024 -496 ) (1024 -1024 -576 ) (1024 -1072 -576 ) 
4 18 22 (2048 -1024 -576 ) (2048 -1072 -576 ) (1024 -1072 -576 ) (1024 -1024 -576 ) 
4 18 19 (1728 -1072 -576 ) (2048 -1072 -576 ) (2048 -1072 -496 ) (1728 -1072 -496 ) 
4 19 23 (2048 -1072 -576 ) (2048 -1552 -576 ) (1728 -1552 -576 ) (1728 -1072 -576 ) 
4 19 21 (1728 -1552 -576 ) (2048 -1552 -576 ) (2048 -1552 -512 ) (1728 -1552 -512 ) 
4 19 20 (2048 -1552 -512 ) (2048 -1552 -496 ) (1728 -1552 -496 ) (1728 -1552 -512 ) 
4 20 198 (1024 -1744 -496 ) (1024 -1552 -496 ) (1024 -1552 -512 ) (1024 -1744 -512 ) 
4 20 21 (1024 -1552 -512 ) (2048 -1552 -512 ) (2048 -1600 -512 ) (1024 -1600 -512 ) 
4 21 199 (1024 -1600 -512 ) (1024 -1552 -512 ) (1024 -1552 -576 ) (1024 -1600 -576 ) 
4 21 24 (2048 -1552 -576 ) (2048 -1600 -576 ) (1024 -1600 -576 ) (1024 -1552 -576 ) 
4 22 200 (1024 -1072 -576 ) (1024 -1024 -576 ) (1024 -1024 -608 ) (1024 -1072 -608 ) 
4 22 25 (1024 -1072 -608 ) (1024 -1024 -608 ) (2048 -1024 -608 ) (2048 -1072 -608 ) 
4 22 23 (1728 -1072 -608 ) (2048 -1072 -608 ) (2048 -1072 -576 ) (1728 -1072 -576 ) 
4 23 25 (1728 -1072 -608 ) (2048 -1072 -608 ) (2048 -1552 -608 ) (1728 -1552 -608 ) 
4 23 24 (1728 -1552 -608 ) (2048 -1552 -608 ) (2048 -1552 -576 ) (1728 -1552 -576 ) 
4 24 201 (1024 -1600 -608 ) (1024 -1600 -576 ) (1024 -1552 -576 ) (1024 -1552 -608 ) 
4 24 25 (2048 -1600 -608 ) (1024 -1600 -608 ) (1024 -1552 -608 ) (2048 -1552 -608 ) 
4 25 202 (1024 -1600 -960 ) (1024 -1600 -608 ) (1024 -1024 -608 ) (1024 -1024 -960 ) 
4 26 103 (784 0 267.243225 ) (624 0 267.243225 ) (624 0 256 ) (784 0 256 ) 
4 26 102 (1024 0 256 ) (1024 0 267.243225 ) (784 0 267.243225 ) (784 0 256 ) 
4 26 104 (624 0 267.243225 ) (560 0 267.243225 ) (560 0 256 ) (624 0 256 ) 
6 26 34 (560 1024 448 ) (560 1024 272.001343 ) (560 963.759949 256 ) (560 0 256 ) (560 0 267.243225 ) (560 608 448 ) 
3 26 32 (560 1024 272.001343 ) (560 1024 256 ) (560 963.759949 256 ) 
4 26 28 (624 152 256 ) (624 1024 256 ) (784 1024 256 ) (784 152 256 ) 
4 26 27 (1024 0 256 ) (784 0 256 ) (784 1024 256 ) (1024 1024 256 ) 
4 26 29 (624 0 256 ) (560 0 256 ) (560 1024 256 ) (624 1024 256 ) 
4 27 102 (1024 0 0 ) (1024 0 256 ) (784 0 256 ) (784 0 0 ) 
4 27 31 (1024 592 0 ) (1024 0 0 ) (784 0 0 ) (784 592 0 ) 
4 27 30 (784 1024 0 ) (1024 1024 0 ) (1024 592 0 ) (784 592 0 ) 
4 27 28 (784 1024 0 ) (784 152 0 ) (784 152 256 ) (784 1024 256 ) 
4 28 31 (784 592 0 ) (784 152 0 ) (624 152 0 ) (624 592 0 ) 
4 28 30 (624 1024 0 ) (784 1024 0 ) (784 592 0 ) (624 592 0 ) 
4 28 29 (624 1024 0 ) (624 152 0 ) (624 152 256 ) (624 1024 256 ) 
4 29 104 (624 0 256 ) (560 0 256 ) (560 0 0 ) (624 0 0 ) 
4 29 40 (560 164.062637 138.937836 ) (560 175 128 ) (560 111 64 ) (560 118.911133 93.786247 ) 
3 29 39 (560 128.002625 127.990112 ) (560 133.273117 108.148270 ) (560 118.911125 93.786247 ) 
7 29 38 (560 0 16 ) (560 0 240 ) (560 56.001301 225.123642 ) (560 97.124504 184 ) (560 112 128 ) (560 97.125031 72 ) (560 56 30.874466 ) 
3 29 37 (560 111 192 ) (560 164.062637 138.937836 ) (560 133.273117 108.148270 ) 
3 29 36 (560 63.995846 239.003723 ) (560 239.415161 192.415176 ) (560 175 128 ) 
3 29 35 (560 239.415161 192.415176 ) (560 481.918396 128.010208 ) (560 64 17 ) 
3 29 34 (560 0 256 ) (560 963.759949 256 ) (560 481.918396 128.010208 ) 
3 29 33 (560 592 0 ) (560 0 0 ) (560 592 157.250778 ) 
5 29 32 (560 1024 256 ) (560 1024 0 ) (560 592 0 ) (560 592 157.250778 ) (560 963.759949 256 ) 
4 29 31 (560 0 0 ) (560 592 0 ) (624 592 0 ) (624 0 0 ) 
4 29 30 (560 592 0 ) (560 1024 0 ) (624 1024 0 ) (624 592 0 ) 
4 30 32 (560 1024 0 ) (560 1024 -160 ) (560 592 -160 ) (560 592 0 ) 
4 30 31 (1024 592 -160 ) (1024 592 0 ) (560 592 0 ) (560 592 -160 ) 
4 31 108 (1024 0 -340.756836 ) (1024 0 0 ) (560 0 0 ) (560 0 -340.756775 ) 
4 31 33 (560 0 -340.756836 ) (560 0 0 ) (560 592 0 ) (560 592 -164.756775 ) 
4 32 41 (528 768 48 ) (528 1008 48 ) (528 1008 -160 ) (528 768 -160 ) 
4 32 34 (528 1024 272.001831 ) (528 592 157.251266 ) (560 592 157.251343 ) (560 1024 272.001953 ) 
4 32 33 (560 592 -160 ) (560 592 157.248032 ) (528 592 157.248032 ) (528 592 -160 ) 
4 33 115 (560 0 -47 ) (560 0 0 ) (528 0 0 ) (528 0 -47 ) 
4 33 111 (560 0 -340.756836 ) (560 0 -47 ) (528 0 -47 ) (528 0 -340.756775 ) 
3 33 44 (528 0 0 ) (528 64 17 ) (528 47 0 ) 
4 33 43 (528 64 17 ) (528 152 40.374794 ) (528 152 0 ) (528 47 0 ) 
4 33 35 (528 481.917419 128.010437 ) (528 64 17 ) (560 64 17 ) (560 481.917358 128.010483 ) 
4 33 34 (528 592 157.251266 ) (528 481.917419 128.010437 ) (560 481.917358 128.010483 ) (560 592 157.251343 ) 
4 34 121 (560 0 256 ) (560 0 267.243225 ) (528 0 267.243225 ) (528 0 256 ) 
3 34 49 (528 0 256 ) (528 47 256 ) (528 63.995850 239.003723 ) 
4 34 42 (528 152 215.631226 ) (528 63.995850 239.003723 ) (528 47 256 ) (528 152 256 ) 
4 34 36 (528 63.995186 239.004395 ) (528 239.415543 192.415558 ) (560 239.415512 192.415558 ) (560 63.995224 239.004364 ) 
4 34 35 (528 239.415543 192.415558 ) (528 481.921875 128.009766 ) (560 481.921875 128.009766 ) (560 239.415512 192.415558 ) 
3 35 43 (528 152 40.374786 ) (528 64 17 ) (528 152 105 ) 
4 35 40 (560 111 64 ) (560 175 128 ) (528 175 128 ) (528 111 64 ) 
4 35 36 (560 175 128 ) (560 239.416031 192.416031 ) (528 239.416031 192.416031 ) (528 175 128 ) 
3 36 42 (528 63.995838 239.003738 ) (528 152 215.631241 ) (528 152 151 ) 
4 36 40 (528 164.062286 138.937469 ) (528 175 128 ) (560 175 128 ) (560 164.062286 138.937469 ) 
4 36 37 (528 111 191.998077 ) (528 164.062286 138.937469 ) (560 164.062286 138.937469 ) (560 111 191.998077 ) 
4 37 45 (528 111 192 ) (528 152 151 ) (528 152 126.875183 ) (528 133.273117 108.148270 ) 
4 37 40 (528 133.273254 108.147766 ) (528 164.060562 138.935562 ) (560 164.060562 138.935562 ) (560 133.273254 108.147774 ) 
4 37 39 (528 133.271988 108.148033 ) (560 133.271988 108.148033 ) (560 128.002014 127.987778 ) (528 128.002014 127.987785 ) 
4 38 117 (560 0 16 ) (560 0 240 ) (528 0 240 ) (528 0 16 ) 
7 38 46 (528 0 16 ) (528 0 240 ) (528 56.001312 225.123642 ) (528 97.124504 184 ) (528 112 128 ) (528 97.125092 72 ) (528 56 30.874466 ) 
3 39 47 (528 128.002625 127.990112 ) (528 133.273117 108.148270 ) (528 118.911118 93.786247 ) 
4 39 40 (528 118.910835 93.785126 ) (528 133.273254 108.147766 ) (560 133.273254 108.147774 ) (560 118.910835 93.785126 ) 
4 40 48 (528 137.864212 90.864182 ) (528 111 64 ) (528 118.911125 93.786240 ) (528 133.273132 108.148270 ) 
4 40 45 (528 152 105 ) (528 137.864212 90.864182 ) (528 133.273132 108.148270 ) (528 152 126.875175 ) 
4 41 55 (432 768 48 ) (432 1008 48 ) (432 1008 -160 ) (432 768 -160 ) 
3 42 65 (432 152 151 ) (432 47 256 ) (432 152 256 ) 
4 42 49 (432 46.997002 256 ) (432 63.992790 239.004532 ) (528 63.996143 239.003647 ) (528 47 256 ) 
4 42 45 (432 111 191.997574 ) (432 152 151 ) (528 152 151 ) (528 111 192 ) 
4 43 61 (432 152 0 ) (432 47 0 ) (432 111 64 ) (432 152 64 ) 
3 43 60 (432 111 64 ) (432 152 105 ) (432 152 64 ) 
4 43 51 (432 47 0 ) (432 152 0 ) (512 152 0 ) (512 47 0 ) 
4 43 48 (528 111 64 ) (528 137.864197 90.864204 ) (432 137.864197 90.864204 ) (432 111 64 ) 
4 43 45 (528 137.864197 90.864204 ) (528 152 105 ) (432 152 105 ) (432 137.864197 90.864204 ) 
4 43 44 (432 47 0 ) (528 47 0 ) (528 64 17 ) (432 64 17 ) 
3 44 66 (432 0 0 ) (432 64 17 ) (432 47 0 ) 
4 44 51 (432 0 0 ) (432 47 0 ) (512 47 0 ) (512 0 0 ) 
4 45 71 (432 152 126.875168 ) (432 152 105 ) (432 137.864197 90.864204 ) (432 133.273117 108.148247 ) 
4 45 68 (432 111 192 ) (432 152 151 ) (432 152 126.875168 ) (432 133.273117 108.148247 ) 
4 45 48 (432 137.863342 90.863335 ) (528 137.863342 90.863335 ) (528 133.272247 108.147385 ) (432 133.272247 108.147377 ) 
4 45 47 (528 133.272247 108.147385 ) (528 128.002060 127.987984 ) (432 128.002060 127.987991 ) (432 133.272247 108.147377 ) 
4 46 126 (528 0 16 ) (528 0 240 ) (432 0 240 ) (432 0 16 ) 
7 46 69 (432 0 16 ) (432 0 240 ) (432 56.001289 225.123657 ) (432 97.124512 184 ) (432 112 128 ) (432 97.125237 72 ) (432 56 30.874466 ) 
3 47 70 (432 128.002640 127.990128 ) (432 133.273132 108.148247 ) (432 118.911118 93.786209 ) 
4 47 48 (432 118.911087 93.786072 ) (432 133.271469 108.146469 ) (528 133.271469 108.146469 ) (528 118.911079 93.786072 ) 
4 48 71 (432 133.273132 108.148247 ) (432 137.864197 90.864204 ) (432 111 64 ) (432 118.911118 93.786217 ) 
3 49 67 (432 0 256 ) (432 47 256 ) (432 63.995853 239.003723 ) 
4 50 61 (432 416 -192 ) (432 152 -192 ) (432 152 -24 ) (432 416 -24 ) 
4 50 52 (432 152 -192 ) (432 416 -192 ) (512 416 -192 ) (512 152 -192 ) 
4 50 51 (432 152 -192 ) (512 152 -192 ) (512 152 -24 ) (432 152 -24 ) 
4 51 159 (512 0 -192 ) (512 0 -160 ) (432 0 -160 ) (432 0 -192 ) 
4 51 136 (512 0 -160 ) (512 0 -25.124939 ) (432 0 -25.124933 ) (432 0 -160 ) 
4 51 128 (512 0 -25.124939 ) (512 0 0 ) (432 0 0 ) (432 0 -25.124933 ) 
3 51 66 (432 0 -47 ) (432 0 0 ) (432 47 0 ) 
5 51 61 (432 0 -192 ) (432 0 -47 ) (432 47 0 ) (432 152 0 ) (432 152 -192 ) 
4 51 52 (432 0 -192 ) (432 152 -192 ) (512 152 -192 ) (512 0 -192 ) 
4 52 160 (512 0 -544 ) (512 0 -192 ) (432 0 -192 ) (432 0 -544 ) 
4 52 62 (432 0 -544 ) (432 0 -192 ) (432 576 -192 ) (432 576 -544 ) 
4 52 53 (432 0 -544 ) (432 576 -544 ) (512 576 -544 ) (512 0 -544 ) 
4 53 161 (512 0 -576 ) (512 0 -544 ) (432 0 -544 ) (432 0 -576 ) 
4 53 63 (432 0 -576 ) (432 0 -544 ) (432 576 -544 ) (432 576 -576 ) 
4 53 54 (432 0 -576 ) (432 576 -576 ) (512 576 -576 ) (512 0 -576 ) 
4 54 162 (512 0 -5440 ) (512 0 -576 ) (432 0 -576 ) (432 0 -5440 ) 
4 54 64 (432 0 -5440 ) (432 0 -576 ) (432 576 -576 ) (432 576 -5440 ) 
4 55 56 (368 1008 -160 ) (368 768 -160 ) (368 768 48 ) (368 1008 48 ) 
4 56 57 (352 1008 -160 ) (352 768 -160 ) (352 768 48 ) (352 1008 48 ) 
4 57 81 (0 768 48 ) (0 1008 48 ) (0 1008 -160 ) (0 768 -160 ) 
4 57 58 (0 768 -160 ) (128 768 -160 ) (128 768 48 ) (0 768 48 ) 
4 58 81 (0 592 -160 ) (0 592 48 ) (0 768 48 ) (0 768 -160 ) 
4 58 59 (0 592 -32 ) (0 592 -160 ) (32 592 -160 ) (32 592 -32 ) 
4 59 84 (0 576 -160 ) (0 576 -32 ) (0 592 -32 ) (0 592 -160 ) 
4 59 75 (0 576 -32 ) (0 576 -160 ) (32 576 -160 ) (32 576 -32 ) 
4 60 73 (32 576 529 ) (32 576 64 ) (32 416 64 ) (32 416 369 ) 
3 60 74 (32 416 64 ) (32 111 64 ) (32 416 369 ) 
4 60 72 (32 576 529 ) (32 111 64 ) (400 111 64 ) (400 576 529 ) 
4 60 71 (400 111 64 ) (432 111 64 ) (432 175 128 ) (400 175 128 ) 
4 60 65 (432 175 128 ) (432 576 529 ) (400 576 529 ) (400 175 128 ) 
4 60 61 (432 110.998062 64 ) (32 110.998047 64 ) (32 416 64 ) (432 416 64 ) 
4 61 159 (432 0 -192 ) (432 0 -160 ) (32 0 -160 ) (32 0 -192 ) 
4 61 156 (432 0 -160 ) (432 0 -48 ) (32 0 -48 ) (32 0 -160 ) 
4 61 155 (400 0 -47 ) (32 0 -47 ) (32 0 -48 ) (400 0 -48 ) 
4 61 144 (432 0 -48 ) (432 0 -47 ) (400 0 -47 ) (400 0 -48 ) 
4 61 77 (32 416 -192 ) (32 0 -192 ) (32 0 -160 ) (32 416 -160 ) 
5 61 76 (32 0 -160 ) (32 0 -47 ) (32 15 -32 ) (32 416 -32 ) (32 416 -160 ) 
4 61 74 (32 15 -32 ) (32 111 64 ) (32 416 64 ) (32 416 -32 ) 
4 61 72 (32 111 64 ) (32 0 -47 ) (400 0 -47 ) (400 111 64 ) 
4 61 66 (400 0 -47 ) (432 0 -47 ) (432 64 17 ) (400 64 17 ) 
4 61 62 (32 0 -192 ) (32 416 -192 ) (432 416 -192 ) (432 0 -192 ) 
4 62 160 (432 0 -544 ) (432 0 -192 ) (32 0 -192 ) (32 0 -544 ) 
4 62 78 (32 576 -192 ) (32 576 -544 ) (32 0 -544 ) (32 0 -192 ) 
4 62 63 (32 0 -544 ) (32 576 -544 ) (432 576 -544 ) (432 0 -544 ) 
4 63 161 (432 0 -576 ) (432 0 -544 ) (32 0 -544 ) (32 0 -576 ) 
4 63 79 (32 576 -544 ) (32 576 -576 ) (32 0 -576 ) (32 0 -544 ) 
4 63 64 (32 0 -576 ) (32 576 -576 ) (432 576 -576 ) (432 0 -576 ) 
4 64 162 (432 0 -5440 ) (432 0 -576 ) (32 0 -576 ) (32 0 -5440 ) 
4 64 80 (32 576 -576 ) (32 576 -5440 ) (32 0 -5440 ) (32 0 -576 ) 
4 65 143 (432 0 302.998993 ) (432 0 544 ) (400 0 544 ) (400 0 302.998993 ) 
5 65 72 (400 576 544 ) (400 576 529.003906 ) (400 174.998352 128.002258 ) (400 0 302.998962 ) (400 0 544 ) 
4 65 71 (400 164.062363 138.937561 ) (400 175 128 ) (432 175 128 ) (432 164.062363 138.937546 ) 
4 65 68 (400 111 192 ) (400 164.062363 138.937561 ) (432 164.062363 138.937546 ) (432 111 192 ) 
4 65 67 (400 0 302.998688 ) (400 63.995296 239.003876 ) (432 63.995049 239.003952 ) (432 0 302.998413 ) 
4 66 145 (432 0 -47 ) (432 0 0 ) (400 0 0 ) (400 0 -47 ) 
3 66 72 (400 63.994789 16.998695 ) (400 0 -46.996094 ) (400 0 0 ) 
4 67 146 (432 0 256 ) (432 0 302.998993 ) (400 0 302.998993 ) (400 0 256 ) 
3 67 72 (400 0 256 ) (400 0 302.998962 ) (400 63.995834 239.003723 ) 
3 68 72 (400 111 192 ) (400 164.062668 138.937836 ) (400 133.273132 108.148239 ) 
4 68 71 (400 133.273132 108.148209 ) (400 164.062576 138.937668 ) (432 164.062576 138.937668 ) (432 133.273132 108.148209 ) 
4 68 70 (400 133.273178 108.148315 ) (432 133.273178 108.148315 ) (432 128 128 ) (400 128 128 ) 
4 69 148 (432 0 16 ) (432 0 240 ) (400 0 240 ) (400 0 16 ) 
7 69 72 (400 0 16 ) (400 0 240 ) (400 56.001297 225.123657 ) (400 97.124512 184 ) (400 112 128 ) (400 97.125290 72 ) (400 56 30.874466 ) 
3 70 72 (400 128 128 ) (400 133.273132 108.148239 ) (400 118.911880 93.786964 ) 
4 70 71 (400 118.911880 93.786942 ) (400 133.273132 108.148209 ) (432 133.273132 108.148209 ) (432 118.911873 93.786942 ) 
4 71 72 (400 174.998352 128.002258 ) (400 111.001419 64.005325 ) (400 118.911118 93.786217 ) (400 164.062668 138.937836 ) 
4 72 155 (32 0 64 ) (32 0 -47 ) (400 0 -47 ) (400 0 64 ) 
4 72 154 (32 0 544 ) (32 0 64 ) (400 0 64 ) (400 0 544 ) 
3 72 76 (32 15 -32 ) (32 0 -47 ) (32 0 -32 ) 
4 72 73 (32 576 544 ) (32 576 529 ) (32 416 369 ) (32 416 544 ) 
5 72 74 (32 416 369 ) (32 15 -32 ) (32 0 -32 ) (32 0 544 ) (32 416 544 ) 
4 73 85 (0 416 544 ) (0 576 544 ) (0 576 64 ) (0 416 64 ) 
4 73 74 (32 416 64 ) (32 416 544 ) (0 416 544 ) (0 416 64 ) 
4 74 155 (32 0 -32 ) (32 0 64 ) (0 0 64 ) (0 0 -32 ) 
4 74 154 (32 0 64 ) (32 0 544 ) (0 0 544 ) (0 0 64 ) 
4 74 86 (0 0 -32 ) (0 0 64 ) (0 416 64 ) (0 416 -32 ) 
4 74 85 (0 0 64 ) (0 0 544 ) (0 416 544 ) (0 416 64 ) 
4 74 76 (32 416 -32 ) (32 0 -32 ) (0 0 -32 ) (0 416 -32 ) 
4 75 87 (0 432 -32 ) (0 576 -32 ) (0 576 -160 ) (0 432 -160 ) 
4 75 76 (0 432 -160 ) (32 432 -160 ) (32 432 -32 ) (0 432 -32 ) 
4 76 157 (32 0 -160 ) (32 0 -48 ) (0 0 -48 ) (0 0 -160 ) 
4 76 155 (32 0 -48 ) (32 0 -32 ) (0 0 -32 ) (0 0 -48 ) 
4 76 88 (0 0 -160 ) (0 0 -32 ) (0 432 -32 ) (0 432 -160 ) 
4 76 77 (0 0 -160 ) (0 416 -160 ) (32 416 -160 ) (32 0 -160 ) 
4 77 159 (32 0 -192 ) (32 0 -160 ) (0 0 -160 ) (0 0 -192 ) 
4 77 89 (0 0 -192 ) (0 0 -160 ) (0 416 -160 ) (0 416 -192 ) 
4 77 78 (32 416 -192 ) (32 0 -192 ) (0 0 -192 ) (0 416 -192 ) 
4 78 160 (32 0 -544 ) (32 0 -192 ) (0 0 -192 ) (0 0 -544 ) 
4 78 92 (0 0 -544 ) (0 0 -192 ) (0 576 -192 ) (0 576 -544 ) 
4 78 79 (0 0 -544 ) (0 576 -544 ) (32 576 -544 ) (32 0 -544 ) 
4 79 161 (32 0 -576 ) (32 0 -544 ) (0 0 -544 ) (0 0 -576 ) 
4 79 93 (0 0 -576 ) (0 0 -544 ) (0 576 -544 ) (0 576 -576 ) 
4 79 80 (0 576 -576 ) (32 576 -576 ) (32 0 -576 ) (0 0 -576 ) 
4 80 162 (32 0 -5440 ) (32 0 -576 ) (0 0 -576 ) (0 0 -5440 ) 
4 80 94 (0 0 -5440 ) (0 0 -576 ) (0 576 -576 ) (0 576 -5440 ) 
4 81 84 (0 592 -160 ) (0 592 -32 ) (-32 592 -32 ) (-32 592 -160 ) 
4 81 83 (-240 1008 48 ) (-240 1008 -160 ) (-240 592 -160 ) (-240 592 48 ) 
4 81 82 (-194.525986 592 -160 ) (-240 592 -160 ) (-240 1008 -160 ) (-194.525986 1008 -160 ) 
4 82 83 (-240 1008 -160 ) (-240 1008 -180.727402 ) (-240 592 -180.727417 ) (-240 592 -160 ) 
4 83 187 (-1024 592 -312 ) (-1024 592 160 ) (-1024 1008 160 ) (-1024 1008 -312 ) 
4 83 101 (-1024 592 160 ) (-1024 592 -312 ) (-528 592 -312 ) (-528 592 160 ) 
4 84 87 (-32 576 -160 ) (0 576 -160 ) (0 576 -32 ) (-32 576 -32 ) 
4 85 167 (0 0 64 ) (0 0 544 ) (-240 0 544 ) (-240 0 64 ) 
4 85 95 (-240 576 544 ) (-240 576 64 ) (-240 416 64 ) (-240 416 544 ) 
4 85 96 (-240 416 64 ) (-240 0 64 ) (-240 0 544 ) (-240 416 544 ) 
4 85 86 (-240 0 64 ) (-240 416 64 ) (0 416 64 ) (0 0 64 ) 
4 86 168 (0 0 -32 ) (0 0 64 ) (-240 0 64 ) (-240 0 -32 ) 
4 86 96 (-240 416 -32 ) (-240 0 -32 ) (-240 0 64 ) (-240 416 64 ) 
4 86 91 (-32 0 -32 ) (-240 0 -32 ) (-240 416 -32 ) (-32 416 -32 ) 
4 86 88 (0 0 -32 ) (-32 0 -32 ) (-32 416 -32 ) (0 416 -32 ) 
4 87 90 (-32 432 -32 ) (-32 576 -32 ) (-32 576 -160 ) (-32 432 -160 ) 
4 87 88 (-32 432 -32 ) (-32 432 -160 ) (0 432 -160 ) (0 432 -32 ) 
4 88 169 (0 0 -160 ) (0 0 -48 ) (-32 0 -48 ) (-32 0 -160 ) 
4 88 168 (0 0 -48 ) (0 0 -32 ) (-32 0 -32 ) (-32 0 -48 ) 
4 88 91 (-32 0 -160 ) (-32 0 -32 ) (-32 416 -32 ) (-32 416 -160 ) 
4 88 89 (-32 0 -160 ) (-32 416 -160 ) (0 416 -160 ) (0 0 -160 ) 
4 89 173 (0 0 -192 ) (0 0 -160 ) (-32 0 -160 ) (-32 0 -192 ) 
4 89 92 (0 416 -192 ) (0 0 -192 ) (-32 0 -192 ) (-32 416 -192 ) 
4 89 91 (-32 416 -192 ) (-32 0 -192 ) (-32 0 -160 ) (-32 416 -160 ) 
4 91 173 (-240 0 -160 ) (-240 0 -192 ) (-32 0 -192 ) (-32 0 -160 ) 
4 91 170 (-240 0 -48 ) (-240 0 -160 ) (-32 0 -160 ) (-32 0 -48 ) 
4 91 168 (-32 0 -32 ) (-240 0 -32 ) (-240 0 -48 ) (-32 0 -48 ) 
4 91 96 (-240 416 -192 ) (-240 0 -192 ) (-240 0 -32 ) (-240 416 -32 ) 
4 91 92 (-240 0 -192 ) (-240 416 -192 ) (-32 416 -192 ) (-32 0 -192 ) 
4 92 174 (0 0 -544 ) (0 0 -192 ) (-240 0 -192 ) (-240 0 -544 ) 
4 92 97 (-240 576 -192 ) (-240 576 -544 ) (-240 0 -544 ) (-240 0 -192 ) 
4 92 93 (0 0 -544 ) (-240 0 -544 ) (-240 576 -544 ) (0 576 -544 ) 
4 93 175 (0 0 -576 ) (0 0 -544 ) (-240 0 -544 ) (-240 0 -576 ) 
4 93 98 (-240 576 -544 ) (-240 576 -576 ) (-240 0 -576 ) (-240 0 -544 ) 
4 93 94 (-240 0 -576 ) (-240 576 -576 ) (0 576 -576 ) (0 0 -576 ) 
4 94 176 (0 0 -5440 ) (0 0 -576 ) (-240 0 -576 ) (-240 0 -5440 ) 
4 94 99 (-240 576 -576 ) (-240 576 -5440 ) (-240 0 -5440 ) (-240 0 -576 ) 
4 95 96 (-240 416 64 ) (-240 416 544 ) (-448 416 544 ) (-448 416 64 ) 
4 96 173 (-240 0 -192 ) (-240 0 -160 ) (-448 0 -160 ) (-448 0 -192 ) 
4 96 172 (-432 0 -48 ) (-448 0 -48 ) (-448 0 -160 ) (-432 0 -160 ) 
4 96 170 (-240 0 -160 ) (-240 0 -48 ) (-432 0 -48 ) (-432 0 -160 ) 
4 96 168 (-240 0 -48 ) (-240 0 64 ) (-448 0 64 ) (-448 0 -48 ) 
4 96 167 (-240 0 64 ) (-240 0 544 ) (-448 0 544 ) (-448 0 64 ) 
4 96 97 (-448 0 -192 ) (-448 416 -192 ) (-240 416 -192 ) (-240 0 -192 ) 
4 97 174 (-240 0 -544 ) (-240 0 -192 ) (-448 0 -192 ) (-448 0 -544 ) 
4 97 98 (-448 0 -544 ) (-448 576 -544 ) (-240 576 -544 ) (-240 0 -544 ) 
4 98 175 (-240 0 -576 ) (-240 0 -544 ) (-448 0 -544 ) (-448 0 -576 ) 
4 98 99 (-448 0 -576 ) (-448 576 -576 ) (-240 576 -576 ) (-240 0 -576 ) 
4 99 176 (-240 0 -5440 ) (-240 0 -576 ) (-448 0 -576 ) (-448 0 -5440 ) 
4 100 180 (-512 0 -512 ) (-512 0 -160 ) (-528 0 -160 ) (-528 0 -512 ) 
4 100 101 (-528 32 -512 ) (-528 0 -512 ) (-528 0 -160 ) (-528 32 -160 ) 
5 101 188 (-1024 0 -512 ) (-1024 0 160 ) (-1024 592 160 ) (-1024 592 -315.846130 ) (-1024 184 -512 ) 
4 101 181 (-528 0 -512 ) (-528 0 160 ) (-1024 0 160 ) (-1024 0 -512 ) 
4 102 108 (784 0 0 ) (1024 0 0 ) (1024 -152 0 ) (784 -152 0 ) 
4 102 105 (784 -152 0 ) (1024 -152 0 ) (1024 -152 222.054688 ) (784 -152 222.054688 ) 
3 102 103 (784 -37.818130 256 ) (784 0 267.243225 ) (784 0 256 ) 
3 103 104 (624 -37.818130 256 ) (624 0 267.243225 ) (624 0 256 ) 
4 104 121 (560 -48.402344 252.856567 ) (560 0 267.246460 ) (560 0 256 ) (560 -30.118891 248 ) 
4 104 120 (560 -50.879852 252.120010 ) (560 -48.402344 252.856567 ) (560 -30.117920 248 ) (560 -64 239 ) 
4 104 119 (560 -152 129.125000 ) (560 -152 151 ) (560 -111 192 ) (560 -118.912987 162.212006 ) 
3 104 118 (560 -111 64 ) (560 -137.863708 90.863716 ) (560 -128 128.001755 ) 
7 104 117 (560 0 240 ) (560 0 16 ) (560 -55.998192 30.873220 ) (560 -97.124641 72 ) (560 -112 127.998795 ) (560 -97.123512 184.001480 ) (560 -56 225.124786 ) 
4 104 116 (560 -137.863708 90.863716 ) (560 -152 105 ) (560 -152 129.125000 ) (560 -118.913010 162.211990 ) 
3 104 115 (560 0 0 ) (560 -47 0 ) (560 -64 17 ) 
3 104 114 (560 -152 222.057266 ) (560 -50.879852 252.120010 ) (560 -152 151 ) 
3 104 111 (560 -47 0 ) (560 -152 0 ) (560 -152 105 ) 
4 104 108 (560 -152 0 ) (560 0 0 ) (624 0 0 ) (624 -152 0 ) 
4 104 105 (560 -152 222.054688 ) (560 -152 0 ) (624 -152 0 ) (624 -152 222.054688 ) 
4 105 119 (560 -152 151 ) (560 -152 129.125000 ) (560 -164.062500 117.062500 ) (560 -175 128 ) 
3 105 116 (560 -152 129.125000 ) (560 -152 105 ) (560 -164.062500 117.062500 ) 
4 105 114 (560 -242.231628 195.231644 ) (560 -152 222.057266 ) (560 -152 151 ) (560 -175 128 ) 
5 105 111 (560 -576 96.003212 ) (560 -242.231628 195.231644 ) (560 -152 105 ) (560 -152 0 ) (560 -576 0 ) 
4 105 108 (560 -576 0 ) (560 -152 0 ) (1024 -152 0 ) (1024 -576 0 ) 
4 105 106 (560 -576 96 ) (560 -576 0 ) (1024 -576 0 ) (1024 -576 96 ) 
4 106 122 (1024 -608 86.488152 ) (1024 -576 96.001663 ) (560 -576 96.001770 ) (560 -608 86.488251 ) 
4 106 112 (560 -608 86.489700 ) (560 -576 96.003212 ) (560 -576 0 ) (560 -608 0 ) 
4 106 109 (560 -608 0 ) (560 -576 0 ) (1024 -576 0 ) (1024 -608 0 ) 
4 106 107 (560 -608 86.488281 ) (560 -608 0 ) (1024 -608 0 ) (1024 -608 86.488266 ) 
4 107 124 (1024 -898.914734 0 ) (1024 -832 19.893566 ) (560 -832 19.893616 ) (560 -898.914856 0 ) 
4 107 123 (1024 -832 19.893566 ) (1024 -608 86.488152 ) (560 -608 86.488251 ) (560 -832 19.893616 ) 
3 107 113 (560 -898.919922 0 ) (560 -608 86.489700 ) (560 -608 0 ) 
4 107 110 (1024 -898.910095 0 ) (560 -898.910156 0 ) (560 -608 0 ) (1024 -608 0 ) 
3 108 115 (560 -47 0 ) (560 0 0 ) (560 0 -47 ) 
5 108 111 (560 -576 -512 ) (560 -576 0 ) (560 -47 0 ) (560 0 -47 ) (560 0 -340.756775 ) 
4 108 109 (560 -576 -512 ) (1024 -576 -512 ) (1024 -576 0 ) (560 -576 0 ) 
4 109 112 (560 -576 -512 ) (560 -608 -512 ) (560 -608 0 ) (560 -576 0 ) 
4 109 110 (1024 -608 0 ) (560 -608 0 ) (560 -608 -512 ) (1024 -608 -512 ) 
4 110 197 (1024 -1024 -512 ) (1024 -1024 -496 ) (560 -1024 -496 ) (560 -1024 -512 ) 
4 110 195 (1024 -1024 -496 ) (1024 -1024 -37.189178 ) (560 -1024 -37.189205 ) (560 -1024 -496 ) 
4 110 124 (560 -1024 -37.187500 ) (1024 -1024 -37.187508 ) (1024 -898.914734 0 ) (560 -898.914856 0 ) 
5 110 113 (560 -608 -512 ) (560 -1024 -512 ) (560 -1024 -37.185974 ) (560 -898.919922 0 ) (560 -608 0 ) 
3 111 137 (528 -152 105 ) (528 -64 17 ) (528 -152 40.374954 ) 
4 111 135 (528 -64 17 ) (528 -47 0 ) (528 -152 0 ) (528 -152 40.374954 ) 
4 111 119 (560 -175 128 ) (560 -164.062500 117.062485 ) (528 -164.062500 117.062485 ) (528 -175 128 ) 
4 111 118 (560 -137.863708 90.863693 ) (560 -111 64 ) (528 -111 64 ) (528 -137.863708 90.863693 ) 
4 111 116 (560 -164.062500 117.062485 ) (560 -137.863708 90.863693 ) (528 -137.863708 90.863693 ) (528 -164.062500 117.062485 ) 
4 111 115 (560 -64 17 ) (560 0 -47 ) (528 0 -47 ) (528 -64 17 ) 
4 111 114 (560 -242.230469 195.230469 ) (560 -175 128 ) (528 -175 128 ) (528 -242.230469 195.230469 ) 
4 111 112 (528 -576 -512 ) (560 -576 -512 ) (560 -576 96 ) (528 -576 96 ) 
4 112 122 (528 -576 96.001778 ) (528 -608 86.488258 ) (560 -608 86.488258 ) (560 -576 96.001778 ) 
4 112 113 (528 -608 -512 ) (560 -608 -512 ) (560 -608 86.486450 ) (528 -608 86.486450 ) 
4 113 197 (528 -1024 -496 ) (528 -1024 -512 ) (560 -1024 -512 ) (560 -1024 -496 ) 
4 113 195 (560 -1024 -37.189205 ) (528 -1024 -37.189209 ) (528 -1024 -496 ) (560 -1024 -496 ) 
4 113 166 (528 -1024 -512 ) (528 -1024 -37.189178 ) (528 -832 19.891891 ) (528 -832 -512 ) 
4 113 165 (528 -832 19.891891 ) (528 -608 86.486473 ) (528 -608 -512 ) (528 -832 -512 ) 
4 113 124 (528 -832 19.893616 ) (528 -1024 -37.187500 ) (560 -1024 -37.187500 ) (560 -832 19.893620 ) 
4 113 123 (528 -608 86.488258 ) (528 -832 19.893616 ) (560 -832 19.893620 ) (560 -608 86.488258 ) 
3 114 132 (528 -152 222.054016 ) (528 -50.884491 252.115372 ) (528 -152 151 ) 
4 114 120 (528 -64 239 ) (528 -50.882813 252.117188 ) (560 -50.882813 252.117188 ) (560 -64 239 ) 
4 114 119 (560 -175 128 ) (528 -175 128 ) (528 -111 192 ) (560 -111 192 ) 
4 115 135 (528 -47 0 ) (528 -64 17 ) (528 -34.212700 9.087742 ) (528 -25.124950 0 ) 
3 115 127 (528 0 0 ) (528 -25.124952 0 ) (528 -34.212700 9.087742 ) 
4 116 138 (528 -137.863708 90.863724 ) (528 -152 105 ) (528 -152 126.874962 ) (528 -133.272888 108.147865 ) 
4 116 125 (528 -152 129.124985 ) (528 -118.912994 162.211990 ) (528 -133.272888 108.147865 ) (528 -152 126.874962 ) 
4 116 119 (528 -164.062500 117.062500 ) (560 -164.062500 117.062500 ) (560 -118.912994 162.212006 ) (528 -118.912994 162.212006 ) 
4 116 118 (560 -137.862961 90.862968 ) (528 -137.862961 90.862968 ) (528 -128 128 ) (560 -128 128 ) 
7 117 126 (528 0 240 ) (528 0 16 ) (528 -55.998192 30.873220 ) (528 -97.124641 72 ) (528 -112 127.998795 ) (528 -97.123497 184.001495 ) (528 -56 225.124771 ) 
4 118 138 (528 -111 64 ) (528 -137.863708 90.863724 ) (528 -133.272888 108.147873 ) (528 -118.911644 93.786636 ) 
3 118 129 (528 -133.272888 108.147873 ) (528 -128 128.001740 ) (528 -118.911644 93.786636 ) 
4 119 133 (528 -152 151 ) (528 -111 192 ) (528 -118.912994 162.212006 ) (528 -152 129.125000 ) 
5 120 134 (528 -50.884491 252.115372 ) (528 -48.396526 252.855042 ) (528 -32.493977 248.631027 ) (528 -34.212814 246.912186 ) (528 -64 239 ) 
3 120 130 (528 -32.493977 248.631027 ) (528 -30.117899 248 ) (528 -34.212814 246.912186 ) 
4 120 121 (528 -30.117056 248 ) (528 -48.395348 252.855453 ) (560 -48.395348 252.855453 ) (560 -30.117054 248 ) 
4 121 134 (528 -48.396526 252.855042 ) (528 -37.818012 256 ) (528 -25.124985 256 ) (528 -32.493977 248.631012 ) 
4 121 131 (528 0 256 ) (528 -30.118904 248 ) (528 -32.493977 248.631012 ) (528 -25.124985 256 ) 
4 122 123 (528 -608 86.491333 ) (1024 -608 86.491371 ) (1024 -608 96 ) (528 -608 96 ) 
4 123 165 (528 -608 86.486473 ) (528 -832 19.891891 ) (528 -832 96 ) (528 -608 96 ) 
4 123 124 (528 -832 96 ) (528 -832 19.894531 ) (1024 -832 19.894531 ) (1024 -832 96 ) 
4 124 195 (1024 -1024 -37.189178 ) (1024 -1024 160 ) (528 -1024 160 ) (528 -1024 -37.189209 ) 
4 124 194 (1024 -1024 160 ) (1024 -1024 512 ) (528 -1024 512 ) (528 -1024 160 ) 
4 124 166 (528 -1024 -37.189178 ) (528 -1024 512 ) (528 -832 512 ) (528 -832 19.891891 ) 
4 125 147 (432 -133.272903 108.147858 ) (432 -152 126.874954 ) (432 -152 129.124985 ) (432 -118.913002 162.211975 ) 
4 125 138 (432 -152 126.875000 ) (432 -133.272888 108.147881 ) (528 -133.272888 108.147888 ) (528 -152 126.875000 ) 
4 125 133 (432 -118.913002 162.212006 ) (432 -152 129.125000 ) (528 -152 129.125000 ) (528 -118.912994 162.212006 ) 
4 125 129 (528 -133.271729 108.145744 ) (432 -133.271729 108.145744 ) (432 -127.998779 127.998917 ) (528 -127.998779 127.998917 ) 
7 126 148 (432 0 240 ) (432 0 16 ) (432 -55.998211 30.873230 ) (432 -97.124626 72 ) (432 -112 127.998787 ) (432 -97.123505 184.001465 ) (432 -56 225.124786 ) 
3 127 145 (432 0 0 ) (432 -25.124958 0 ) (432 -34.212708 9.087745 ) 
4 127 135 (432 -34.212757 9.087757 ) (432 -25.125000 0 ) (528 -25.125000 0 ) (528 -34.212757 9.087758 ) 
4 127 128 (512 -25.124956 0 ) (432 -25.124956 0 ) (432 0 0 ) (512 0 0 ) 
3 128 145 (432 0 0 ) (432 0 -25.124939 ) (432 -25.124958 0 ) 
4 128 136 (432 -25.125000 0 ) (432 0 -25.125000 ) (512 0 -25.125000 ) (512 -25.125000 0 ) 
3 129 149 (432 -118.911629 93.786598 ) (432 -133.272903 108.147858 ) (432 -128 128.001770 ) 
4 129 138 (432 -133.272888 108.147881 ) (432 -118.911636 93.786636 ) (528 -118.911636 93.786636 ) (528 -133.272888 108.147888 ) 
3 130 150 (432 -34.212791 246.912170 ) (432 -32.494125 248.630844 ) (432 -30.118256 248 ) 
4 130 134 (432 -32.494144 248.630859 ) (432 -34.212833 246.912170 ) (528 -34.212833 246.912170 ) (528 -32.494144 248.630859 ) 
4 130 131 (432 -30.117424 248 ) (432 -32.493748 248.631241 ) (528 -32.493748 248.631241 ) (528 -30.117420 248 ) 
4 131 150 (432 0 256 ) (432 -30.119293 248 ) (432 -32.494125 248.630844 ) (432 -25.124971 256 ) 
4 131 134 (432 -25.125004 256 ) (432 -32.494144 248.630859 ) (528 -32.494144 248.630859 ) (528 -25.125002 256 ) 
3 132 143 (432 -47 256 ) (432 -152 151 ) (432 -152 256 ) 
4 132 134 (432 -63.996174 239.001022 ) (432 -46.997032 256 ) (528 -46.997051 256 ) (528 -63.996223 239 ) 
4 132 133 (528 -152 150.998032 ) (432 -152 150.998032 ) (432 -111 191.996796 ) (528 -111 191.996811 ) 
4 133 152 (432 -118.912987 162.211990 ) (432 -152 129.124985 ) (432 -152 151 ) (432 -111 192 ) 
4 134 151 (432 -25.124971 256 ) (432 -34.212780 246.912186 ) (432 -64 239 ) (432 -47 256 ) 
4 135 145 (432 -64 17 ) (432 -34.212715 9.087746 ) (432 -25.124962 0 ) (432 -47 0 ) 
4 135 144 (432 -152 0 ) (432 -152 40.374969 ) (432 -64 17 ) (432 -47 0 ) 
4 135 137 (432 -64 17 ) (432 -152 40.375000 ) (528 -152 40.375000 ) (528 -64 17 ) 
4 135 136 (512 -152 0 ) (432 -152 0 ) (432 -25.124949 0 ) (512 -25.124949 0 ) 
4 136 159 (432 -152 -160 ) (432 0 -160 ) (512 0 -160 ) (512 -152 -160 ) 
4 136 156 (432 0 -48 ) (432 0 -160 ) (432 -152 -160 ) (432 -152 -48 ) 
4 136 145 (432 0 -25.124939 ) (432 0 -47 ) (432 -47 0 ) (432 -25.124962 0 ) 
5 136 144 (432 0 -47 ) (432 0 -48 ) (432 -152 -48 ) (432 -152 0 ) (432 -47 0 ) 
4 136 141 (432 -152 -48 ) (432 -152 -160 ) (496 -152 -160 ) (496 -152 -48 ) 
4 136 140 (496 -152 -160 ) (512 -152 -160 ) (512 -152 -48 ) (496 -152 -48 ) 
4 136 139 (432 -152 -24 ) (432 -152 -48 ) (512 -152 -48 ) (512 -152 -24 ) 
3 137 144 (432 -152 40.374969 ) (432 -152 105 ) (432 -64 17 ) 
4 137 138 (432 -111 64 ) (432 -152 105 ) (528 -152 105 ) (528 -111 64 ) 
4 138 149 (432 -133.272903 108.147850 ) (432 -118.911636 93.786591 ) (432 -111 64 ) (432 -137.863708 90.863708 ) 
4 138 147 (432 -152 105 ) (432 -152 126.874939 ) (432 -133.272903 108.147850 ) (432 -137.863708 90.863708 ) 
4 139 144 (432 -152 -24 ) (432 -152 -48 ) (432 -256 -48 ) (432 -256 -24 ) 
4 139 141 (432 -256 -48 ) (432 -152 -48 ) (496 -152 -48 ) (496 -256 -48 ) 
4 139 140 (496 -152 -48 ) (512 -152 -48 ) (512 -256 -48 ) (496 -256 -48 ) 
4 140 159 (496 -256 -160 ) (496 -152 -160 ) (512 -152 -160 ) (512 -256 -160 ) 
4 140 141 (496 -256 -48 ) (496 -152 -48 ) (496 -152 -160 ) (496 -256 -160 ) 
4 141 159 (432 -256 -160 ) (432 -152 -160 ) (496 -152 -160 ) (496 -256 -160 ) 
4 141 156 (432 -152 -160 ) (432 -256 -160 ) (432 -256 -48 ) (432 -152 -48 ) 
4 142 163 (432 -576 -160 ) (496 -576 -160 ) (496 -576 -48 ) (432 -576 -48 ) 
4 142 158 (432 -272 -160 ) (432 -576 -160 ) (432 -576 -48 ) (432 -272 -48 ) 
3 143 155 (400 -239.001587 64 ) (400 -256 47.001740 ) (400 -256 64 ) 
5 143 154 (400 0 544 ) (400 0 303 ) (400 -239.001587 64 ) (400 -256 64 ) (400 -256 544 ) 
4 143 153 (432 -256 544 ) (400 -256 544 ) (400 -256 64 ) (432 -256 64 ) 
4 143 152 (400 -175 128 ) (400 -111 192.001007 ) (432 -111 192.001022 ) (432 -175 128 ) 
4 143 151 (400 -64 239 ) (400 -37.137100 265.863007 ) (432 -37.137112 265.863007 ) (432 -64 239 ) 
4 143 146 (400 -37.137100 265.863007 ) (400 0 303 ) (432 0 303 ) (432 -37.137112 265.863007 ) 
4 143 144 (432 -256 47.001965 ) (400 -256 47.001965 ) (400 -175 128 ) (432 -175 128 ) 
4 144 156 (400 0 -48 ) (432 0 -48 ) (432 -256 -48 ) (400 -256 -48 ) 
6 144 155 (400 0 -47 ) (400 0 -48 ) (400 -256 -48 ) (400 -256 47.001740 ) (400 -239.001587 64 ) (400 -111 64 ) 
3 144 154 (400 -239.001587 64 ) (400 -175 128 ) (400 -111 64 ) 
4 144 152 (400 -164.062485 117.062485 ) (400 -174.998062 127.998062 ) (432 -174.998062 127.998062 ) (432 -164.062500 117.062500 ) 
4 144 149 (400 -111 64 ) (400 -137.863708 90.863708 ) (432 -137.863708 90.863708 ) (432 -111 64 ) 
4 144 147 (400 -137.863708 90.863708 ) (400 -164.062485 117.062485 ) (432 -164.062500 117.062500 ) (432 -137.863708 90.863708 ) 
4 144 145 (400 0 -47 ) (400 -64 17 ) (432 -64 17 ) (432 0 -47 ) 
3 145 155 (400 0 0 ) (400 0 -47 ) (400 -64 17 ) 
3 146 154 (400 0 303 ) (400 0 256 ) (400 -37.136795 265.862946 ) 
4 146 151 (432 -37.136719 265.863159 ) (400 -37.136719 265.863159 ) (400 -19.852301 261.272705 ) (432 -19.852299 261.272705 ) 
4 146 150 (400 -19.852301 261.272705 ) (400 0 256 ) (432 0 256 ) (432 -19.852299 261.272705 ) 
3 147 154 (400 -137.863708 90.863708 ) (400 -164.062485 117.062500 ) (400 -118.913002 162.211990 ) 
4 147 152 (400 -164.062500 117.062492 ) (432 -164.062500 117.062492 ) (432 -118.913002 162.211990 ) (400 -118.912994 162.211990 ) 
4 147 149 (432 -137.864334 90.864342 ) (400 -137.864334 90.864342 ) (400 -128 128.001282 ) (432 -128 128.001282 ) 
4 148 155 (400 0 64 ) (400 0 16 ) (400 -55.998188 30.873219 ) (400 -89.124985 64 ) 
7 148 154 (400 0 240 ) (400 0 64 ) (400 -89.124985 64 ) (400 -97.124641 72 ) (400 -112 127.998795 ) (400 -97.123505 184.001495 ) (400 -56 225.124756 ) 
3 149 154 (400 -111 64 ) (400 -137.863708 90.863708 ) (400 -128 128 ) 
3 150 154 (400 0 256 ) (400 -34.212822 246.912186 ) (400 -19.852491 261.272522 ) 
4 150 151 (432 -34.212799 246.912186 ) (432 -19.853502 261.271484 ) (400 -19.853504 261.271484 ) (400 -34.212811 246.912186 ) 
4 151 154 (400 -64 239 ) (400 -37.136795 265.862946 ) (400 -19.852491 261.272522 ) (400 -34.212822 246.912186 ) 
4 152 154 (400 -164.062485 117.062500 ) (400 -175 128 ) (400 -111 192 ) (400 -118.912987 162.212006 ) 
4 153 154 (400 -544 544 ) (400 -256 544 ) (400 -256 64 ) (400 -544 64 ) 
4 154 167 (0 0 544 ) (0 0 64 ) (0 -544 64 ) (0 -544 544 ) 
4 154 155 (400 0 64 ) (400 -256 64 ) (0 -256 64 ) (0 0 64 ) 
4 155 168 (0 0 64 ) (0 0 -48 ) (0 -256 -48 ) (0 -256 64 ) 
4 155 156 (32 0 -48 ) (400 0 -48 ) (400 -256 -48 ) (32 -256 -48 ) 
4 155 157 (0 0 -48 ) (32 0 -48 ) (32 -256 -48 ) (0 -256 -48 ) 
4 156 159 (32 0 -160 ) (432 0 -160 ) (432 -256 -160 ) (32 -256 -160 ) 
4 156 157 (32 0 -160 ) (32 -256 -160 ) (32 -256 -48 ) (32 0 -48 ) 
4 157 169 (0 0 -48 ) (0 0 -160 ) (0 -272 -160 ) (0 -272 -48 ) 
4 157 159 (0 -256 -160 ) (0 0 -160 ) (32 0 -160 ) (32 -256 -160 ) 
4 157 158 (0 -272 -160 ) (32 -272 -160 ) (32 -272 -48 ) (0 -272 -48 ) 
4 158 171 (0 -272 -160 ) (0 -576 -160 ) (0 -576 -48 ) (0 -272 -48 ) 
4 158 163 (0 -576 -48 ) (0 -576 -160 ) (432 -576 -160 ) (432 -576 -48 ) 
4 159 173 (0 0 -160 ) (0 0 -192 ) (0 -256 -192 ) (0 -256 -160 ) 
4 159 160 (0 -256 -192 ) (0 0 -192 ) (512 0 -192 ) (512 -256 -192 ) 
4 160 174 (0 0 -192 ) (0 0 -544 ) (0 -544 -544 ) (0 -544 -192 ) 
4 160 161 (512 -544 -544 ) (0 -544 -544 ) (0 0 -544 ) (512 0 -544 ) 
4 161 175 (0 0 -544 ) (0 0 -576 ) (0 -544 -576 ) (0 -544 -544 ) 
4 161 162 (512 -544 -576 ) (0 -544 -576 ) (0 0 -576 ) (512 0 -576 ) 
4 162 176 (0 0 -576 ) (0 0 -5440 ) (0 -544 -5440 ) (0 -544 -576 ) 
4 163 182 (0 -592 -48 ) (0 -576 -48 ) (0 -576 -160 ) (0 -592 -160 ) 
4 163 164 (224 -592 -160 ) (288 -592 -160 ) (288 -592 -48 ) (224 -592 -48 ) 
4 164 165 (288 -608 -48 ) (224 -608 -48 ) (224 -608 -160 ) (288 -608 -160 ) 
4 165 185 (0 -832 -512 ) (0 -832 96 ) (0 -608 96 ) (0 -608 -512 ) 
4 165 166 (0 -832 96 ) (0 -832 -512 ) (528 -832 -512 ) (528 -832 96 ) 
4 166 197 (528 -1024 -512 ) (528 -1024 -496 ) (0 -1024 -496 ) (0 -1024 -512 ) 
4 166 195 (528 -1024 -496 ) (528 -1024 160 ) (0 -1024 160 ) (0 -1024 -496 ) 
4 166 194 (528 -1024 160 ) (528 -1024 512 ) (0 -1024 512 ) (0 -1024 160 ) 
4 166 186 (0 -1024 -512 ) (0 -1024 512 ) (0 -832 512 ) (0 -832 -512 ) 
4 167 168 (-448 -256 64 ) (-448 0 64 ) (0 0 64 ) (0 -256 64 ) 
4 168 177 (-448 -96 -48 ) (-448 -192 -48 ) (-448 -192 -16 ) (-448 -96 -16 ) 
4 168 172 (-448 -256 -48 ) (-448 0 -48 ) (-432 0 -48 ) (-432 -256 -48 ) 
4 168 170 (-432 0 -48 ) (-32 0 -48 ) (-32 -256 -48 ) (-432 -256 -48 ) 
4 168 169 (-32 0 -48 ) (0 0 -48 ) (0 -256 -48 ) (-32 -256 -48 ) 
4 169 173 (-32 0 -160 ) (0 0 -160 ) (0 -256 -160 ) (-32 -256 -160 ) 
4 169 170 (-32 0 -160 ) (-32 -256 -160 ) (-32 -256 -48 ) (-32 0 -48 ) 
4 169 171 (-32 -272 -160 ) (0 -272 -160 ) (0 -272 -48 ) (-32 -272 -48 ) 
4 170 173 (-432 -256 -160 ) (-432 0 -160 ) (-32 0 -160 ) (-32 -256 -160 ) 
4 170 172 (-432 0 -160 ) (-432 -256 -160 ) (-432 -256 -48 ) (-432 0 -48 ) 
4 171 182 (0 -576 -160 ) (0 -576 -48 ) (-432 -576 -48 ) (-432 -576 -160 ) 
4 172 177 (-448 -192 -48 ) (-448 -96 -48 ) (-448 -96 -112 ) (-448 -192 -112 ) 
4 172 173 (-448 -256 -160 ) (-448 0 -160 ) (-432 0 -160 ) (-432 -256 -160 ) 
4 173 174 (-448 -256 -192 ) (-448 0 -192 ) (0 0 -192 ) (0 -256 -192 ) 
4 174 178 (-448 0 -224 ) (-448 0 -480 ) (-448 -224 -480 ) (-448 -224 -224 ) 
4 174 175 (0 -544 -544 ) (-448 -544 -544 ) (-448 0 -544 ) (0 0 -544 ) 
4 175 176 (0 -544 -576 ) (-448 -544 -576 ) (-448 0 -576 ) (0 0 -576 ) 
4 177 179 (-512 -96 -112 ) (-512 -192 -112 ) (-512 -192 -16 ) (-512 -96 -16 ) 
4 178 180 (-512 0 -224 ) (-512 0 -480 ) (-512 -224 -480 ) (-512 -224 -224 ) 
4 179 181 (-528 -192 -16 ) (-528 -96 -16 ) (-528 -96 -112 ) (-528 -192 -112 ) 
4 180 181 (-528 -256 -160 ) (-528 0 -160 ) (-528 0 -512 ) (-528 -256 -512 ) 
4 181 189 (-1024 -576 -512 ) (-1024 -576 160 ) (-1024 0 160 ) (-1024 0 -512 ) 
4 181 184 (-528 -576 -512 ) (-528 -576 96 ) (-1024 -576 96 ) (-1024 -576 -512 ) 
4 182 183 (-352 -592 -160 ) (-288 -592 -160 ) (-288 -592 -48 ) (-352 -592 -48 ) 
4 183 185 (-288 -608 -48 ) (-352 -608 -48 ) (-352 -608 -160 ) (-288 -608 -160 ) 
4 184 191 (-1024 -608 -512 ) (-1024 -608 96 ) (-1024 -576 96 ) (-1024 -576 -512 ) 
4 184 185 (-1024 -608 96 ) (-1024 -608 -512 ) (-528 -608 -512 ) (-528 -608 96 ) 
4 185 192 (-1024 -832 -512 ) (-1024 -832 96 ) (-1024 -608 96 ) (-1024 -608 -512 ) 
4 185 186 (0 -832 -512 ) (0 -832 96 ) (-1024 -832 96 ) (-1024 -832 -512 ) 
4 186 214 (0 -1024 -512 ) (0 -1024 -496 ) (-1024 -1024 -496 ) (-1024 -1024 -512 ) 
4 186 211 (-752 -1024 -392 ) (-880 -1024 -392 ) (-880 -1024 -496 ) (-752 -1024 -496 ) 
4 186 210 (0 -1024 -496 ) (0 -1024 -392 ) (-752 -1024 -392 ) (-752 -1024 -496 ) 
4 186 213 (-880 -1024 -392 ) (-1024 -1024 -392 ) (-1024 -1024 -496 ) (-880 -1024 -496 ) 
4 186 205 (-752 -1024 160 ) (-760 -1024 160 ) (-760 -1024 -392 ) (-752 -1024 -392 ) 
4 186 204 (0 -1024 -392 ) (0 -1024 160 ) (-752 -1024 160 ) (-752 -1024 -392 ) 
4 186 207 (-760 -1024 160 ) (-1024 -1024 160 ) (-1024 -1024 -392 ) (-760 -1024 -392 ) 
4 186 203 (0 -1024 160 ) (0 -1024 512 ) (-1024 -1024 512 ) (-1024 -1024 160 ) 
4 186 192 (-1024 -1024 -512 ) (-1024 -1024 96 ) (-1024 -832 96 ) (-1024 -832 -512 ) 
4 186 190 (-1024 -1024 96 ) (-1024 -1024 512 ) (-1024 -832 512 ) (-1024 -832 96 ) 
4 187 188 (-1040 592 160 ) (-1040 592 -312 ) (-1024 592 -312 ) (-1024 592 160 ) 
4 188 189 (-1024 0 -512 ) (-1024 0 160 ) (-1040 0 160 ) (-1040 0 -512 ) 
4 189 191 (-1024 -576 -512 ) (-1024 -576 96 ) (-1040 -576 96 ) (-1040 -576 -512 ) 
4 190 223 (-1024 -1024 96 ) (-1024 -1024 160 ) (-1664 -1024 160 ) (-1664 -1024 96 ) 
4 190 222 (-1024 -1024 160 ) (-1024 -1024 512 ) (-1664 -1024 512 ) (-1664 -1024 160 ) 
4 190 193 (-1040 -1024 96 ) (-1664 -1024 96 ) (-1664 -832 96 ) (-1040 -832 96 ) 
4 190 192 (-1024 -1024 96 ) (-1040 -1024 96 ) (-1040 -832 96 ) (-1024 -832 96 ) 
4 191 192 (-1040 -608 96 ) (-1040 -608 -512 ) (-1024 -608 -512 ) (-1024 -608 96 ) 
4 192 223 (-1024 -1024 -512 ) (-1024 -1024 96 ) (-1040 -1024 96 ) (-1040 -1024 -512 ) 
4 192 193 (-1040 -608 -512 ) (-1040 -1024 -512 ) (-1040 -1024 96 ) (-1040 -608 96 ) 
4 193 223 (-1040 -1024 96 ) (-1664 -1024 96 ) (-1664 -1024 -512 ) (-1040 -1024 -512 ) 
4 194 203 (0 -1024 512 ) (0 -1024 160 ) (0 -1775 160 ) (0 -1775 512 ) 
4 194 195 (0 -1536 160 ) (0 -1024 160 ) (1024 -1024 160 ) (1024 -1536 160 ) 
4 195 210 (0 -1024 -392 ) (0 -1024 -496 ) (0 -1536 -496 ) (0 -1536 -392 ) 
4 195 208 (0 -1440 -392 ) (0 -1536 -392 ) (0 -1536 160 ) (0 -1440 160 ) 
4 195 204 (0 -1024 160 ) (0 -1024 -392 ) (0 -1440 -392 ) (0 -1440 160 ) 
4 195 197 (0 -1072 -496 ) (0 -1024 -496 ) (1024 -1024 -496 ) (1024 -1072 -496 ) 
4 195 196 (0 -1536 -496 ) (1024 -1536 -496 ) (1024 -1536 64 ) (0 -1536 64 ) 
4 196 210 (0 -1536 -496 ) (0 -1552 -496 ) (0 -1552 -392 ) (0 -1536 -392 ) 
4 196 209 (0 -1552 -392 ) (0 -1552 64 ) (0 -1536 64 ) (0 -1536 -392 ) 
4 196 198 (1024 -1552 -496 ) (1024 -1552 64 ) (0 -1552 64 ) (0 -1552 -496 ) 
4 197 214 (0 -1024 -496 ) (0 -1024 -576 ) (0 -1072 -576 ) (0 -1072 -496 ) 
4 197 200 (0 -1072 -576 ) (0 -1024 -576 ) (1024 -1024 -576 ) (1024 -1072 -576 ) 
4 198 216 (0 -1552 -496 ) (0 -1552 -512 ) (0 -1744 -512 ) (0 -1744 -496 ) 
4 198 210 (0 -1552 -392 ) (0 -1552 -496 ) (0 -1744 -496 ) (0 -1744 -392 ) 
4 198 209 (0 -1552 64 ) (0 -1552 -392 ) (0 -1744 -392 ) (0 -1744 64 ) 
4 198 199 (0 -1600 -512 ) (0 -1552 -512 ) (1024 -1552 -512 ) (1024 -1600 -512 ) 
4 199 217 (0 -1552 -576 ) (0 -1600 -576 ) (0 -1600 -512 ) (0 -1552 -512 ) 
4 199 201 (0 -1600 -576 ) (0 -1552 -576 ) (1024 -1552 -576 ) (1024 -1600 -576 ) 
4 200 218 (0 -1024 -576 ) (0 -1024 -608 ) (0 -1072 -608 ) (0 -1072 -576 ) 
4 200 202 (0 -1072 -608 ) (0 -1024 -608 ) (1024 -1024 -608 ) (1024 -1072 -608 ) 
4 201 220 (0 -1552 -608 ) (0 -1600 -608 ) (0 -1600 -576 ) (0 -1552 -576 ) 
4 201 202 (1024 -1600 -608 ) (0 -1600 -608 ) (0 -1552 -608 ) (1024 -1552 -608 ) 
4 202 221 (0 -1024 -608 ) (0 -1024 -960 ) (0 -1600 -960 ) (0 -1600 -608 ) 
4 203 222 (-1024 -1024 512 ) (-1024 -1024 160 ) (-1024 -1775 160 ) (-1024 -1775 512 ) 
4 203 208 (-1024 -1536 160 ) (-1024 -1440 160 ) (0 -1440 160 ) (0 -1536 160 ) 
4 203 206 (-752 -1184 160 ) (-752 -1440 160 ) (-760 -1440 160 ) (-760 -1184 160 ) 
4 203 205 (-760 -1024 160 ) (-752 -1024 160 ) (-752 -1184 160 ) (-760 -1184 160 ) 
4 203 204 (-752 -1024 160 ) (0 -1024 160 ) (0 -1440 160 ) (-752 -1440 160 ) 
4 203 207 (-1024 -1440 160 ) (-1024 -1024 160 ) (-760 -1024 160 ) (-760 -1440 160 ) 
4 204 210 (-752 -1024 -392 ) (0 -1024 -392 ) (0 -1440 -392 ) (-752 -1440 -392 ) 
4 204 208 (-752 -1440 -392 ) (0 -1440 -392 ) (0 -1440 160 ) (-752 -1440 160 ) 
4 204 206 (-752 -1440 -272 ) (-752 -1440 160 ) (-752 -1184 160 ) (-752 -1184 -272 ) 
4 204 205 (-752 -1024 -392 ) (-752 -1184 -392 ) (-752 -1184 160 ) (-752 -1024 160 ) 
4 205 211 (-760 -1024 -392 ) (-752 -1024 -392 ) (-752 -1120 -392 ) (-760 -1120 -392 ) 
4 205 206 (-760 -1184 160 ) (-760 -1184 -272 ) (-752 -1184 -272 ) (-752 -1184 160 ) 
4 205 207 (-760 -1024 -392 ) (-760 -1184 -392 ) (-760 -1184 160 ) (-760 -1024 160 ) 
4 206 208 (-752 -1440 -272 ) (-752 -1440 160 ) (-760 -1440 160 ) (-760 -1440 -272 ) 
4 206 207 (-760 -1440 -272 ) (-760 -1440 160 ) (-760 -1184 160 ) (-760 -1184 -272 ) 
4 207 223 (-1024 -1024 160 ) (-1024 -1024 -392 ) (-1024 -1440 -392 ) (-1024 -1440 160 ) 
4 207 211 (-880 -1024 -392 ) (-760 -1024 -392 ) (-760 -1120 -392 ) (-880 -1120 -392 ) 
4 207 213 (-1024 -1440 -392 ) (-1024 -1024 -392 ) (-880 -1024 -392 ) (-880 -1440 -392 ) 
4 207 208 (-1024 -1440 -392 ) (-760 -1440 -392 ) (-760 -1440 160 ) (-1024 -1440 160 ) 
4 208 223 (-1024 -1440 -392 ) (-1024 -1536 -392 ) (-1024 -1536 160 ) (-1024 -1440 160 ) 
4 208 212 (-752 -1504 -392 ) (-752 -1536 -392 ) (-880 -1536 -392 ) (-880 -1504 -392 ) 
4 208 210 (-752 -1440 -392 ) (0 -1440 -392 ) (0 -1536 -392 ) (-752 -1536 -392 ) 
4 208 213 (-1024 -1536 -392 ) (-1024 -1440 -392 ) (-880 -1440 -392 ) (-880 -1536 -392 ) 
4 208 209 (-1024 -1536 -392 ) (0 -1536 -392 ) (0 -1536 64 ) (-1024 -1536 64 ) 
4 209 224 (-1024 -1536 -392 ) (-1024 -1744 -392 ) (-1024 -1744 64 ) (-1024 -1536 64 ) 
4 209 212 (-752 -1744 -392 ) (-880 -1744 -392 ) (-880 -1536 -392 ) (-752 -1536 -392 ) 
4 209 210 (0 -1744 -392 ) (-752 -1744 -392 ) (-752 -1536 -392 ) (0 -1536 -392 ) 
4 209 213 (-880 -1744 -392 ) (-1024 -1744 -392 ) (-1024 -1536 -392 ) (-880 -1536 -392 ) 
4 210 216 (0 -1552 -496 ) (0 -1744 -496 ) (-752 -1744 -496 ) (-752 -1552 -496 ) 
4 210 214 (-752 -1024 -496 ) (0 -1024 -496 ) (0 -1072 -496 ) (-752 -1072 -496 ) 
4 210 211 (-752 -1024 -496 ) (-752 -1120 -496 ) (-752 -1120 -392 ) (-752 -1024 -392 ) 
4 210 212 (-752 -1504 -496 ) (-752 -1744 -496 ) (-752 -1744 -392 ) (-752 -1504 -392 ) 
4 211 214 (-880 -1024 -496 ) (-752 -1024 -496 ) (-752 -1072 -496 ) (-880 -1072 -496 ) 
4 211 213 (-880 -1024 -496 ) (-880 -1120 -496 ) (-880 -1120 -392 ) (-880 -1024 -392 ) 
4 212 216 (-752 -1552 -496 ) (-752 -1744 -496 ) (-880 -1744 -496 ) (-880 -1552 -496 ) 
4 212 213 (-880 -1504 -496 ) (-880 -1744 -496 ) (-880 -1744 -392 ) (-880 -1504 -392 ) 
4 213 224 (-1024 -1536 -496 ) (-1024 -1744 -496 ) (-1024 -1744 -392 ) (-1024 -1536 -392 ) 
4 213 223 (-1024 -1024 -392 ) (-1024 -1024 -496 ) (-1024 -1536 -496 ) (-1024 -1536 -392 ) 
4 213 216 (-880 -1552 -496 ) (-880 -1744 -496 ) (-1024 -1744 -496 ) (-1024 -1552 -496 ) 
4 213 215 (-880 -1072 -496 ) (-880 -1552 -496 ) (-1024 -1552 -496 ) (-1024 -1072 -496 ) 
4 213 214 (-1024 -1024 -496 ) (-880 -1024 -496 ) (-880 -1072 -496 ) (-1024 -1072 -496 ) 
4 214 225 (-1024 -1024 -512 ) (-1024 -1024 -576 ) (-1024 -1072 -576 ) (-1024 -1072 -512 ) 
4 214 223 (-1024 -1024 -496 ) (-1024 -1024 -512 ) (-1024 -1072 -512 ) (-1024 -1072 -496 ) 
4 214 218 (-1024 -1024 -576 ) (0 -1024 -576 ) (0 -1072 -576 ) (-1024 -1072 -576 ) 
4 214 215 (-1024 -1072 -576 ) (-880 -1072 -576 ) (-880 -1072 -496 ) (-1024 -1072 -496 ) 
4 215 225 (-1024 -1072 -576 ) (-1024 -1552 -576 ) (-1024 -1552 -512 ) (-1024 -1072 -512 ) 
4 215 224 (-1024 -1552 -512 ) (-1024 -1552 -496 ) (-1024 -1536 -496 ) (-1024 -1536 -512 ) 
4 215 223 (-1024 -1536 -496 ) (-1024 -1072 -496 ) (-1024 -1072 -512 ) (-1024 -1536 -512 ) 
4 215 219 (-880 -1552 -576 ) (-1024 -1552 -576 ) (-1024 -1072 -576 ) (-880 -1072 -576 ) 
4 215 217 (-1024 -1552 -576 ) (-880 -1552 -576 ) (-880 -1552 -512 ) (-1024 -1552 -512 ) 
4 215 216 (-880 -1552 -512 ) (-880 -1552 -496 ) (-1024 -1552 -496 ) (-1024 -1552 -512 ) 
4 216 224 (-1024 -1744 -496 ) (-1024 -1552 -496 ) (-1024 -1552 -512 ) (-1024 -1744 -512 ) 
4 216 217 (-1024 -1552 -512 ) (0 -1552 -512 ) (0 -1600 -512 ) (-1024 -1600 -512 ) 
4 217 225 (-1024 -1552 -576 ) (-1024 -1600 -576 ) (-1024 -1600 -512 ) (-1024 -1552 -512 ) 
4 217 220 (0 -1552 -576 ) (0 -1600 -576 ) (-1024 -1600 -576 ) (-1024 -1552 -576 ) 
4 218 226 (-1024 -1024 -576 ) (-1024 -1024 -608 ) (-1024 -1072 -608 ) (-1024 -1072 -576 ) 
4 218 221 (-1024 -1072 -608 ) (-1024 -1024 -608 ) (0 -1024 -608 ) (0 -1072 -608 ) 
4 218 219 (-1024 -1072 -608 ) (-880 -1072 -608 ) (-880 -1072 -576 ) (-1024 -1072 -576 ) 
4 219 226 (-1024 -1072 -608 ) (-1024 -1552 -608 ) (-1024 -1552 -576 ) (-1024 -1072 -576 ) 
4 219 221 (-1024 -1552 -608 ) (-1024 -1072 -608 ) (-880 -1072 -608 ) (-880 -1552 -608 ) 
4 219 220 (-1024 -1552 -608 ) (-880 -1552 -608 ) (-880 -1552 -576 ) (-1024 -1552 -576 ) 
4 220 226 (-1024 -1552 -608 ) (-1024 -1600 -608 ) (-1024 -1600 -576 ) (-1024 -1552 -576 ) 
4 220 221 (0 -1600 -608 ) (-1024 -1600 -608 ) (-1024 -1552 -608 ) (0 -1552 -608 ) 
4 221 226 (-1024 -1024 -608 ) (-1024 -1024 -960 ) (-1024 -1600 -960 ) (-1024 -1600 -608 ) 
4 222 223 (-1664 -1536 160 ) (-1664 -1024 160 ) (-1024 -1024 160 ) (-1024 -1536 160 ) 
4 223 225 (-1664 -1536 -512 ) (-1664 -1024 -512 ) (-1024 -1024 -512 ) (-1024 -1536 -512 ) 
4 223 224 (-1664 -1536 -512 ) (-1024 -1536 -512 ) (-1024 -1536 64 ) (-1664 -1536 64 ) 
4 224 225 (-1664 -1600 -512 ) (-1664 -1536 -512 ) (-1024 -1536 -512 ) (-1024 -1600 -512 ) 
4 225 226 (-1664 -1600 -576 ) (-1664 -1024 -576 ) (-1024 -1024 -576 ) (-1024 -1600 -576 ) 
