PRT1
199
568
4 0 4 (1024 416 1984 ) (1024 992 1984 ) (1024 992 1376 ) (1024 416 1376 ) 
4 0 1 (1024 416 1376 ) (1200 416 1376 ) (1200 416 1520 ) (1024 416 1520 ) 
4 1 2 (1024 384 1376 ) (1200 384 1376 ) (1200 384 1520 ) (1024 384 1520 ) 
4 2 39 (1280 0 1376 ) (1280 0 1592 ) (1024 0 1592 ) (1024 0 1376 ) 
4 2 7 (1024 0 1376 ) (1024 0 1576 ) (1024 384 1576 ) (1024 384 1376 ) 
4 2 6 (1024 0 1576 ) (1024 0 1592 ) (1024 384 1592 ) (1024 384 1576 ) 
4 3 40 (1280 0 1024 ) (1280 0 1344 ) (1024 0 1344 ) (1024 0 1024 ) 
4 3 12 (1024 0 1024 ) (1024 0 1344 ) (1024 384 1344 ) (1024 384 1024 ) 
4 3 9 (1024 384 1344 ) (1024 992 1344 ) (1024 992 1024 ) (1024 384 1024 ) 
4 4 13 (528 992 1376 ) (528 592 1376 ) (528 592 1600 ) (528 992 1600 ) 
4 4 10 (760 992 1376 ) (992 992 1376 ) (992 880 1376 ) (760 880 1376 ) 
4 4 5 (944 416 1384 ) (944 416 1576 ) (704 416 1576 ) (704 416 1384 ) 
4 5 8 (928 384 1576 ) (704 384 1576 ) (704 384 1384 ) (928 384 1384 ) 
4 6 79 (1024 0 1576 ) (1024 0 1592 ) (944 0 1592 ) (944 0 1576 ) 
4 6 7 (944 384 1576 ) (1024 384 1576 ) (1024 0 1576 ) (944 0 1576 ) 
4 7 80 (1024 0 1376 ) (1024 0 1576 ) (944 0 1576 ) (944 0 1376 ) 
4 8 81 (928 0 1576 ) (528 0 1576 ) (528 0 1376 ) (928 0 1376 ) 
4 8 15 (528 0 1384 ) (528 0 1576 ) (528 122 1576 ) (528 122 1384 ) 
4 9 12 (992 384 1024 ) (1024 384 1024 ) (1024 384 1344 ) (992 384 1344 ) 
4 9 10 (992 992 1344 ) (992 992 1024 ) (992 880 1024 ) (992 880 1344 ) 
4 10 11 (760 992 1344 ) (760 992 1024 ) (760 880 1024 ) (760 880 1344 ) 
4 12 84 (1024 0 1024 ) (1024 0 1344 ) (528 0 1344 ) (528 0 1024 ) 
4 12 16 (528 0 1056 ) (528 0 1248 ) (528 6 1248 ) (528 6 1056 ) 
4 13 14 (512 992 1376 ) (512 592 1376 ) (512 592 1600 ) (512 992 1600 ) 
4 14 23 (0 592 1376 ) (0 592 1600 ) (0 1008 1600 ) (0 1008 1376 ) 
4 14 19 (0 592 1600 ) (0 592 1376 ) (160 592 1376 ) (160 592 1600 ) 
4 15 85 (528 0 1384 ) (528 0 1576 ) (512 0 1576 ) (512 0 1384 ) 
4 15 17 (512 122 1384 ) (512 0 1384 ) (512 0 1576 ) (512 122 1576 ) 
4 16 86 (528 0 1056 ) (528 0 1248 ) (512 0 1248 ) (512 0 1056 ) 
4 16 22 (512 6 1056 ) (512 0 1056 ) (512 0 1248 ) (512 6 1248 ) 
4 17 87 (512 0 1376 ) (512 0 2080 ) (160 0 2080 ) (160 0 1376 ) 
4 17 21 (512 416 1376 ) (512 0 1376 ) (160 0 1376 ) (160 416 1376 ) 
4 17 20 (160 416 1376 ) (160 0 1376 ) (160 0 2080 ) (160 416 2080 ) 
4 18 26 (0 416 2080 ) (0 592 2080 ) (0 592 1920 ) (0 416 1920 ) 
4 18 20 (160 416 1920 ) (160 416 2080 ) (0 416 2080 ) (0 416 1920 ) 
4 19 27 (0 592 1600 ) (0 592 1376 ) (0 416 1376 ) (0 416 1600 ) 
4 19 20 (0 416 1376 ) (160 416 1376 ) (160 416 1600 ) (0 416 1600 ) 
4 20 87 (160 0 2080 ) (0 0 2080 ) (0 0 1376 ) (160 0 1376 ) 
4 20 29 (0 0 1376 ) (0 0 2080 ) (0 416 2080 ) (0 416 1376 ) 
4 20 21 (0 0 1376 ) (0 416 1376 ) (160 416 1376 ) (160 0 1376 ) 
4 21 87 (512 0 1344 ) (512 0 1376 ) (0 0 1376 ) (0 0 1344 ) 
4 21 29 (0 0 1344 ) (0 0 1376 ) (0 416 1376 ) (0 416 1344 ) 
4 21 22 (0 0 1344 ) (0 416 1344 ) (512 416 1344 ) (512 0 1344 ) 
4 22 87 (512 0 -3904 ) (512 0 1344 ) (0 0 1344 ) (0 0 -3904 ) 
4 22 30 (0 0 -3904 ) (0 0 768 ) (0 576 768 ) (0 576 -3904 ) 
4 22 29 (0 0 768 ) (0 0 1344 ) (0 416 1344 ) (0 416 768 ) 
4 22 28 (0 416 1344 ) (0 576 1344 ) (0 576 768 ) (0 416 768 ) 
4 23 27 (0 592 1376 ) (0 592 1600 ) (-160 592 1600 ) (-160 592 1376 ) 
4 23 25 (-528 592 1376 ) (-528 592 1600 ) (-528 1008 1600 ) (-528 1008 1376 ) 
4 23 24 (-192 592 1376 ) (-528 592 1376 ) (-528 1008 1376 ) (-192 1008 1376 ) 
4 24 25 (-528 592 1224 ) (-528 592 1376 ) (-528 1008 1376 ) (-528 1008 1224 ) 
4 25 33 (-1024 592 1224 ) (-1024 592 1696 ) (-1024 1008 1696 ) (-1024 1008 1224 ) 
4 25 32 (-1024 592 1696 ) (-1024 592 1224 ) (-528 592 1224 ) (-528 592 1696 ) 
4 26 29 (0 416 1920 ) (0 416 2080 ) (-160 416 2080 ) (-160 416 1920 ) 
4 27 29 (-160 416 1376 ) (0 416 1376 ) (0 416 1600 ) (-160 416 1600 ) 
4 28 30 (-448 576 768 ) (0 576 768 ) (0 416 768 ) (-448 416 768 ) 
4 28 29 (-448 416 768 ) (0 416 768 ) (0 416 1344 ) (-448 416 1344 ) 
4 29 112 (0 0 768 ) (0 0 2080 ) (-448 0 2080 ) (-448 0 768 ) 
4 29 30 (-448 416 768 ) (0 416 768 ) (0 0 768 ) (-448 0 768 ) 
4 30 112 (0 0 -3904 ) (0 0 768 ) (-448 0 768 ) (-448 0 -3904 ) 
4 31 116 (-512 0 1024 ) (-512 0 1376 ) (-528 0 1376 ) (-528 0 1024 ) 
4 31 32 (-528 32 1024 ) (-528 0 1024 ) (-528 0 1376 ) (-528 32 1376 ) 
4 32 117 (-528 0 1024 ) (-528 0 1696 ) (-1024 0 1696 ) (-1024 0 1024 ) 
5 32 34 (-1024 0 1024 ) (-1024 0 1696 ) (-1024 592 1696 ) (-1024 592 1220.153809 ) (-1024 184 1024 ) 
4 33 34 (-1040 592 1696 ) (-1040 592 1224 ) (-1024 592 1224 ) (-1024 592 1696 ) 
4 34 183 (-1024 0 1024 ) (-1024 0 1696 ) (-1040 0 1696 ) (-1040 0 1024 ) 
4 35 47 (2176 -1024 1024 ) (2176 -1024 1632 ) (2112 -1024 1632 ) (2112 -1024 1024 ) 
4 35 37 (2112 -992 1024 ) (2112 -1024 1024 ) (2112 -1024 1632 ) (2112 -992 1632 ) 
4 36 43 (2048 -962.801025 1248 ) (2048 -962.801025 1632 ) (2048 -608 1632 ) (2048 -608 1248 ) 
4 36 37 (2112 -962.801025 1248 ) (2112 -962.801025 1632 ) (2048 -962.801025 1632 ) (2048 -962.801025 1248 ) 
4 37 47 (2112 -1024 1632 ) (2048 -1024 1632 ) (2048 -1024 1024 ) (2112 -1024 1024 ) 
4 37 44 (2048 -962.801025 1024 ) (2048 -1024 1024 ) (2048 -1024 1248 ) (2048 -962.801025 1248 ) 
4 37 43 (2048 -1024 1248 ) (2048 -1024 1632 ) (2048 -962.801025 1632 ) (2048 -962.801025 1248 ) 
4 38 78 (1024 -104 1592 ) (1024 -576 1592 ) (1024 -576 1984 ) (1024 -104 1984 ) 
4 38 41 (1216 -576 1632 ) (1024 -576 1632 ) (1024 -576 1592 ) (1216 -576 1592 ) 
4 38 39 (1280 -104 1592 ) (1280 -576 1592 ) (1024 -576 1592 ) (1024 -104 1592 ) 
4 39 82 (1024 -88 1376 ) (1024 -576 1376 ) (1024 -576 1592 ) (1024 -88 1592 ) 
4 39 80 (1024 0 1576 ) (1024 0 1376 ) (1024 -88 1376 ) (1024 -88 1576 ) 
4 39 79 (1024 0 1592 ) (1024 0 1576 ) (1024 -88 1576 ) (1024 -88 1592 ) 
4 39 41 (1216 -576 1592 ) (1024 -576 1592 ) (1024 -576 1376 ) (1216 -576 1376 ) 
4 40 84 (1024 0 1344 ) (1024 0 1024 ) (1024 -576 1024 ) (1024 -576 1344 ) 
4 40 42 (1024 -576 1280 ) (1024 -576 1024 ) (1216 -576 1024 ) (1216 -576 1280 ) 
4 41 88 (1024 -576 1632 ) (1024 -576 1376 ) (1024 -608 1376 ) (1024 -608 1632 ) 
4 41 43 (1216 -608 1376 ) (1216 -608 1632 ) (1024 -608 1632 ) (1024 -608 1376 ) 
4 42 100 (1024 -576 1280 ) (1024 -576 1024 ) (1024 -608 1024 ) (1024 -608 1280 ) 
4 42 45 (1024 -608 1024 ) (1216 -608 1024 ) (1216 -608 1248 ) (1024 -608 1248 ) 
4 42 43 (1216 -608 1248 ) (1216 -608 1280 ) (1024 -608 1280 ) (1024 -608 1248 ) 
4 43 101 (1024 -1024 1248 ) (1024 -1024 1376 ) (1024 -608 1376 ) (1024 -608 1248 ) 
4 43 99 (1024 -1024 1376 ) (1024 -1024 1632 ) (1024 -938 1632 ) (1024 -938 1376 ) 
4 43 93 (1024 -934 1476 ) (1024 -934 1376 ) (1024 -938 1376 ) (1024 -938 1476 ) 
4 43 91 (1024 -938 1632 ) (1024 -934 1632 ) (1024 -934 1476 ) (1024 -938 1476 ) 
4 43 88 (1024 -934 1632 ) (1024 -608 1632 ) (1024 -608 1376 ) (1024 -934 1376 ) 
4 43 54 (2048 -1024 1248 ) (2048 -1024 1632 ) (1024 -1024 1632 ) (1024 -1024 1248 ) 
4 43 44 (2048 -1024 1248 ) (1570.800171 -1024 1248 ) (1570.800171 -962.801025 1248 ) (2048 -962.801025 1248 ) 
4 43 45 (1570.800171 -1024 1248 ) (1024 -1024 1248 ) (1024 -608 1248 ) (1570.800171 -608 1248 ) 
4 44 54 (2048 -1024 1024 ) (2048 -1024 1248 ) (1570.800171 -1024 1248 ) (1570.800171 -1024 1024 ) 
4 44 45 (1570.800171 -1024 1248 ) (1570.800171 -962.801025 1248 ) (1570.800171 -962.801025 1024 ) (1570.800171 -1024 1024 ) 
4 45 101 (1024 -1024 1024 ) (1024 -1024 1248 ) (1024 -608 1248 ) (1024 -608 1024 ) 
4 45 54 (1570.800171 -1024 1248 ) (1024 -1024 1248 ) (1024 -1024 1024 ) (1570.800171 -1024 1024 ) 
3 46 53 (2048 -1056 1632 ) (2048 -1216 1632 ) (2048 -1216 1792 ) 
4 46 49 (2048 -1216 1696 ) (2048 -1216 1632 ) (2176 -1216 1632 ) (2176 -1216 1696 ) 
4 46 48 (2048 -1216 1792 ) (2048 -1216 1696 ) (2176 -1216 1696 ) (2176 -1216 1792 ) 
4 46 47 (2176 -1216 1632 ) (2048 -1216 1632 ) (2048 -1056 1632 ) (2176 -1056 1632 ) 
4 47 54 (2048 -1024 1632 ) (2048 -1024 1024 ) (2048 -1216 1024 ) (2048 -1216 1632 ) 
4 47 49 (2048 -1216 1632 ) (2048 -1216 1024 ) (2176 -1216 1024 ) (2176 -1216 1632 ) 
4 48 74 (2048 -2048 2048 ) (2048 -2048 1696 ) (2176 -2048 1696 ) (2176 -2048 2048 ) 
4 48 65 (2048 -2048 1696 ) (2048 -2048 2048 ) (2048 -1920 2048 ) (2048 -1920 1696 ) 
4 48 61 (2048 -1920 2048 ) (2048 -1456 2048 ) (2048 -1456 1696 ) (2048 -1920 1696 ) 
4 48 55 (2048 -1456 2048 ) (2048 -1216 2048 ) (2048 -1216 1696 ) (2048 -1456 1696 ) 
4 48 49 (2048 -1216 1696 ) (2176 -1216 1696 ) (2176 -1920 1696 ) (2048 -1920 1696 ) 
4 49 67 (2048 -1456 1024 ) (2048 -1920 1024 ) (2048 -1920 1040 ) (2048 -1456 1040 ) 
4 49 61 (2048 -1920 1040 ) (2048 -1920 1696 ) (2048 -1456 1696 ) (2048 -1456 1040 ) 
4 49 55 (2048 -1216 1024 ) (2048 -1456 1024 ) (2048 -1456 1696 ) (2048 -1216 1696 ) 
4 49 51 (2176 -1408 1024 ) (2176 -1920 1024 ) (2048 -1920 1024 ) (2048 -1408 1024 ) 
4 49 50 (2048 -1920 1024 ) (2176 -1920 1024 ) (2176 -1920 1600 ) (2048 -1920 1600 ) 
4 50 75 (2048 -2048 1600 ) (2048 -2048 1024 ) (2176 -2048 1024 ) (2176 -2048 1600 ) 
4 50 69 (2048 -1984 1024 ) (2048 -2048 1024 ) (2048 -2048 1040 ) (2048 -1984 1040 ) 
4 50 68 (2048 -1936 1024 ) (2048 -1984 1024 ) (2048 -1984 1040 ) (2048 -1936 1040 ) 
4 50 67 (2048 -1920 1024 ) (2048 -1936 1024 ) (2048 -1936 1040 ) (2048 -1920 1040 ) 
4 50 66 (2048 -2048 1040 ) (2048 -2048 1600 ) (2048 -1920 1600 ) (2048 -1920 1040 ) 
4 50 51 (2176 -1920 1024 ) (2176 -1984 1024 ) (2048 -1984 1024 ) (2048 -1920 1024 ) 
4 51 68 (2048 -1936 960 ) (2048 -1984 960 ) (2048 -1984 1024 ) (2048 -1936 1024 ) 
4 51 67 (2048 -1456 960 ) (2048 -1936 960 ) (2048 -1936 1024 ) (2048 -1456 1024 ) 
4 51 60 (2048 -1408 960 ) (2048 -1456 960 ) (2048 -1456 1024 ) (2048 -1408 1024 ) 
4 51 52 (2048 -1984 960 ) (2048 -1408 960 ) (2176 -1408 960 ) (2176 -1984 960 ) 
4 52 73 (2048 -1984 576 ) (2048 -1984 928 ) (2048 -1408 928 ) (2048 -1408 576 ) 
4 52 71 (2048 -1936 960 ) (2048 -1456 960 ) (2048 -1456 928 ) (2048 -1936 928 ) 
4 52 70 (2048 -1456 960 ) (2048 -1408 960 ) (2048 -1408 928 ) (2048 -1456 928 ) 
4 52 72 (2048 -1984 928 ) (2048 -1984 960 ) (2048 -1936 960 ) (2048 -1936 928 ) 
3 53 138 (1024 -1056 1632 ) (1024 -1216 1632 ) (1024 -1216 1792 ) 
4 53 56 (1360 -1216 1632 ) (1616 -1216 1632 ) (1616 -1216 1792 ) (1360 -1216 1792 ) 
4 53 55 (1616 -1216 1632 ) (2048 -1216 1632 ) (2048 -1216 1792 ) (1616 -1216 1792 ) 
4 53 59 (1024 -1216 1792 ) (1024 -1216 1632 ) (1360 -1216 1632 ) (1360 -1216 1792 ) 
4 53 54 (2048 -1216 1632 ) (1024 -1216 1632 ) (1024 -1056 1632 ) (2048 -1056 1632 ) 
4 54 150 (1024 -1024 1128 ) (1024 -1024 1024 ) (1024 -1216 1024 ) (1024 -1216 1128 ) 
4 54 140 (1024 -1024 1232 ) (1024 -1024 1128 ) (1024 -1216 1128 ) (1024 -1216 1232 ) 
4 54 139 (1024 -1024 1632 ) (1024 -1024 1232 ) (1024 -1216 1232 ) (1024 -1216 1632 ) 
4 54 56 (1360 -1216 1024 ) (1616 -1216 1024 ) (1616 -1216 1632 ) (1360 -1216 1632 ) 
4 54 55 (1616 -1216 1024 ) (2048 -1216 1024 ) (2048 -1216 1632 ) (1616 -1216 1632 ) 
4 54 59 (1024 -1216 1632 ) (1024 -1216 1024 ) (1360 -1216 1024 ) (1360 -1216 1632 ) 
4 55 67 (1728 -1456 1024 ) (2048 -1456 1024 ) (2048 -1456 1040 ) (1728 -1456 1040 ) 
4 55 62 (1728 -1456 2048 ) (1616 -1456 2048 ) (1616 -1456 1040 ) (1728 -1456 1040 ) 
4 55 61 (2048 -1456 1040 ) (2048 -1456 2048 ) (1728 -1456 2048 ) (1728 -1456 1040 ) 
4 55 60 (2048 -1456 1024 ) (1616 -1456 1024 ) (1616 -1408 1024 ) (2048 -1408 1024 ) 
4 55 57 (1616 -1352 2048 ) (1616 -1256 2048 ) (1616 -1256 1128 ) (1616 -1352 1128 ) 
4 55 56 (1616 -1256 2048 ) (1616 -1216 2048 ) (1616 -1216 1024 ) (1616 -1256 1024 ) 
4 55 58 (1616 -1456 2048 ) (1616 -1352 2048 ) (1616 -1352 1024 ) (1616 -1456 1024 ) 
4 56 57 (1360 -1256 2048 ) (1360 -1256 1128 ) (1616 -1256 1128 ) (1616 -1256 2048 ) 
4 56 59 (1360 -1256 2048 ) (1360 -1216 2048 ) (1360 -1216 1024 ) (1360 -1256 1024 ) 
4 57 59 (1360 -1352 2048 ) (1360 -1256 2048 ) (1360 -1256 1128 ) (1360 -1352 1128 ) 
4 57 58 (1360 -1352 2048 ) (1360 -1352 1128 ) (1616 -1352 1128 ) (1616 -1352 2048 ) 
4 58 62 (1616 -1456 1040 ) (1616 -1456 2048 ) (1440 -1456 2048 ) (1440 -1456 1040 ) 
4 58 64 (1440 -1456 2048 ) (1360 -1456 2048 ) (1360 -1456 1040 ) (1440 -1456 1040 ) 
4 58 60 (1616 -1456 1024 ) (1360 -1456 1024 ) (1360 -1408 1024 ) (1616 -1408 1024 ) 
4 58 59 (1360 -1456 2048 ) (1360 -1352 2048 ) (1360 -1352 1024 ) (1360 -1456 1024 ) 
4 59 150 (1024 -1216 1128 ) (1024 -1216 1024 ) (1024 -1456 1024 ) (1024 -1456 1128 ) 
4 59 146 (1024 -1216 1232 ) (1024 -1216 1128 ) (1024 -1456 1128 ) (1024 -1456 1232 ) 
4 59 144 (1024 -1216 1696 ) (1024 -1216 1232 ) (1024 -1456 1232 ) (1024 -1456 1696 ) 
4 59 143 (1024 -1216 2048 ) (1024 -1216 1696 ) (1024 -1456 1696 ) (1024 -1456 2048 ) 
4 59 64 (1024 -1456 2048 ) (1024 -1456 1040 ) (1360 -1456 1040 ) (1360 -1456 2048 ) 
4 59 60 (1360 -1456 1024 ) (1024 -1456 1024 ) (1024 -1408 1024 ) (1360 -1408 1024 ) 
4 60 154 (1024 -1408 960 ) (1024 -1456 960 ) (1024 -1456 1024 ) (1024 -1408 1024 ) 
4 60 70 (2048 -1408 960 ) (2048 -1456 960 ) (1024 -1456 960 ) (1024 -1408 960 ) 
4 60 67 (1728 -1456 960 ) (2048 -1456 960 ) (2048 -1456 1024 ) (1728 -1456 1024 ) 
4 61 67 (1728 -1456 1040 ) (2048 -1456 1040 ) (2048 -1920 1040 ) (1728 -1920 1040 ) 
4 61 66 (1728 -1920 1040 ) (2048 -1920 1040 ) (2048 -1920 1600 ) (1728 -1920 1600 ) 
4 61 65 (2048 -1920 1696 ) (2048 -1920 2048 ) (1728 -1920 2048 ) (1728 -1920 1696 ) 
4 61 63 (1728 -1920 1392 ) (1728 -1920 2048 ) (1728 -1472 2048 ) (1728 -1472 1392 ) 
4 61 62 (1728 -1456 1040 ) (1728 -1472 1040 ) (1728 -1472 2048 ) (1728 -1456 2048 ) 
4 62 63 (1440 -1472 2048 ) (1440 -1472 1392 ) (1728 -1472 1392 ) (1728 -1472 2048 ) 
4 62 64 (1440 -1456 1040 ) (1440 -1472 1040 ) (1440 -1472 2048 ) (1440 -1456 2048 ) 
4 63 66 (1728 -1920 1392 ) (1728 -1920 1600 ) (1440 -1920 1600 ) (1440 -1920 1392 ) 
4 63 65 (1728 -1920 1696 ) (1728 -1920 2048 ) (1440 -1920 2048 ) (1440 -1920 1696 ) 
4 63 64 (1440 -1920 1392 ) (1440 -1920 2048 ) (1440 -1472 2048 ) (1440 -1472 1392 ) 
4 64 155 (1024 -1456 1128 ) (1024 -1456 1040 ) (1024 -1920 1040 ) (1024 -1920 1128 ) 
4 64 146 (1024 -1456 1232 ) (1024 -1456 1128 ) (1024 -1920 1128 ) (1024 -1920 1232 ) 
4 64 144 (1024 -1456 1696 ) (1024 -1456 1232 ) (1024 -1920 1232 ) (1024 -1920 1696 ) 
4 64 143 (1024 -1456 2048 ) (1024 -1456 1696 ) (1024 -1920 1696 ) (1024 -1920 2048 ) 
4 64 66 (1024 -1920 1600 ) (1024 -1920 1040 ) (1440 -1920 1040 ) (1440 -1920 1600 ) 
4 64 65 (1024 -1920 2048 ) (1024 -1920 1696 ) (1440 -1920 1696 ) (1440 -1920 2048 ) 
4 65 143 (1024 -2048 1696 ) (1024 -2048 2048 ) (1024 -1920 2048 ) (1024 -1920 1696 ) 
4 65 76 (2048 -2048 1696 ) (2048 -2048 2048 ) (1024 -2048 2048 ) (1024 -2048 1696 ) 
4 66 157 (1024 -2048 1040 ) (1024 -2048 1128 ) (1024 -1984 1128 ) (1024 -1984 1040 ) 
4 66 156 (1024 -1984 1128 ) (1024 -1936 1128 ) (1024 -1936 1040 ) (1024 -1984 1040 ) 
4 66 155 (1024 -1936 1128 ) (1024 -1920 1128 ) (1024 -1920 1040 ) (1024 -1936 1040 ) 
4 66 146 (1024 -2048 1128 ) (1024 -2048 1232 ) (1024 -1920 1232 ) (1024 -1920 1128 ) 
4 66 145 (1024 -2048 1232 ) (1024 -2048 1600 ) (1024 -1920 1600 ) (1024 -1920 1232 ) 
4 66 77 (2048 -2048 1040 ) (2048 -2048 1600 ) (1024 -2048 1600 ) (1024 -2048 1040 ) 
4 66 69 (2048 -1984 1040 ) (2048 -2048 1040 ) (1024 -2048 1040 ) (1024 -1984 1040 ) 
4 66 68 (2048 -1936 1040 ) (2048 -1984 1040 ) (1024 -1984 1040 ) (1024 -1936 1040 ) 
4 66 67 (2048 -1920 1040 ) (2048 -1936 1040 ) (1728 -1936 1040 ) (1728 -1920 1040 ) 
4 67 71 (2048 -1456 960 ) (2048 -1936 960 ) (1728 -1936 960 ) (1728 -1456 960 ) 
4 67 68 (1728 -1936 960 ) (2048 -1936 960 ) (2048 -1936 1040 ) (1728 -1936 1040 ) 
4 68 156 (1024 -1984 1040 ) (1024 -1936 1040 ) (1024 -1936 960 ) (1024 -1984 960 ) 
4 68 72 (2048 -1936 960 ) (2048 -1984 960 ) (1024 -1984 960 ) (1024 -1936 960 ) 
4 68 69 (2048 -1984 1024 ) (2048 -1984 1040 ) (1024 -1984 1040 ) (1024 -1984 1024 ) 
4 69 157 (1024 -2048 1024 ) (1024 -2048 1040 ) (1024 -1984 1040 ) (1024 -1984 1024 ) 
4 69 77 (2048 -2048 1024 ) (2048 -2048 1040 ) (1024 -2048 1040 ) (1024 -2048 1024 ) 
4 70 158 (1024 -1456 960 ) (1024 -1408 960 ) (1024 -1408 928 ) (1024 -1456 928 ) 
4 70 73 (1024 -1456 928 ) (1024 -1408 928 ) (2048 -1408 928 ) (2048 -1456 928 ) 
4 70 71 (1728 -1456 928 ) (2048 -1456 928 ) (2048 -1456 960 ) (1728 -1456 960 ) 
4 71 73 (1728 -1456 928 ) (2048 -1456 928 ) (2048 -1936 928 ) (1728 -1936 928 ) 
4 71 72 (1728 -1936 928 ) (2048 -1936 928 ) (2048 -1936 960 ) (1728 -1936 960 ) 
4 72 159 (1024 -1984 928 ) (1024 -1984 960 ) (1024 -1936 960 ) (1024 -1936 928 ) 
4 72 73 (2048 -1984 928 ) (1024 -1984 928 ) (1024 -1936 928 ) (2048 -1936 928 ) 
4 73 160 (1024 -1984 576 ) (1024 -1984 928 ) (1024 -1408 928 ) (1024 -1408 576 ) 
4 74 76 (2048 -2048 2048 ) (2048 -2048 1696 ) (2048 -2159 1696 ) (2048 -2159 2048 ) 
4 75 77 (2048 -2048 1600 ) (2048 -2048 1024 ) (2048 -2128 1024 ) (2048 -2128 1600 ) 
4 76 193 (1024 -2048 2048 ) (1024 -2048 1696 ) (1024 -2159 1696 ) (1024 -2159 2048 ) 
4 77 194 (1024 -2048 1600 ) (1024 -2048 1024 ) (1024 -2128 1024 ) (1024 -2128 1600 ) 
4 78 88 (1024 -576 1592 ) (1024 -576 1632 ) (576 -576 1632 ) (576 -576 1592 ) 
4 78 83 (944 -576 1592 ) (528 -576 1592 ) (528 -104 1592 ) (944 -104 1592 ) 
4 78 82 (1024 -576 1592 ) (944 -576 1592 ) (944 -104 1592 ) (1024 -104 1592 ) 
4 79 82 (1024 -88 1576 ) (1024 -88 1592 ) (944 -88 1592 ) (944 -88 1576 ) 
4 79 80 (1024 -88 1576 ) (944 -88 1576 ) (944 0 1576 ) (1024 0 1576 ) 
4 80 82 (944 -88 1376 ) (1024 -88 1376 ) (1024 -88 1576 ) (944 -88 1576 ) 
4 81 85 (528 0 1576 ) (528 0 1384 ) (528 -88 1384 ) (528 -88 1576 ) 
4 82 88 (1024 -576 1376 ) (1024 -576 1592 ) (944 -576 1592 ) (944 -576 1376 ) 
4 82 83 (944 -104 1376 ) (944 -576 1376 ) (944 -576 1592 ) (944 -104 1592 ) 
4 83 88 (944 -576 1592 ) (576 -576 1592 ) (576 -576 1376 ) (944 -576 1376 ) 
4 83 85 (528 -106 1576 ) (528 -104 1576 ) (528 -104 1384 ) (528 -106 1384 ) 
4 84 100 (1024 -576 1024 ) (1024 -576 1280 ) (576 -576 1280 ) (576 -576 1024 ) 
4 84 86 (528 0 1248 ) (528 0 1056 ) (528 -222 1056 ) (528 -222 1248 ) 
4 85 87 (512 -106 1576 ) (512 0 1576 ) (512 0 1384 ) (512 -106 1384 ) 
4 86 87 (512 -222 1248 ) (512 0 1248 ) (512 0 1056 ) (512 -222 1056 ) 
4 87 112 (0 0 2080 ) (0 0 -3904 ) (0 -544 -3904 ) (0 -544 2080 ) 
4 88 101 (1024 -608 1376 ) (1024 -934 1376 ) (576 -934 1376 ) (576 -608 1376 ) 
4 88 93 (576 -934 1376 ) (1024 -934 1376 ) (1024 -934 1476 ) (576 -934 1476 ) 
4 88 91 (1024 -934 1476 ) (1024 -934 1632 ) (576 -934 1632 ) (576 -934 1476 ) 
4 88 89 (576 -608 1376 ) (576 -934 1376 ) (576 -934 1632 ) (576 -608 1632 ) 
4 89 102 (576 -608 1376 ) (576 -934 1376 ) (500 -934 1376 ) (500 -608 1376 ) 
4 89 93 (500 -934 1376 ) (576 -934 1376 ) (576 -934 1476 ) (500 -934 1476 ) 
4 89 91 (576 -934 1476 ) (576 -934 1632 ) (500 -934 1632 ) (500 -934 1476 ) 
4 90 118 (0 -580 1376 ) (0 -934 1376 ) (0 -934 1632 ) (0 -580 1632 ) 
4 90 98 (0 -934 1476 ) (0 -934 1408 ) (24 -934 1408 ) (24 -934 1476 ) 
4 90 97 (40 -934 1376 ) (88 -934 1376 ) (88 -934 1476 ) (40 -934 1476 ) 
4 90 96 (264 -934 1408 ) (264 -934 1476 ) (104 -934 1476 ) (104 -934 1408 ) 
4 90 95 (280 -934 1376 ) (328 -934 1376 ) (328 -934 1476 ) (280 -934 1476 ) 
4 90 94 (480 -934 1408 ) (480 -934 1476 ) (344 -934 1476 ) (344 -934 1408 ) 
4 90 92 (0 -934 1632 ) (0 -934 1630 ) (496 -934 1630 ) (496 -934 1632 ) 
4 91 99 (1024 -938 1476 ) (1024 -938 1632 ) (500 -938 1632 ) (500 -938 1476 ) 
4 91 93 (1024 -938 1476 ) (500 -938 1476 ) (500 -934 1476 ) (1024 -934 1476 ) 
4 92 121 (0 -934 1632 ) (0 -934 1630 ) (0 -938 1630 ) (0 -938 1632 ) 
4 92 99 (496 -938 1632 ) (0 -938 1632 ) (0 -938 1630 ) (496 -938 1630 ) 
4 93 102 (500 -934 1376 ) (576 -934 1376 ) (576 -938 1376 ) (500 -938 1376 ) 
4 93 101 (576 -934 1376 ) (1024 -934 1376 ) (1024 -938 1376 ) (576 -938 1376 ) 
4 93 99 (500 -938 1376 ) (1024 -938 1376 ) (1024 -938 1476 ) (500 -938 1476 ) 
4 94 99 (480 -938 1408 ) (480 -938 1476 ) (344 -938 1476 ) (344 -938 1408 ) 
4 95 99 (280 -938 1376 ) (328 -938 1376 ) (328 -938 1476 ) (280 -938 1476 ) 
4 96 99 (264 -938 1408 ) (264 -938 1476 ) (104 -938 1476 ) (104 -938 1408 ) 
4 97 99 (40 -938 1376 ) (88 -938 1376 ) (88 -938 1476 ) (40 -938 1476 ) 
4 98 123 (0 -934 1476 ) (0 -934 1408 ) (0 -938 1408 ) (0 -938 1476 ) 
4 98 99 (24 -938 1408 ) (24 -938 1476 ) (0 -938 1476 ) (0 -938 1408 ) 
4 99 139 (1024 -1024 1376 ) (1024 -1024 1632 ) (0 -1024 1632 ) (0 -1024 1376 ) 
4 99 128 (0 -1024 1376 ) (0 -1024 1632 ) (0 -938 1632 ) (0 -938 1376 ) 
4 99 103 (0 -1024 1376 ) (0 -938 1376 ) (500 -938 1376 ) (500 -1024 1376 ) 
4 99 102 (500 -938 1376 ) (576 -938 1376 ) (576 -1024 1376 ) (500 -1024 1376 ) 
4 99 101 (576 -938 1376 ) (1024 -938 1376 ) (1024 -1024 1376 ) (576 -1024 1376 ) 
4 100 101 (576 -608 1280 ) (576 -608 1024 ) (1024 -608 1024 ) (1024 -608 1280 ) 
4 101 151 (592 -1024 1128 ) (576 -1024 1128 ) (576 -1024 1024 ) (592 -1024 1024 ) 
4 101 150 (1024 -1024 1024 ) (1024 -1024 1128 ) (592 -1024 1128 ) (592 -1024 1024 ) 
4 101 140 (1024 -1024 1128 ) (1024 -1024 1232 ) (576 -1024 1232 ) (576 -1024 1128 ) 
4 101 139 (1024 -1024 1232 ) (1024 -1024 1376 ) (576 -1024 1376 ) (576 -1024 1232 ) 
4 101 102 (576 -608 1024 ) (576 -1024 1024 ) (576 -1024 1376 ) (576 -608 1376 ) 
4 102 151 (500 -1024 1128 ) (500 -1024 1024 ) (576 -1024 1024 ) (576 -1024 1128 ) 
4 102 140 (500 -1024 1232 ) (500 -1024 1128 ) (576 -1024 1128 ) (576 -1024 1232 ) 
4 102 139 (576 -1024 1376 ) (500 -1024 1376 ) (500 -1024 1232 ) (576 -1024 1232 ) 
4 102 108 (500 -608 1024 ) (500 -1024 1024 ) (500 -1024 1128 ) (500 -608 1128 ) 
4 102 104 (500 -1024 1128 ) (500 -1024 1344 ) (500 -608 1344 ) (500 -608 1128 ) 
4 102 103 (500 -1024 1344 ) (500 -1024 1376 ) (500 -938 1376 ) (500 -938 1344 ) 
4 103 139 (500 -1024 1376 ) (0 -1024 1376 ) (0 -1024 1344 ) (500 -1024 1344 ) 
4 103 130 (0 -1024 1344 ) (0 -1024 1376 ) (0 -938 1376 ) (0 -938 1344 ) 
4 103 106 (232 -938 1344 ) (328 -938 1344 ) (328 -1024 1344 ) (232 -1024 1344 ) 
4 103 104 (328 -938 1344 ) (500 -938 1344 ) (500 -1024 1344 ) (328 -1024 1344 ) 
4 103 107 (0 -1024 1344 ) (0 -938 1344 ) (232 -938 1344 ) (232 -1024 1344 ) 
4 104 140 (328 -1024 1128 ) (500 -1024 1128 ) (500 -1024 1232 ) (328 -1024 1232 ) 
4 104 139 (500 -1024 1232 ) (500 -1024 1344 ) (328 -1024 1344 ) (328 -1024 1232 ) 
4 104 108 (500 -608 1128 ) (500 -1024 1128 ) (328 -1024 1128 ) (328 -608 1128 ) 
4 104 106 (328 -1024 1232 ) (328 -1024 1344 ) (328 -776 1344 ) (328 -776 1232 ) 
4 104 105 (328 -608 1344 ) (328 -608 1128 ) (328 -776 1128 ) (328 -776 1344 ) 
4 105 109 (232 -768 1128 ) (232 -608 1128 ) (328 -608 1128 ) (328 -768 1128 ) 
4 105 106 (232 -776 1344 ) (232 -776 1232 ) (328 -776 1232 ) (328 -776 1344 ) 
4 105 107 (232 -608 1344 ) (232 -608 1128 ) (232 -776 1128 ) (232 -776 1344 ) 
4 106 139 (328 -1024 1232 ) (328 -1024 1344 ) (232 -1024 1344 ) (232 -1024 1232 ) 
4 106 107 (232 -1024 1232 ) (232 -1024 1344 ) (232 -776 1344 ) (232 -776 1232 ) 
4 107 142 (0 -1024 1232 ) (0 -1024 1128 ) (232 -1024 1128 ) (232 -1024 1232 ) 
4 107 139 (0 -1024 1344 ) (0 -1024 1232 ) (232 -1024 1232 ) (232 -1024 1344 ) 
4 107 132 (0 -864 1344 ) (0 -608 1344 ) (0 -608 1232 ) (0 -864 1232 ) 
4 107 133 (0 -1024 1128 ) (0 -1024 1344 ) (0 -864 1344 ) (0 -864 1128 ) 
4 107 111 (64 -1024 1128 ) (0 -1024 1128 ) (0 -864 1128 ) (64 -864 1128 ) 
4 107 110 (232 -1024 1128 ) (64 -1024 1128 ) (64 -608 1128 ) (232 -608 1128 ) 
4 108 151 (336 -1024 1024 ) (500 -1024 1024 ) (500 -1024 1128 ) (336 -1024 1128 ) 
4 108 153 (328 -1024 1024 ) (336 -1024 1024 ) (336 -1024 1128 ) (328 -1024 1128 ) 
4 108 109 (328 -608 1128 ) (328 -608 1024 ) (328 -768 1024 ) (328 -768 1128 ) 
4 109 110 (232 -608 1128 ) (232 -608 1024 ) (232 -768 1024 ) (232 -768 1128 ) 
4 110 153 (64 -1024 1024 ) (232 -1024 1024 ) (232 -1024 1128 ) (64 -1024 1128 ) 
4 110 111 (64 -864 1024 ) (64 -1024 1024 ) (64 -1024 1128 ) (64 -864 1128 ) 
4 111 153 (0 -1024 1128 ) (0 -1024 1024 ) (64 -1024 1024 ) (64 -1024 1128 ) 
4 111 137 (0 -1024 1024 ) (0 -1024 1128 ) (0 -864 1128 ) (0 -864 1024 ) 
4 112 114 (-448 0 1312 ) (-448 0 1056 ) (-448 -224 1056 ) (-448 -224 1312 ) 
4 112 113 (-448 -96 1424 ) (-448 -192 1424 ) (-448 -192 1520 ) (-448 -96 1520 ) 
4 113 115 (-512 -96 1424 ) (-512 -192 1424 ) (-512 -192 1520 ) (-512 -96 1520 ) 
4 114 116 (-512 0 1312 ) (-512 0 1056 ) (-512 -224 1056 ) (-512 -224 1312 ) 
4 115 117 (-528 -192 1520 ) (-528 -96 1520 ) (-528 -96 1424 ) (-528 -192 1424 ) 
4 116 117 (-528 -256 1376 ) (-528 0 1376 ) (-528 0 1024 ) (-528 -256 1024 ) 
4 117 183 (-1024 0 1696 ) (-1024 0 1024 ) (-1024 -576 1024 ) (-1024 -576 1696 ) 
4 117 129 (-528 -576 1024 ) (-528 -576 1376 ) (-1024 -576 1376 ) (-1024 -576 1024 ) 
4 117 120 (-528 -576 1376 ) (-528 -576 1632 ) (-1024 -576 1632 ) (-1024 -576 1376 ) 
4 118 126 (-288 -934 1408 ) (-288 -934 1476 ) (-368 -934 1476 ) (-368 -934 1408 ) 
4 118 125 (-272 -934 1376 ) (-224 -934 1376 ) (-224 -934 1476 ) (-272 -934 1476 ) 
4 118 124 (-72 -934 1408 ) (-72 -934 1476 ) (-208 -934 1476 ) (-208 -934 1408 ) 
4 118 123 (0 -934 1408 ) (0 -934 1476 ) (-56 -934 1476 ) (-56 -934 1408 ) 
4 118 121 (0 -934 1630 ) (0 -934 1632 ) (-432 -934 1632 ) (-432 -934 1630 ) 
4 119 131 (-436 -608 1376 ) (-436 -934 1376 ) (-528 -934 1376 ) (-528 -608 1376 ) 
4 119 127 (-528 -934 1376 ) (-436 -934 1376 ) (-436 -934 1476 ) (-528 -934 1476 ) 
4 119 122 (-436 -934 1476 ) (-436 -934 1632 ) (-528 -934 1632 ) (-528 -934 1476 ) 
4 119 120 (-528 -608 1376 ) (-528 -934 1376 ) (-528 -934 1632 ) (-528 -608 1632 ) 
4 120 184 (-1024 -576 1632 ) (-1024 -576 1376 ) (-1024 -934 1376 ) (-1024 -934 1632 ) 
4 120 131 (-1024 -934 1376 ) (-1024 -608 1376 ) (-528 -608 1376 ) (-528 -934 1376 ) 
4 120 129 (-1024 -608 1376 ) (-1024 -576 1376 ) (-528 -576 1376 ) (-528 -608 1376 ) 
4 120 127 (-1024 -934 1476 ) (-1024 -934 1376 ) (-528 -934 1376 ) (-528 -934 1476 ) 
4 120 122 (-1024 -934 1632 ) (-1024 -934 1476 ) (-528 -934 1476 ) (-528 -934 1632 ) 
4 121 128 (0 -938 1630 ) (0 -938 1632 ) (-432 -938 1632 ) (-432 -938 1630 ) 
4 122 184 (-1024 -934 1632 ) (-1024 -934 1476 ) (-1024 -938 1476 ) (-1024 -938 1632 ) 
4 122 128 (-436 -938 1632 ) (-1024 -938 1632 ) (-1024 -938 1476 ) (-436 -938 1476 ) 
4 122 127 (-436 -938 1476 ) (-1024 -938 1476 ) (-1024 -934 1476 ) (-436 -934 1476 ) 
4 123 128 (0 -938 1408 ) (0 -938 1476 ) (-56 -938 1476 ) (-56 -938 1408 ) 
4 124 128 (-72 -938 1408 ) (-72 -938 1476 ) (-208 -938 1476 ) (-208 -938 1408 ) 
4 125 128 (-272 -938 1376 ) (-224 -938 1376 ) (-224 -938 1476 ) (-272 -938 1476 ) 
4 126 128 (-288 -938 1408 ) (-288 -938 1476 ) (-368 -938 1476 ) (-368 -938 1408 ) 
4 127 184 (-1024 -934 1476 ) (-1024 -934 1376 ) (-1024 -938 1376 ) (-1024 -938 1476 ) 
4 127 131 (-1024 -938 1376 ) (-1024 -934 1376 ) (-436 -934 1376 ) (-436 -938 1376 ) 
4 127 128 (-1024 -938 1376 ) (-436 -938 1376 ) (-436 -938 1476 ) (-1024 -938 1476 ) 
4 128 184 (-1024 -1024 1376 ) (-1024 -1024 1632 ) (-1024 -938 1632 ) (-1024 -938 1376 ) 
4 128 162 (0 -1024 1376 ) (0 -1024 1632 ) (-1024 -1024 1632 ) (-1024 -1024 1376 ) 
4 128 130 (0 -1024 1376 ) (-436 -1024 1376 ) (-436 -938 1376 ) (0 -938 1376 ) 
4 128 131 (-436 -1024 1376 ) (-1024 -1024 1376 ) (-1024 -938 1376 ) (-436 -938 1376 ) 
4 129 184 (-1024 -608 1024 ) (-1024 -608 1376 ) (-1024 -576 1376 ) (-1024 -576 1024 ) 
4 129 136 (-528 -608 1024 ) (-528 -608 1128 ) (-1024 -608 1128 ) (-1024 -608 1024 ) 
4 129 134 (-528 -608 1128 ) (-528 -608 1344 ) (-1024 -608 1344 ) (-1024 -608 1128 ) 
4 129 131 (-528 -608 1344 ) (-528 -608 1376 ) (-1024 -608 1376 ) (-1024 -608 1344 ) 
4 130 162 (0 -1024 1344 ) (0 -1024 1376 ) (-436 -1024 1376 ) (-436 -1024 1344 ) 
4 130 133 (0 -938 1344 ) (0 -1024 1344 ) (-96 -1024 1344 ) (-96 -938 1344 ) 
4 130 134 (-96 -1024 1344 ) (-436 -1024 1344 ) (-436 -938 1344 ) (-96 -938 1344 ) 
4 130 131 (-436 -938 1344 ) (-436 -1024 1344 ) (-436 -1024 1376 ) (-436 -938 1376 ) 
4 131 184 (-1024 -1024 1344 ) (-1024 -1024 1376 ) (-1024 -608 1376 ) (-1024 -608 1344 ) 
4 131 162 (-436 -1024 1376 ) (-1024 -1024 1376 ) (-1024 -1024 1344 ) (-436 -1024 1344 ) 
4 131 134 (-1024 -608 1344 ) (-436 -608 1344 ) (-436 -1024 1344 ) (-1024 -1024 1344 ) 
4 132 133 (-96 -864 1344 ) (-96 -864 1232 ) (0 -864 1232 ) (0 -864 1344 ) 
4 132 134 (-96 -864 1232 ) (-96 -864 1344 ) (-96 -608 1344 ) (-96 -608 1232 ) 
4 133 170 (0 -1024 1128 ) (0 -1024 1144 ) (-96 -1024 1144 ) (-96 -1024 1128 ) 
4 133 162 (0 -1024 1144 ) (0 -1024 1344 ) (-96 -1024 1344 ) (-96 -1024 1144 ) 
4 133 137 (0 -1024 1128 ) (-96 -1024 1128 ) (-96 -864 1128 ) (0 -864 1128 ) 
4 133 134 (-96 -864 1128 ) (-96 -1024 1128 ) (-96 -1024 1344 ) (-96 -864 1344 ) 
4 134 184 (-1024 -1024 1128 ) (-1024 -1024 1344 ) (-1024 -608 1344 ) (-1024 -608 1128 ) 
4 134 171 (-880 -1024 1128 ) (-752 -1024 1128 ) (-752 -1024 1144 ) (-880 -1024 1144 ) 
4 134 170 (-752 -1024 1128 ) (-96 -1024 1128 ) (-96 -1024 1144 ) (-752 -1024 1144 ) 
4 134 173 (-1024 -1024 1144 ) (-1024 -1024 1128 ) (-880 -1024 1128 ) (-880 -1024 1144 ) 
4 134 162 (-96 -1024 1344 ) (-1024 -1024 1344 ) (-1024 -1024 1144 ) (-96 -1024 1144 ) 
4 134 136 (-1024 -864 1128 ) (-1024 -608 1128 ) (-140.600006 -608 1128 ) (-140.600006 -864 1128 ) 
4 134 137 (-96 -1024 1128 ) (-1024 -1024 1128 ) (-1024 -864 1128 ) (-96 -864 1128 ) 
4 135 137 (-44.599998 -864 1024 ) (-32 -864 1024 ) (-32 -864 1128 ) (-44.599998 -864 1128 ) 
4 136 184 (-1024 -864 1128 ) (-1024 -608 1128 ) (-1024 -608 1024 ) (-1024 -864 1024 ) 
4 136 137 (-1024 -864 1024 ) (-140.600006 -864 1024 ) (-140.600006 -864 1128 ) (-1024 -864 1128 ) 
4 137 184 (-1024 -1024 1024 ) (-1024 -1024 1128 ) (-1024 -864 1128 ) (-1024 -864 1024 ) 
4 137 174 (0 -1024 1024 ) (0 -1024 1040 ) (-1024 -1024 1040 ) (-1024 -1024 1024 ) 
4 137 171 (-752 -1024 1128 ) (-880 -1024 1128 ) (-880 -1024 1040 ) (-752 -1024 1040 ) 
4 137 170 (0 -1024 1040 ) (0 -1024 1128 ) (-752 -1024 1128 ) (-752 -1024 1040 ) 
4 137 173 (-880 -1024 1128 ) (-1024 -1024 1128 ) (-1024 -1024 1040 ) (-880 -1024 1040 ) 
3 138 161 (0 -1056 1632 ) (0 -1216 1632 ) (0 -1216 1792 ) 
4 138 144 (1024 -1216 1632 ) (1024 -1216 1696 ) (0 -1216 1696 ) (0 -1216 1632 ) 
4 138 143 (1024 -1216 1696 ) (1024 -1216 1792 ) (0 -1216 1792 ) (0 -1216 1696 ) 
4 138 139 (1024 -1216 1632 ) (0 -1216 1632 ) (0 -1056 1632 ) (1024 -1056 1632 ) 
4 139 162 (0 -1024 1632 ) (0 -1024 1232 ) (0 -1216 1232 ) (0 -1216 1632 ) 
4 139 144 (1024 -1216 1232 ) (1024 -1216 1632 ) (0 -1216 1632 ) (0 -1216 1232 ) 
4 139 141 (328 -1216 1232 ) (232 -1216 1232 ) (232 -1032 1232 ) (328 -1032 1232 ) 
4 139 140 (1024 -1216 1232 ) (328 -1216 1232 ) (328 -1024 1232 ) (1024 -1024 1232 ) 
4 139 142 (232 -1216 1232 ) (0 -1216 1232 ) (0 -1024 1232 ) (232 -1024 1232 ) 
4 140 151 (336 -1024 1128 ) (592 -1024 1128 ) (592 -1216 1128 ) (336 -1216 1128 ) 
4 140 150 (592 -1024 1128 ) (1024 -1024 1128 ) (1024 -1216 1128 ) (592 -1216 1128 ) 
4 140 153 (328 -1024 1128 ) (336 -1024 1128 ) (336 -1216 1128 ) (328 -1216 1128 ) 
4 140 147 (336 -1216 1128 ) (592 -1216 1128 ) (592 -1216 1232 ) (336 -1216 1232 ) 
4 140 146 (592 -1216 1128 ) (1024 -1216 1128 ) (1024 -1216 1232 ) (592 -1216 1232 ) 
4 140 149 (328 -1216 1128 ) (336 -1216 1128 ) (336 -1216 1232 ) (328 -1216 1232 ) 
4 140 141 (328 -1032 1128 ) (328 -1216 1128 ) (328 -1216 1232 ) (328 -1032 1232 ) 
4 141 153 (328 -1032 1128 ) (328 -1216 1128 ) (232 -1216 1128 ) (232 -1032 1128 ) 
4 141 149 (232 -1216 1128 ) (328 -1216 1128 ) (328 -1216 1232 ) (232 -1216 1232 ) 
4 141 142 (232 -1032 1128 ) (232 -1216 1128 ) (232 -1216 1232 ) (232 -1032 1232 ) 
4 142 170 (0 -1024 1144 ) (0 -1024 1128 ) (0 -1216 1128 ) (0 -1216 1144 ) 
4 142 162 (0 -1024 1232 ) (0 -1024 1144 ) (0 -1216 1144 ) (0 -1216 1232 ) 
4 142 153 (0 -1216 1128 ) (0 -1024 1128 ) (232 -1024 1128 ) (232 -1216 1128 ) 
4 142 149 (0 -1216 1128 ) (232 -1216 1128 ) (232 -1216 1232 ) (0 -1216 1232 ) 
4 143 193 (1024 -2048 1696 ) (1024 -2048 2048 ) (0 -2048 2048 ) (0 -2048 1696 ) 
4 143 164 (0 -2048 1696 ) (0 -2048 2048 ) (0 -1920 2048 ) (0 -1920 1696 ) 
4 143 163 (0 -1920 2048 ) (0 -1216 2048 ) (0 -1216 1696 ) (0 -1920 1696 ) 
4 143 144 (0 -1920 1696 ) (0 -1216 1696 ) (1024 -1216 1696 ) (1024 -1920 1696 ) 
4 144 165 (0 -1216 1600 ) (0 -1216 1232 ) (0 -1920 1232 ) (0 -1920 1600 ) 
4 144 163 (0 -1920 1696 ) (0 -1216 1696 ) (0 -1216 1600 ) (0 -1920 1600 ) 
4 144 147 (336 -1216 1232 ) (592 -1216 1232 ) (592 -1264 1232 ) (336 -1264 1232 ) 
4 144 148 (592 -1360 1232 ) (592 -1920 1232 ) (336 -1920 1232 ) (336 -1360 1232 ) 
4 144 146 (592 -1216 1232 ) (1024 -1216 1232 ) (1024 -1920 1232 ) (592 -1920 1232 ) 
4 144 149 (0 -1920 1232 ) (0 -1216 1232 ) (336 -1216 1232 ) (336 -1920 1232 ) 
4 144 145 (0 -1920 1232 ) (1024 -1920 1232 ) (1024 -1920 1600 ) (0 -1920 1600 ) 
4 145 194 (1024 -2048 1232 ) (1024 -2048 1600 ) (0 -2048 1600 ) (0 -2048 1232 ) 
4 145 165 (0 -2048 1232 ) (0 -2048 1600 ) (0 -1920 1600 ) (0 -1920 1232 ) 
4 145 148 (336 -1920 1232 ) (592 -1920 1232 ) (592 -2048 1232 ) (336 -2048 1232 ) 
4 145 146 (592 -1920 1232 ) (1024 -1920 1232 ) (1024 -2048 1232 ) (592 -2048 1232 ) 
4 145 149 (0 -2048 1232 ) (0 -1920 1232 ) (336 -1920 1232 ) (336 -2048 1232 ) 
4 146 194 (1024 -2048 1128 ) (1024 -2048 1232 ) (592 -2048 1232 ) (592 -2048 1128 ) 
4 146 157 (1024 -1984 1128 ) (1024 -2048 1128 ) (592 -2048 1128 ) (592 -1984 1128 ) 
4 146 156 (1024 -1936 1128 ) (1024 -1984 1128 ) (592 -1984 1128 ) (592 -1936 1128 ) 
4 146 155 (1024 -1456 1128 ) (1024 -1936 1128 ) (592 -1936 1128 ) (592 -1456 1128 ) 
4 146 150 (592 -1216 1128 ) (1024 -1216 1128 ) (1024 -1456 1128 ) (592 -1456 1128 ) 
4 146 147 (592 -1264 1232 ) (592 -1216 1232 ) (592 -1216 1128 ) (592 -1264 1128 ) 
4 146 148 (592 -2048 1232 ) (592 -1360 1232 ) (592 -1360 1128 ) (592 -2048 1128 ) 
4 147 151 (336 -1216 1128 ) (592 -1216 1128 ) (592 -1256 1128 ) (336 -1256 1128 ) 
4 147 149 (336 -1264 1232 ) (336 -1216 1232 ) (336 -1216 1128 ) (336 -1264 1128 ) 
4 148 194 (592 -2048 1232 ) (336 -2048 1232 ) (336 -2048 1128 ) (592 -2048 1128 ) 
4 148 157 (592 -1984 1128 ) (592 -2048 1128 ) (336 -2048 1128 ) (336 -1984 1128 ) 
4 148 156 (592 -1936 1128 ) (592 -1984 1128 ) (336 -1984 1128 ) (336 -1936 1128 ) 
4 148 155 (592 -1456 1128 ) (592 -1936 1128 ) (336 -1936 1128 ) (336 -1456 1128 ) 
4 148 152 (592 -1360 1128 ) (592 -1456 1128 ) (336 -1456 1128 ) (336 -1360 1128 ) 
4 148 149 (336 -2048 1232 ) (336 -1360 1232 ) (336 -1360 1128 ) (336 -2048 1128 ) 
4 149 194 (336 -2048 1232 ) (0 -2048 1232 ) (0 -2048 1128 ) (336 -2048 1128 ) 
4 149 170 (0 -1216 1128 ) (0 -2048 1128 ) (0 -2048 1144 ) (0 -1216 1144 ) 
4 149 165 (0 -2048 1144 ) (0 -2048 1232 ) (0 -1216 1232 ) (0 -1216 1144 ) 
4 149 157 (0 -2048 1128 ) (0 -1984 1128 ) (336 -1984 1128 ) (336 -2048 1128 ) 
4 149 156 (0 -1984 1128 ) (0 -1936 1128 ) (336 -1936 1128 ) (336 -1984 1128 ) 
4 149 155 (0 -1936 1128 ) (0 -1456 1128 ) (336 -1456 1128 ) (336 -1936 1128 ) 
4 149 153 (0 -1456 1128 ) (0 -1216 1128 ) (336 -1216 1128 ) (336 -1456 1128 ) 
4 150 155 (1024 -1456 1040 ) (1024 -1456 1128 ) (592 -1456 1128 ) (592 -1456 1040 ) 
4 150 154 (1024 -1456 1024 ) (592 -1456 1024 ) (592 -1408 1024 ) (1024 -1408 1024 ) 
4 150 151 (592 -1024 1024 ) (592 -1256 1024 ) (592 -1256 1128 ) (592 -1024 1128 ) 
4 150 152 (592 -1352 1024 ) (592 -1456 1024 ) (592 -1456 1128 ) (592 -1352 1128 ) 
4 151 153 (336 -1024 1024 ) (336 -1256 1024 ) (336 -1256 1128 ) (336 -1024 1128 ) 
4 152 155 (592 -1456 1128 ) (336 -1456 1128 ) (336 -1456 1040 ) (592 -1456 1040 ) 
4 152 154 (592 -1456 1024 ) (336 -1456 1024 ) (336 -1408 1024 ) (592 -1408 1024 ) 
4 152 153 (336 -1352 1024 ) (336 -1456 1024 ) (336 -1456 1128 ) (336 -1352 1128 ) 
4 153 174 (0 -1024 1040 ) (0 -1024 1024 ) (0 -1408 1024 ) (0 -1408 1040 ) 
4 153 175 (0 -1408 1024 ) (0 -1456 1024 ) (0 -1456 1040 ) (0 -1408 1040 ) 
4 153 170 (0 -1024 1128 ) (0 -1024 1040 ) (0 -1456 1040 ) (0 -1456 1128 ) 
4 153 155 (336 -1456 1128 ) (0 -1456 1128 ) (0 -1456 1040 ) (336 -1456 1040 ) 
4 153 154 (336 -1456 1024 ) (0 -1456 1024 ) (0 -1408 1024 ) (336 -1408 1024 ) 
4 154 175 (0 -1408 960 ) (0 -1456 960 ) (0 -1456 1024 ) (0 -1408 1024 ) 
4 154 158 (0 -1456 960 ) (0 -1408 960 ) (1024 -1408 960 ) (1024 -1456 960 ) 
4 155 170 (0 -1936 1040 ) (0 -1936 1128 ) (0 -1456 1128 ) (0 -1456 1040 ) 
4 155 156 (1024 -1936 1040 ) (1024 -1936 1128 ) (0 -1936 1128 ) (0 -1936 1040 ) 
4 156 177 (0 -1936 960 ) (0 -1984 960 ) (0 -1984 1040 ) (0 -1936 1040 ) 
4 156 170 (0 -1984 1040 ) (0 -1984 1128 ) (0 -1936 1128 ) (0 -1936 1040 ) 
4 156 159 (0 -1984 960 ) (0 -1936 960 ) (1024 -1936 960 ) (1024 -1984 960 ) 
4 156 157 (1024 -1984 1024 ) (1024 -1984 1128 ) (0 -1984 1128 ) (0 -1984 1024 ) 
4 157 194 (1024 -2048 1024 ) (1024 -2048 1128 ) (0 -2048 1128 ) (0 -2048 1024 ) 
4 157 178 (0 -2048 1024 ) (0 -2048 1040 ) (0 -1984 1040 ) (0 -1984 1024 ) 
4 157 170 (0 -2048 1040 ) (0 -2048 1128 ) (0 -1984 1128 ) (0 -1984 1040 ) 
4 158 179 (0 -1456 960 ) (0 -1408 960 ) (0 -1408 928 ) (0 -1456 928 ) 
4 158 160 (0 -1456 928 ) (0 -1408 928 ) (1024 -1408 928 ) (1024 -1456 928 ) 
4 159 181 (0 -1984 928 ) (0 -1984 960 ) (0 -1936 960 ) (0 -1936 928 ) 
4 159 160 (1024 -1984 928 ) (0 -1984 928 ) (0 -1936 928 ) (1024 -1936 928 ) 
4 160 182 (0 -1984 576 ) (0 -1984 928 ) (0 -1408 928 ) (0 -1408 576 ) 
3 161 186 (-1024 -1056 1632 ) (-1024 -1216 1632 ) (-1024 -1216 1792 ) 
4 161 163 (-1024 -1216 1792 ) (-1024 -1216 1632 ) (0 -1216 1632 ) (0 -1216 1792 ) 
4 161 162 (0 -1216 1632 ) (-1024 -1216 1632 ) (-1024 -1056 1632 ) (0 -1056 1632 ) 
4 162 187 (-1024 -1024 1632 ) (-1024 -1024 1144 ) (-1024 -1216 1144 ) (-1024 -1216 1632 ) 
4 162 171 (-752 -1216 1144 ) (-880 -1216 1144 ) (-880 -1024 1144 ) (-752 -1024 1144 ) 
4 162 170 (0 -1024 1144 ) (0 -1216 1144 ) (-752 -1216 1144 ) (-752 -1024 1144 ) 
4 162 173 (-880 -1216 1144 ) (-1024 -1216 1144 ) (-1024 -1024 1144 ) (-880 -1024 1144 ) 
4 162 166 (-760 -1216 1144 ) (-752 -1216 1144 ) (-752 -1216 1600 ) (-760 -1216 1600 ) 
4 162 165 (-752 -1216 1144 ) (0 -1216 1144 ) (0 -1216 1600 ) (-752 -1216 1600 ) 
4 162 169 (-1024 -1216 1600 ) (-1024 -1216 1144 ) (-760 -1216 1144 ) (-760 -1216 1600 ) 
4 162 163 (-1024 -1216 1632 ) (-1024 -1216 1600 ) (0 -1216 1600 ) (0 -1216 1632 ) 
4 163 189 (-1024 -1216 1696 ) (-1024 -1216 1600 ) (-1024 -1920 1600 ) (-1024 -1920 1696 ) 
4 163 188 (-1024 -1920 2048 ) (-1024 -1216 2048 ) (-1024 -1216 1696 ) (-1024 -1920 1696 ) 
4 163 167 (-752 -1568 1600 ) (-752 -1824 1600 ) (-760 -1824 1600 ) (-760 -1568 1600 ) 
4 163 166 (-760 -1216 1600 ) (-752 -1216 1600 ) (-752 -1568 1600 ) (-760 -1568 1600 ) 
4 163 168 (-752 -1824 1600 ) (-752 -1920 1600 ) (-760 -1920 1600 ) (-760 -1824 1600 ) 
4 163 165 (-752 -1216 1600 ) (0 -1216 1600 ) (0 -1920 1600 ) (-752 -1920 1600 ) 
4 163 169 (-1024 -1216 1600 ) (-760 -1216 1600 ) (-760 -1920 1600 ) (-1024 -1920 1600 ) 
4 163 164 (0 -1920 1696 ) (0 -1920 2048 ) (-1024 -1920 2048 ) (-1024 -1920 1696 ) 
4 164 195 (0 -2048 1696 ) (0 -2048 2048 ) (-1024 -2048 2048 ) (-1024 -2048 1696 ) 
4 164 188 (-1024 -2048 1696 ) (-1024 -2048 2048 ) (-1024 -1920 2048 ) (-1024 -1920 1696 ) 
4 165 196 (0 -2048 1144 ) (0 -2048 1600 ) (-752 -2048 1600 ) (-752 -2048 1144 ) 
4 165 170 (0 -1216 1144 ) (0 -2048 1144 ) (-752 -2048 1144 ) (-752 -1216 1144 ) 
4 165 167 (-752 -1824 1600 ) (-752 -1568 1600 ) (-752 -1568 1264 ) (-752 -1824 1264 ) 
4 165 166 (-752 -1568 1600 ) (-752 -1216 1600 ) (-752 -1216 1144 ) (-752 -1568 1144 ) 
4 165 168 (-752 -2048 1600 ) (-752 -1824 1600 ) (-752 -1824 1144 ) (-752 -2048 1144 ) 
4 166 171 (-760 -1504 1144 ) (-760 -1216 1144 ) (-752 -1216 1144 ) (-752 -1504 1144 ) 
4 166 167 (-760 -1568 1600 ) (-760 -1568 1264 ) (-752 -1568 1264 ) (-752 -1568 1600 ) 
4 166 169 (-760 -1568 1600 ) (-760 -1216 1600 ) (-760 -1216 1144 ) (-760 -1568 1144 ) 
4 167 169 (-760 -1824 1600 ) (-760 -1568 1600 ) (-760 -1568 1264 ) (-760 -1824 1264 ) 
4 167 168 (-760 -1824 1600 ) (-760 -1824 1264 ) (-752 -1824 1264 ) (-752 -1824 1600 ) 
4 168 196 (-752 -2048 1600 ) (-760 -2048 1600 ) (-760 -2048 1144 ) (-752 -2048 1144 ) 
4 168 172 (-752 -2048 1144 ) (-760 -2048 1144 ) (-760 -1888 1144 ) (-752 -1888 1144 ) 
4 168 169 (-760 -2048 1600 ) (-760 -1824 1600 ) (-760 -1824 1144 ) (-760 -2048 1144 ) 
4 169 196 (-760 -2048 1600 ) (-1024 -2048 1600 ) (-1024 -2048 1144 ) (-760 -2048 1144 ) 
4 169 190 (-1024 -2048 1144 ) (-1024 -2048 1600 ) (-1024 -1920 1600 ) (-1024 -1920 1144 ) 
4 169 189 (-1024 -1920 1600 ) (-1024 -1216 1600 ) (-1024 -1216 1144 ) (-1024 -1920 1144 ) 
4 169 171 (-880 -1504 1144 ) (-880 -1216 1144 ) (-760 -1216 1144 ) (-760 -1504 1144 ) 
4 169 172 (-760 -2048 1144 ) (-880 -2048 1144 ) (-880 -1888 1144 ) (-760 -1888 1144 ) 
4 169 173 (-880 -2048 1144 ) (-1024 -2048 1144 ) (-1024 -1216 1144 ) (-880 -1216 1144 ) 
4 170 196 (0 -2048 1040 ) (0 -2048 1144 ) (-752 -2048 1144 ) (-752 -2048 1040 ) 
4 170 178 (0 -2048 1040 ) (-752 -2048 1040 ) (-752 -1984 1040 ) (0 -1984 1040 ) 
4 170 177 (-752 -1984 1040 ) (-752 -1936 1040 ) (0 -1936 1040 ) (0 -1984 1040 ) 
4 170 174 (-752 -1408 1040 ) (-752 -1024 1040 ) (0 -1024 1040 ) (0 -1408 1040 ) 
4 170 175 (-752 -1456 1040 ) (-752 -1408 1040 ) (0 -1408 1040 ) (0 -1456 1040 ) 
4 170 171 (-752 -1024 1040 ) (-752 -1504 1040 ) (-752 -1504 1144 ) (-752 -1024 1144 ) 
4 170 172 (-752 -1888 1040 ) (-752 -2048 1040 ) (-752 -2048 1144 ) (-752 -1888 1144 ) 
4 171 174 (-880 -1408 1040 ) (-880 -1024 1040 ) (-752 -1024 1040 ) (-752 -1408 1040 ) 
4 171 175 (-880 -1456 1040 ) (-880 -1408 1040 ) (-752 -1408 1040 ) (-752 -1456 1040 ) 
4 171 173 (-880 -1024 1040 ) (-880 -1504 1040 ) (-880 -1504 1144 ) (-880 -1024 1144 ) 
4 172 196 (-752 -2048 1144 ) (-880 -2048 1144 ) (-880 -2048 1040 ) (-752 -2048 1040 ) 
4 172 178 (-752 -2048 1040 ) (-880 -2048 1040 ) (-880 -1984 1040 ) (-752 -1984 1040 ) 
4 172 177 (-880 -1984 1040 ) (-880 -1936 1040 ) (-752 -1936 1040 ) (-752 -1984 1040 ) 
4 172 173 (-880 -1888 1040 ) (-880 -2048 1040 ) (-880 -2048 1144 ) (-880 -1888 1144 ) 
4 173 196 (-880 -2048 1144 ) (-1024 -2048 1144 ) (-1024 -2048 1040 ) (-880 -2048 1040 ) 
4 173 190 (-1024 -2048 1040 ) (-1024 -2048 1144 ) (-1024 -1920 1144 ) (-1024 -1920 1040 ) 
4 173 189 (-1024 -1920 1144 ) (-1024 -1216 1144 ) (-1024 -1216 1040 ) (-1024 -1920 1040 ) 
4 173 187 (-1024 -1216 1144 ) (-1024 -1024 1144 ) (-1024 -1024 1040 ) (-1024 -1216 1040 ) 
4 173 178 (-880 -2048 1040 ) (-1024 -2048 1040 ) (-1024 -1984 1040 ) (-880 -1984 1040 ) 
4 173 177 (-1024 -1984 1040 ) (-1024 -1936 1040 ) (-880 -1936 1040 ) (-880 -1984 1040 ) 
4 173 176 (-1024 -1936 1040 ) (-1024 -1456 1040 ) (-880 -1456 1040 ) (-880 -1936 1040 ) 
4 173 174 (-1024 -1408 1040 ) (-1024 -1024 1040 ) (-880 -1024 1040 ) (-880 -1408 1040 ) 
4 173 175 (-1024 -1456 1040 ) (-1024 -1408 1040 ) (-880 -1408 1040 ) (-880 -1456 1040 ) 
4 174 189 (-1024 -1408 1040 ) (-1024 -1216 1040 ) (-1024 -1216 1024 ) (-1024 -1408 1024 ) 
4 174 187 (-1024 -1216 1040 ) (-1024 -1024 1040 ) (-1024 -1024 1024 ) (-1024 -1216 1024 ) 
4 174 175 (0 -1408 1024 ) (0 -1408 1040 ) (-1024 -1408 1040 ) (-1024 -1408 1024 ) 
4 175 191 (-1024 -1408 1024 ) (-1024 -1408 960 ) (-1024 -1456 960 ) (-1024 -1456 1024 ) 
4 175 189 (-1024 -1456 1040 ) (-1024 -1408 1040 ) (-1024 -1408 1024 ) (-1024 -1456 1024 ) 
4 175 179 (0 -1408 960 ) (0 -1456 960 ) (-1024 -1456 960 ) (-1024 -1408 960 ) 
4 175 176 (-1024 -1456 960 ) (-880 -1456 960 ) (-880 -1456 1040 ) (-1024 -1456 1040 ) 
4 176 191 (-1024 -1456 1024 ) (-1024 -1456 960 ) (-1024 -1936 960 ) (-1024 -1936 1024 ) 
4 176 190 (-1024 -1936 1040 ) (-1024 -1920 1040 ) (-1024 -1920 1024 ) (-1024 -1936 1024 ) 
4 176 189 (-1024 -1920 1040 ) (-1024 -1456 1040 ) (-1024 -1456 1024 ) (-1024 -1920 1024 ) 
4 176 180 (-880 -1936 960 ) (-1024 -1936 960 ) (-1024 -1456 960 ) (-880 -1456 960 ) 
4 176 177 (-1024 -1936 960 ) (-880 -1936 960 ) (-880 -1936 1040 ) (-1024 -1936 1040 ) 
4 177 191 (-1024 -1936 1024 ) (-1024 -1936 960 ) (-1024 -1984 960 ) (-1024 -1984 1024 ) 
4 177 190 (-1024 -1984 1040 ) (-1024 -1936 1040 ) (-1024 -1936 1024 ) (-1024 -1984 1024 ) 
4 177 181 (0 -1936 960 ) (0 -1984 960 ) (-1024 -1984 960 ) (-1024 -1936 960 ) 
4 177 178 (0 -1984 1024 ) (0 -1984 1040 ) (-1024 -1984 1040 ) (-1024 -1984 1024 ) 
4 178 196 (0 -2048 1024 ) (0 -2048 1040 ) (-1024 -2048 1040 ) (-1024 -2048 1024 ) 
4 178 190 (-1024 -2048 1024 ) (-1024 -2048 1040 ) (-1024 -1984 1040 ) (-1024 -1984 1024 ) 
4 179 192 (-1024 -1456 960 ) (-1024 -1408 960 ) (-1024 -1408 928 ) (-1024 -1456 928 ) 
4 179 182 (-1024 -1456 928 ) (-1024 -1408 928 ) (0 -1408 928 ) (0 -1456 928 ) 
4 179 180 (-1024 -1456 928 ) (-880 -1456 928 ) (-880 -1456 960 ) (-1024 -1456 960 ) 
4 180 192 (-1024 -1936 960 ) (-1024 -1456 960 ) (-1024 -1456 928 ) (-1024 -1936 928 ) 
4 180 182 (-1024 -1936 928 ) (-1024 -1456 928 ) (-880 -1456 928 ) (-880 -1936 928 ) 
4 180 181 (-1024 -1936 928 ) (-880 -1936 928 ) (-880 -1936 960 ) (-1024 -1936 960 ) 
4 181 192 (-1024 -1984 928 ) (-1024 -1984 960 ) (-1024 -1936 960 ) (-1024 -1936 928 ) 
4 181 182 (0 -1984 928 ) (-1024 -1984 928 ) (-1024 -1936 928 ) (0 -1936 928 ) 
4 182 192 (-1024 -1984 576 ) (-1024 -1984 928 ) (-1024 -1408 928 ) (-1024 -1408 576 ) 
4 183 184 (-1024 -576 1024 ) (-1024 -576 1632 ) (-1040 -576 1632 ) (-1040 -576 1024 ) 
4 184 187 (-1024 -1024 1024 ) (-1024 -1024 1632 ) (-1040 -1024 1632 ) (-1040 -1024 1024 ) 
4 184 185 (-1040 -608 1024 ) (-1040 -1024 1024 ) (-1040 -1024 1632 ) (-1040 -608 1632 ) 
4 185 187 (-1040 -1024 1632 ) (-1664 -1024 1632 ) (-1664 -1024 1024 ) (-1040 -1024 1024 ) 
4 186 189 (-1664 -1216 1696 ) (-1664 -1216 1632 ) (-1024 -1216 1632 ) (-1024 -1216 1696 ) 
4 186 188 (-1664 -1216 1792 ) (-1664 -1216 1696 ) (-1024 -1216 1696 ) (-1024 -1216 1792 ) 
4 186 187 (-1024 -1216 1632 ) (-1664 -1216 1632 ) (-1664 -1056 1632 ) (-1024 -1056 1632 ) 
4 187 189 (-1664 -1216 1632 ) (-1664 -1216 1024 ) (-1024 -1216 1024 ) (-1024 -1216 1632 ) 
4 188 197 (-1024 -2048 1696 ) (-1024 -2048 2048 ) (-1664 -2048 2048 ) (-1664 -2048 1696 ) 
4 188 189 (-1664 -1920 1696 ) (-1664 -1216 1696 ) (-1024 -1216 1696 ) (-1024 -1920 1696 ) 
4 189 191 (-1664 -1920 1024 ) (-1664 -1408 1024 ) (-1024 -1408 1024 ) (-1024 -1920 1024 ) 
4 189 190 (-1664 -1920 1024 ) (-1024 -1920 1024 ) (-1024 -1920 1600 ) (-1664 -1920 1600 ) 
4 190 198 (-1024 -2048 1024 ) (-1024 -2048 1600 ) (-1664 -2048 1600 ) (-1664 -2048 1024 ) 
4 190 191 (-1664 -1984 1024 ) (-1664 -1920 1024 ) (-1024 -1920 1024 ) (-1024 -1984 1024 ) 
4 191 192 (-1024 -1408 960 ) (-1024 -1984 960 ) (-1664 -1984 960 ) (-1664 -1408 960 ) 
4 193 195 (0 -2048 2048 ) (0 -2048 1696 ) (0 -2159 1696 ) (0 -2159 2048 ) 
4 194 196 (0 -2048 1600 ) (0 -2048 1024 ) (0 -2128 1024 ) (0 -2128 1600 ) 
4 195 197 (-1024 -2048 2048 ) (-1024 -2048 1696 ) (-1024 -2159 1696 ) (-1024 -2159 2048 ) 
4 196 198 (-1024 -2048 1600 ) (-1024 -2048 1024 ) (-1024 -2128 1024 ) (-1024 -2128 1600 ) 
