PRT1
453
937
4 0 4 (3072 -240 368.716431 ) (3072 -240 472 ) (3072 0 472 ) (3072 0 368.716461 ) 
4 0 1 (3072 -228 368.714478 ) (3072 -16 368.714478 ) (3088 -16 373.998047 ) (3088 -228 373.998047 ) 
4 1 7 (3072 -228 368.716431 ) (3072 -16 368.716461 ) (3072 -16 354.626892 ) (3072 -228 354.626892 ) 
4 2 5 (3072 0 338.626862 ) (3072 0 -32 ) (3072 -228 -32 ) (3072 -228 338.626862 ) 
4 2 3 (3072 -228 338.626862 ) (3072 -228 -32 ) (3088 -228 -32 ) (3088 -228 344 ) 
4 3 5 (3072 -240 -32 ) (3072 -240 338.626862 ) (3072 -228 338.626862 ) (3072 -228 -32 ) 
4 4 177 (2048 -228 30.567238 ) (2048 -240 30.567238 ) (2048 -240 400 ) (2048 -228 400 ) 
4 4 175 (2048 -16 30.567230 ) (2048 -228 30.567238 ) (2048 -228 400 ) (2048 -16 400 ) 
4 4 173 (2048 0 400 ) (2048 0 30.567230 ) (2048 -16 30.567230 ) (2048 -16 400 ) 
4 4 167 (2048 0 416 ) (2048 0 400 ) (2048 -240 400 ) (2048 -240 416 ) 
4 4 164 (2048 -240 472 ) (2048 0 472 ) (2048 0 416 ) (2048 -240 416 ) 
4 4 8 (2048 -228 30.565765 ) (2048 -16 30.565765 ) (2816 -16 284.177521 ) (2816 -228 284.177551 ) 
4 4 7 (3072 -16 368.714783 ) (3072 -228 368.714813 ) (2816 -228 284.177551 ) (2816 -16 284.177521 ) 
4 5 189 (2048 0 -5.256454 ) (2048 0 -32 ) (2048 -240 -32 ) (2048 -240 -5.256449 ) 
4 5 6 (2048 -240 -5.257418 ) (2816 -240 252.655151 ) (2816 0 252.655151 ) (2048 0 -5.257416 ) 
4 6 189 (2048 0 0 ) (2048 0 -5.256454 ) (2048 -240 -5.256449 ) (2048 -240 0 ) 
4 6 178 (2048 -228 0 ) (2048 -240 0 ) (2048 -240 10.567195 ) (2048 -228 10.567195 ) 
4 6 176 (2048 -16 0 ) (2048 -228 0 ) (2048 -228 10.567195 ) (2048 -16 10.567188 ) 
4 6 174 (2048 0 10.567188 ) (2048 0 0 ) (2048 -16 0 ) (2048 -16 10.567188 ) 
4 6 8 (2048 -16 10.565391 ) (2048 -228 10.565384 ) (2816 -228 264.177582 ) (2816 -16 264.177582 ) 
4 7 8 (2816 -228 268.657990 ) (2816 -228 284.179138 ) (2816 -16 284.179138 ) (2816 -16 268.657990 ) 
4 8 176 (2048 -16 10.567188 ) (2048 -228 10.567195 ) (2048 -228 20 ) (2048 -16 20 ) 
4 8 175 (2048 -228 20 ) (2048 -228 30.567238 ) (2048 -16 30.567230 ) (2048 -16 20 ) 
4 9 15 (1296 272 400 ) (1168 272 400 ) (1168 272 326 ) (1296 272 326 ) 
4 9 14 (1528 272 400 ) (1296 272 400 ) (1296 272 326 ) (1528 272 326 ) 
4 9 11 (1168 272 326 ) (1168 272 400 ) (1168 303 400 ) (1168 303 326 ) 
4 10 49 (1024 384 232 ) (1024 384 160 ) (1024 303 160 ) (1024 303 232 ) 
4 10 13 (1024 384 160 ) (1072 384 160 ) (1072 303 160 ) (1024 303 160 ) 
4 10 12 (1024 303 160 ) (1168 303 160 ) (1168 303 232 ) (1024 303 232 ) 
4 11 50 (1024 303 400 ) (1024 303 326 ) (1024 272 326 ) (1024 272 400 ) 
4 11 15 (1024 272 400 ) (1024 272 326 ) (1168 272 326 ) (1168 272 400 ) 
4 12 51 (1024 303 232 ) (1024 303 160 ) (1024 272 160 ) (1024 272 232 ) 
4 12 13 (1072 272 160 ) (1024 272 160 ) (1024 303 160 ) (1072 303 160 ) 
4 13 51 (1024 303 144 ) (1024 272 144 ) (1024 272 160 ) (1024 303 160 ) 
4 13 49 (1024 384 160 ) (1024 384 144 ) (1024 303 144 ) (1024 303 160 ) 
4 13 22 (1024 272 144 ) (1024 384 144 ) (1072 384 144 ) (1072 272 144 ) 
4 14 16 (1528 264 326 ) (1528 264 400 ) (1296 264 400 ) (1296 264 326 ) 
4 14 15 (1296 264 326 ) (1296 264 400 ) (1296 272 400 ) (1296 272 326 ) 
4 15 64 (1024 264 400 ) (1024 272 400 ) (1024 272 324 ) (1024 264 324 ) 
4 15 16 (1296 264 324 ) (1296 264 400 ) (1024 264 400 ) (1024 264 324 ) 
4 16 65 (1024 256 400 ) (1024 264 400 ) (1024 264 248 ) (1024 256 248 ) 
4 16 19 (1040 256 400 ) (1024 256 400 ) (1024 256 248 ) (1040 256 248 ) 
4 16 18 (1056 256 400 ) (1040 256 400 ) (1040 256 248 ) (1056 256 248 ) 
4 16 17 (1528 256 400 ) (1056 256 400 ) (1056 256 248 ) (1528 256 248 ) 
4 17 201 (1392 0 400 ) (1056 0 400 ) (1056 0 144 ) (1392 0 144 ) 
4 17 197 (1536 0 400 ) (1408 0 400 ) (1408 0 144 ) (1536 0 144 ) 
4 17 31 (1536 0 144 ) (1056 0 144 ) (1056 128 144 ) (1536 128 144 ) 
4 17 29 (1056 128 144 ) (1056 256 144 ) (1168 256 144 ) (1168 128 144 ) 
4 17 27 (1168 256 144 ) (1536 256 144 ) (1536 128 144 ) (1168 128 144 ) 
4 17 18 (1056 256 400 ) (1056 256 144 ) (1056 128 144 ) (1056 128 400 ) 
4 18 29 (1040 128 144 ) (1040 256 144 ) (1056 256 144 ) (1056 128 144 ) 
4 18 19 (1040 256 400 ) (1040 256 144 ) (1040 128 144 ) (1040 128 400 ) 
4 19 107 (1024 256 192 ) (1024 256 144 ) (1024 128 144 ) (1024 128 192 ) 
4 19 93 (1024 256 208 ) (1024 256 192 ) (1024 128 192 ) (1024 128 208 ) 
4 19 69 (1024 128 400 ) (1024 256 400 ) (1024 256 208 ) (1024 128 208 ) 
4 19 20 (1024 128 144 ) (1040 128 144 ) (1040 128 400 ) (1024 128 400 ) 
4 20 108 (1024 128 192 ) (1024 128 144 ) (1024 120 144 ) (1024 120 192 ) 
4 20 94 (1024 128 208 ) (1024 128 192 ) (1024 120 192 ) (1024 120 208 ) 
4 20 70 (1024 120 400 ) (1024 128 400 ) (1024 128 208 ) (1024 120 208 ) 
4 20 21 (1024 120 144 ) (1040 120 144 ) (1040 120 400 ) (1024 120 400 ) 
4 21 203 (1040 0 400 ) (1024 0 400 ) (1024 0 144 ) (1040 0 144 ) 
4 21 109 (1024 0 144 ) (1024 0 192 ) (1024 120 192 ) (1024 120 144 ) 
4 21 95 (1024 0 192 ) (1024 0 208 ) (1024 120 208 ) (1024 120 192 ) 
4 21 71 (1024 0 208 ) (1024 0 400 ) (1024 120 400 ) (1024 120 208 ) 
4 22 51 (1024 272 144 ) (1024 303 144 ) (1024 303 16 ) (1024 272 16 ) 
4 22 49 (1024 303 144 ) (1024 384 144 ) (1024 384 16 ) (1024 303 16 ) 
4 22 23 (1024 272 16 ) (1152 272 16 ) (1040 272 128 ) (1024 272 128 ) 
4 23 130 (1024 272 128 ) (1024 272 16 ) (1024 256 16 ) (1024 256 128 ) 
4 23 30 (1024 256 16 ) (1040 256 16 ) (1040 256 128 ) (1024 256 128 ) 
3 23 28 (1040 256 16 ) (1152 256 16 ) (1040 256 128 ) 
4 24 26 (1552 208 16 ) (1552 152 16 ) (1552 152 128 ) (1552 208 128 ) 
4 24 25 (1576 16 16 ) (1632 16 16 ) (1632 16 128 ) (1576 16 128 ) 
4 25 194 (1576 0 124 ) (1576 0 16 ) (1632 0 16 ) (1632 0 124 ) 
4 25 192 (1576 0 128 ) (1576 0 124 ) (1632 0 124 ) (1632 0 128 ) 
4 26 27 (1536 208 16 ) (1536 152 16 ) (1536 152 128 ) (1536 208 128 ) 
4 27 34 (1392 128 16 ) (1408 128 16 ) (1408 128 128 ) (1392 128 128 ) 
5 27 36 (1280 128 16 ) (1392 128 16 ) (1392 128 128 ) (1168 128 128 ) (1168 128 72 ) 
4 27 33 (1408 128 16 ) (1536 128 16 ) (1536 128 128 ) (1408 128 128 ) 
4 27 31 (1536 128 128 ) (1536 128 144 ) (1168 128 144 ) (1168 128 128 ) 
4 27 29 (1168 256 144 ) (1168 256 72 ) (1168 128 72 ) (1168 128 144 ) 
4 28 36 (1040 128 16 ) (1168 128 16 ) (1168 128 65 ) (1040 128 128 ) 
4 28 30 (1040 256 128 ) (1040 256 16 ) (1040 128 16 ) (1040 128 128 ) 
3 29 36 (1168 128 72 ) (1168 128 128 ) (1056 128 128 ) 
4 29 31 (1168 128 128 ) (1168 128 144 ) (1056 128 144 ) (1056 128 128 ) 
4 30 130 (1024 256 128 ) (1024 256 16 ) (1024 128 16 ) (1024 128 128 ) 
4 30 36 (1024 128 16 ) (1040 128 16 ) (1040 128 128 ) (1024 128 128 ) 
4 31 201 (1392 0 144 ) (1056 0 144 ) (1056 0 128 ) (1392 0 128 ) 
4 31 197 (1536 0 144 ) (1408 0 144 ) (1408 0 128 ) (1536 0 128 ) 
4 31 35 (1408 112 128 ) (1408 0 128 ) (1392 0 128 ) (1392 112 128 ) 
4 31 34 (1392 128 128 ) (1408 128 128 ) (1408 112 128 ) (1392 112 128 ) 
4 31 36 (1056 128 128 ) (1392 128 128 ) (1392 0 128 ) (1056 0 128 ) 
4 31 33 (1408 128 128 ) (1536 128 128 ) (1536 0 128 ) (1408 0 128 ) 
4 32 196 (1408 0 16 ) (1536 0 16 ) (1536 0 64 ) (1408 0 64 ) 
4 33 197 (1536 0 72 ) (1536 0 128 ) (1408 0 128 ) (1408 0 72 ) 
4 33 35 (1408 0 128 ) (1408 112 128 ) (1408 112 80 ) (1408 0 80 ) 
4 33 34 (1408 112 128 ) (1408 128 128 ) (1408 128 16 ) (1408 112 16 ) 
4 34 35 (1392 112 128 ) (1392 112 80 ) (1408 112 80 ) (1408 112 128 ) 
4 34 36 (1392 112 128 ) (1392 128 128 ) (1392 128 16 ) (1392 112 16 ) 
4 35 36 (1392 0 128 ) (1392 112 128 ) (1392 112 80 ) (1392 0 80 ) 
4 36 204 (1024 0 128 ) (1024 0 16 ) (1040 0 16 ) (1040 0 128 ) 
4 36 202 (1040 0 16 ) (1056 0 16 ) (1056 0 128 ) (1040 0 128 ) 
4 36 201 (1056 0 16 ) (1392 0 16 ) (1392 0 128 ) (1056 0 128 ) 
4 36 144 (1024 0 16 ) (1024 0 128 ) (1024 128 128 ) (1024 128 16 ) 
4 37 39 (724 712 24 ) (724 712 130 ) (556 712 130 ) (556 712 24 ) 
4 38 60 (928 544 16 ) (908 544 16 ) (908 560 16 ) (928 560 16 ) 
4 38 43 (816 544 16 ) (1024 544 16 ) (1024 544 192 ) (816 544 192 ) 
4 39 62 (496 712 16 ) (512 712 16 ) (512 560 16 ) (496 560 16 ) 
4 39 61 (768 712 16 ) (784 712 16 ) (784 560 16 ) (768 560 16 ) 
4 39 40 (768 560 192 ) (512 560 192 ) (512 560 16 ) (768 560 16 ) 
4 40 43 (512 544 16 ) (768 544 16 ) (768 544 192 ) (512 544 192 ) 
4 41 63 (368 544 16 ) (348 544 16 ) (348 558 16 ) (368 558 16 ) 
4 41 43 (256 544 16 ) (464 544 16 ) (464 544 192 ) (256 544 192 ) 
4 42 43 (256 408 192 ) (256 536 192 ) (1024 536 192 ) (1024 408 192 ) 
4 43 48 (256 400 16 ) (352 400 16 ) (352 400 144 ) (256 400 144 ) 
4 43 45 (724 400 24 ) (724 400 130 ) (556 400 130 ) (556 400 24 ) 
4 43 44 (928 400 16 ) (1024 400 16 ) (1024 400 144 ) (928 400 144 ) 
4 44 52 (928 384 16 ) (960 384 16 ) (960 384 144 ) (928 384 144 ) 
4 44 49 (960 384 16 ) (1024 384 16 ) (1024 384 144 ) (960 384 144 ) 
4 45 46 (556 394 24 ) (724 394 24 ) (724 394 130 ) (556 394 130 ) 
4 46 47 (556 390 24 ) (724 390 24 ) (724 390 130 ) (556 390 130 ) 
4 47 53 (724 384 24 ) (724 384 130 ) (556 384 130 ) (556 384 24 ) 
4 48 56 (256 384 16 ) (348 384 16 ) (348 384 144 ) (256 384 144 ) 
4 48 55 (348 384 16 ) (352 384 16 ) (352 384 144 ) (348 384 144 ) 
4 49 52 (960 384 232 ) (960 384 16 ) (960 303 16 ) (960 303 232 ) 
4 49 51 (960 303 232 ) (960 303 16 ) (1024 303 16 ) (1024 303 232 ) 
4 50 64 (1024 272 326 ) (1024 272 400 ) (960 272 400 ) (960 272 326 ) 
4 51 130 (1024 272 16 ) (1024 272 128 ) (960 272 128 ) (960 272 16 ) 
4 51 52 (960 303 16 ) (960 272 16 ) (960 272 232 ) (960 303 232 ) 
4 52 130 (912 272 16 ) (960 272 16 ) (960 272 128 ) (912 272 128 ) 
4 53 131 (512 272 128 ) (512 272 16 ) (768 272 16 ) (768 272 128 ) 
4 53 126 (512 272 128 ) (768 272 128 ) (768 272 144 ) (528 272 144 ) 
4 53 113 (768 272 144 ) (768 272 192 ) (576 272 192 ) (528 272 144 ) 
4 53 54 (512 356 16 ) (512 300 16 ) (512 300 128 ) (512 356 128 ) 
4 54 55 (496 356 16 ) (496 300 16 ) (496 300 130 ) (496 356 130 ) 
4 55 133 (348 272 128 ) (348 272 16 ) (368 272 16 ) (368 272 128 ) 
4 55 58 (348 303 16 ) (348 272 16 ) (348 272 232 ) (348 303 232 ) 
4 55 56 (348 384 232 ) (348 384 16 ) (348 303 16 ) (348 303 232 ) 
4 56 58 (112 303 16 ) (348 303 16 ) (348 303 232 ) (112 303 232 ) 
4 57 66 (112 272 400 ) (112 272 326 ) (344 272 326 ) (344 272 400 ) 
4 57 59 (112 303 400 ) (112 303 326 ) (112 272 326 ) (112 272 400 ) 
4 58 133 (240 272 16 ) (348 272 16 ) (348 272 128 ) (240 272 128 ) 
4 58 128 (224 272 128 ) (240 272 128 ) (240 272 144 ) (224 272 144 ) 
4 59 154 (0 272 326 ) (0 272 400 ) (0 303 400 ) (0 303 326 ) 
4 59 67 (0 272 400 ) (0 272 326 ) (112 272 326 ) (112 272 400 ) 
4 64 65 (960 264 400 ) (960 264 324 ) (1024 264 324 ) (1024 264 400 ) 
4 65 69 (1024 256 248 ) (1024 256 400 ) (960 256 400 ) (960 256 248 ) 
4 66 67 (112 264 326 ) (112 264 400 ) (112 272 400 ) (112 272 326 ) 
4 66 68 (344 264 326 ) (344 264 400 ) (112 264 400 ) (112 264 326 ) 
4 67 155 (0 264 400 ) (0 272 400 ) (0 272 324 ) (0 264 324 ) 
4 67 68 (112 264 324 ) (112 264 400 ) (0 264 400 ) (0 264 324 ) 
4 68 156 (0 256 400 ) (0 264 400 ) (0 264 248 ) (0 256 248 ) 
4 68 91 (240 256 400 ) (224 256 400 ) (224 256 248 ) (240 256 248 ) 
4 68 92 (224 256 400 ) (0 256 400 ) (0 256 248 ) (224 256 248 ) 
4 68 87 (344 256 400 ) (240 256 400 ) (240 256 248 ) (344 256 248 ) 
4 69 93 (912 128 208 ) (912 256 208 ) (1024 256 208 ) (1024 128 208 ) 
4 69 70 (912 128 400 ) (912 128 208 ) (1024 128 208 ) (1024 128 400 ) 
4 70 94 (912 120 208 ) (912 128 208 ) (1024 128 208 ) (1024 120 208 ) 
4 70 71 (912 120 400 ) (912 120 208 ) (1024 120 208 ) (1024 120 400 ) 
4 71 243 (1024 0 208 ) (1024 0 400 ) (912 0 400 ) (912 0 208 ) 
4 71 95 (1024 0 208 ) (912 0 208 ) (912 120 208 ) (1024 120 208 ) 
4 71 72 (912 120 208 ) (912 0 208 ) (912 0 400 ) (912 120 400 ) 
4 72 243 (912 0 400 ) (896 0 400 ) (896 0 208 ) (912 0 208 ) 
4 72 96 (912 0 208 ) (896 0 208 ) (896 120 208 ) (912 120 208 ) 
4 72 74 (896 120 208 ) (896 0 208 ) (896 0 400 ) (896 120 400 ) 
4 73 97 (784 256 208 ) (896 256 208 ) (896 160 208 ) (784 160 208 ) 
4 73 75 (772 256 400 ) (772 256 208 ) (772 160 208 ) (772 160 400 ) 
4 74 243 (896 0 400 ) (784 0 400 ) (784 0 208 ) (896 0 208 ) 
4 74 98 (896 0 208 ) (784 0 208 ) (784 128 208 ) (896 128 208 ) 
4 75 76 (656 56 400 ) (656 56 208 ) (772 56 208 ) (772 56 400 ) 
4 76 79 (656 48 208 ) (772 48 208 ) (772 48 400 ) (656 48 400 ) 
4 77 81 (506 256 400 ) (506 256 208 ) (506 64 208 ) (506 64 400 ) 
4 77 78 (506 56 400 ) (506 56 208 ) (624 56 208 ) (624 56 400 ) 
4 78 79 (506 48 400 ) (506 48 208 ) (624 48 208 ) (624 48 400 ) 
4 79 244 (772 0 400 ) (506 0 400 ) (506 0 208 ) (772 0 208 ) 
3 80 105 (432 64 208 ) (432 128 208 ) (496 64 208 ) 
4 80 85 (432 128 208 ) (432 64 208 ) (432 64 400 ) (432 128 400 ) 
4 80 83 (432 64 400 ) (432 64 208 ) (496 64 208 ) (496 64 400 ) 
4 80 82 (496 64 400 ) (496 64 208 ) (432 128 208 ) (432 128 400 ) 
4 81 84 (432 256 400 ) (432 256 208 ) (432 138 208 ) (432 138 400 ) 
4 81 82 (432 138 400 ) (432 138 208 ) (506 64 208 ) (506 64 400 ) 
4 83 245 (496 0 400 ) (432 0 400 ) (432 0 208 ) (496 0 208 ) 
4 83 105 (496 0 208 ) (432 0 208 ) (432 64 208 ) (496 64 208 ) 
4 83 85 (432 64 208 ) (432 0 208 ) (432 0 400 ) (432 64 400 ) 
4 85 245 (432 0 400 ) (376 0 400 ) (376 0 208 ) (432 0 208 ) 
4 85 105 (432 0 208 ) (376 0 208 ) (376 128 208 ) (432 128 208 ) 
4 85 86 (376 128 208 ) (376 0 208 ) (376 0 400 ) (376 128 400 ) 
4 86 245 (376 0 400 ) (368 0 400 ) (368 0 208 ) (376 0 208 ) 
4 86 105 (376 0 208 ) (368 0 208 ) (368 128 208 ) (376 128 208 ) 
4 86 90 (368 128 208 ) (368 0 208 ) (368 0 400 ) (368 128 400 ) 
4 87 101 (240 252 208 ) (240 256 208 ) (344 256 208 ) (344 252 208 ) 
4 87 91 (240 256 400 ) (240 256 208 ) (240 252 208 ) (240 252 400 ) 
4 87 88 (240 252 400 ) (240 252 208 ) (344 252 208 ) (344 252 400 ) 
4 88 101 (240 136 208 ) (240 252 208 ) (344 252 208 ) (344 136 208 ) 
4 88 99 (344 252 208 ) (368 252 208 ) (368 136 208 ) (344 136 208 ) 
4 88 91 (240 252 208 ) (240 136 208 ) (240 136 400 ) (240 252 400 ) 
4 88 89 (240 136 400 ) (240 136 208 ) (368 136 208 ) (368 136 400 ) 
4 89 102 (240 128 208 ) (240 136 208 ) (344 136 208 ) (344 128 208 ) 
4 89 100 (344 136 208 ) (368 136 208 ) (368 128 208 ) (344 128 208 ) 
4 89 90 (240 128 400 ) (240 128 208 ) (368 128 208 ) (368 128 400 ) 
4 90 245 (368 0 400 ) (240 0 400 ) (240 0 208 ) (368 0 208 ) 
4 90 105 (368 0 208 ) (240 0 208 ) (240 128 208 ) (368 128 208 ) 
4 91 103 (224 136 208 ) (224 256 208 ) (240 256 208 ) (240 136 208 ) 
4 91 92 (224 256 400 ) (224 256 208 ) (224 136 208 ) (224 136 400 ) 
4 92 246 (224 0 400 ) (0 0 400 ) (0 0 208 ) (224 0 208 ) 
4 92 159 (0 0 208 ) (0 0 400 ) (0 128 400 ) (0 128 208 ) 
4 92 157 (0 128 400 ) (0 256 400 ) (0 256 208 ) (0 128 208 ) 
4 92 106 (224 0 208 ) (0 0 208 ) (0 128 208 ) (224 128 208 ) 
4 92 104 (0 128 208 ) (0 256 208 ) (224 256 208 ) (224 128 208 ) 
4 93 107 (1024 256 192 ) (1024 128 192 ) (912 128 192 ) (912 256 192 ) 
4 93 94 (912 128 208 ) (912 128 192 ) (1024 128 192 ) (1024 128 208 ) 
4 94 108 (1024 128 192 ) (1024 120 192 ) (912 120 192 ) (912 128 192 ) 
4 94 95 (912 120 208 ) (912 120 192 ) (1024 120 192 ) (1024 120 208 ) 
4 95 247 (1024 0 192 ) (1024 0 208 ) (912 0 208 ) (912 0 192 ) 
4 95 109 (1024 120 192 ) (1024 0 192 ) (912 0 192 ) (912 120 192 ) 
4 95 96 (912 120 192 ) (912 0 192 ) (912 0 208 ) (912 120 208 ) 
4 96 247 (912 0 208 ) (896 0 208 ) (896 0 192 ) (912 0 192 ) 
4 96 110 (912 120 192 ) (912 0 192 ) (896 0 192 ) (896 120 192 ) 
4 96 98 (896 120 192 ) (896 0 192 ) (896 0 208 ) (896 120 208 ) 
4 97 111 (896 256 192 ) (896 160 192 ) (784 160 192 ) (784 256 192 ) 
4 98 247 (896 0 208 ) (784 0 208 ) (784 0 192 ) (896 0 192 ) 
4 98 112 (896 128 192 ) (896 0 192 ) (784 0 192 ) (784 128 192 ) 
4 99 117 (368 252 192 ) (368 136 192 ) (344 136 192 ) (344 252 192 ) 
4 99 101 (344 252 192 ) (344 136 192 ) (344 136 208 ) (344 252 208 ) 
4 99 100 (344 136 208 ) (344 136 192 ) (368 136 192 ) (368 136 208 ) 
4 100 118 (368 136 192 ) (368 128 192 ) (344 128 192 ) (344 136 192 ) 
4 100 105 (344 128 192 ) (368 128 192 ) (368 128 208 ) (344 128 208 ) 
4 100 102 (344 136 192 ) (344 128 192 ) (344 128 208 ) (344 136 208 ) 
4 101 120 (344 256 192 ) (344 136 192 ) (240 136 192 ) (240 256 192 ) 
4 101 103 (240 256 192 ) (240 136 192 ) (240 136 208 ) (240 256 208 ) 
4 101 102 (240 136 208 ) (240 136 192 ) (344 136 192 ) (344 136 208 ) 
4 102 121 (344 136 192 ) (344 128 192 ) (240 128 192 ) (240 136 192 ) 
4 102 105 (240 128 192 ) (344 128 192 ) (344 128 208 ) (240 128 208 ) 
4 103 123 (240 256 192 ) (240 136 192 ) (224 136 192 ) (224 256 192 ) 
4 103 104 (224 256 208 ) (224 256 192 ) (224 136 192 ) (224 136 208 ) 
4 104 157 (0 128 208 ) (0 256 208 ) (0 256 192 ) (0 128 192 ) 
4 104 124 (224 128 192 ) (0 128 192 ) (0 256 192 ) (224 256 192 ) 
4 104 106 (0 128 192 ) (224 128 192 ) (224 128 208 ) (0 128 208 ) 
4 105 248 (496 0 208 ) (240 0 208 ) (240 0 192 ) (496 0 192 ) 
4 105 122 (344 0 192 ) (240 0 192 ) (240 128 192 ) (344 128 192 ) 
4 105 119 (368 0 192 ) (344 0 192 ) (344 128 192 ) (368 128 192 ) 
4 105 116 (384 0 192 ) (368 0 192 ) (368 128 192 ) (384 128 192 ) 
5 105 115 (496 0 192 ) (384 0 192 ) (384 128 192 ) (432 128 192 ) (496 64 192 ) 
4 106 249 (224 0 208 ) (0 0 208 ) (0 0 192 ) (224 0 192 ) 
4 106 159 (0 0 192 ) (0 0 208 ) (0 128 208 ) (0 128 192 ) 
4 106 124 (224 0 192 ) (0 0 192 ) (0 128 192 ) (224 128 192 ) 
4 107 108 (912 128 192 ) (912 128 144 ) (1024 128 144 ) (1024 128 192 ) 
4 108 109 (912 120 192 ) (912 120 144 ) (1024 120 144 ) (1024 120 192 ) 
4 109 250 (1024 0 144 ) (1024 0 192 ) (912 0 192 ) (912 0 144 ) 
4 109 110 (912 120 144 ) (912 0 144 ) (912 0 192 ) (912 120 192 ) 
4 110 250 (912 0 192 ) (896 0 192 ) (896 0 144 ) (912 0 144 ) 
4 110 112 (896 120 144 ) (896 0 144 ) (896 0 192 ) (896 120 192 ) 
4 111 125 (784 160 144 ) (784 256 144 ) (896 256 144 ) (896 160 144 ) 
4 112 250 (896 0 192 ) (784 0 192 ) (784 0 144 ) (896 0 144 ) 
4 113 126 (528 272 144 ) (768 272 144 ) (768 128 144 ) (528 128 144 ) 
4 114 127 (384 160 144 ) (384 256 144 ) (496 256 144 ) (496 160 144 ) 
4 115 251 (496 0 192 ) (384 0 192 ) (384 0 144 ) (496 0 144 ) 
4 115 116 (384 128 144 ) (384 0 144 ) (384 0 192 ) (384 128 192 ) 
4 116 251 (384 0 192 ) (368 0 192 ) (368 0 144 ) (384 0 144 ) 
4 116 119 (368 128 144 ) (368 0 144 ) (368 0 192 ) (368 128 192 ) 
4 117 120 (344 252 144 ) (344 136 144 ) (344 136 192 ) (344 252 192 ) 
4 117 118 (344 136 192 ) (344 136 144 ) (368 136 144 ) (368 136 192 ) 
4 118 121 (344 136 144 ) (344 128 144 ) (344 128 192 ) (344 136 192 ) 
4 118 119 (344 128 192 ) (344 128 144 ) (368 128 144 ) (368 128 192 ) 
4 119 251 (368 0 192 ) (344 0 192 ) (344 0 144 ) (368 0 144 ) 
4 119 122 (344 128 144 ) (344 0 144 ) (344 0 192 ) (344 128 192 ) 
4 120 123 (240 256 144 ) (240 136 144 ) (240 136 192 ) (240 256 192 ) 
4 120 121 (240 136 192 ) (240 136 144 ) (344 136 144 ) (344 136 192 ) 
4 121 122 (240 128 192 ) (240 128 144 ) (344 128 144 ) (344 128 192 ) 
4 122 251 (344 0 192 ) (240 0 192 ) (240 0 144 ) (344 0 144 ) 
4 123 124 (224 256 192 ) (224 256 144 ) (224 136 144 ) (224 136 192 ) 
4 124 252 (224 0 192 ) (0 0 192 ) (0 0 144 ) (224 0 144 ) 
4 124 159 (0 0 144 ) (0 0 192 ) (0 128 192 ) (0 128 144 ) 
4 124 157 (0 128 192 ) (0 256 192 ) (0 256 144 ) (0 128 144 ) 
4 124 143 (224 0 144 ) (0 0 144 ) (0 128 144 ) (224 128 144 ) 
4 124 129 (0 128 144 ) (0 256 144 ) (224 256 144 ) (224 128 144 ) 
4 125 132 (784 144 128 ) (784 256 128 ) (896 256 128 ) (896 144 128 ) 
4 126 140 (556 128 128 ) (724 128 128 ) (724 128 130 ) (556 128 130 ) 
4 126 131 (512 256 128 ) (512 272 128 ) (768 272 128 ) (768 256 128 ) 
4 126 132 (768 128 128 ) (512 128 128 ) (512 256 128 ) (768 256 128 ) 
4 127 132 (384 144 128 ) (384 256 128 ) (496 256 128 ) (496 144 128 ) 
4 129 157 (0 128 128 ) (0 128 144 ) (0 256 144 ) (0 256 128 ) 
4 129 143 (224 128 144 ) (0 128 144 ) (0 128 128 ) (224 128 128 ) 
4 129 136 (112 128 128 ) (0 128 128 ) (0 256 128 ) (112 256 128 ) 
4 129 135 (224 128 128 ) (112 128 128 ) (112 256 128 ) (224 256 128 ) 
4 130 144 (1024 128 16 ) (1024 128 128 ) (912 128 128 ) (912 128 16 ) 
4 131 132 (512 256 16 ) (768 256 16 ) (768 256 128 ) (512 256 128 ) 
4 132 147 (724 128 128 ) (556 128 128 ) (556 128 24 ) (724 128 24 ) 
4 133 134 (240 256 128 ) (240 256 16 ) (368 256 16 ) (368 256 128 ) 
4 134 152 (368 128 128 ) (240 128 128 ) (240 128 16 ) (368 128 16 ) 
4 135 152 (224 128 128 ) (112 128 128 ) (112 128 16 ) (224 128 16 ) 
4 135 137 (224 128 0 ) (112 128 0 ) (112 256 0 ) (224 256 0 ) 
4 135 136 (112 128 16 ) (112 128 128 ) (112 256 128 ) (112 256 16 ) 
4 136 157 (0 128 16 ) (0 128 128 ) (0 256 128 ) (0 256 16 ) 
4 136 152 (112 128 128 ) (0 128 128 ) (0 128 16 ) (112 128 16 ) 
4 138 253 (768 0 144 ) (512 0 144 ) (512 0 130 ) (768 0 130 ) 
4 138 142 (512 0 130 ) (512 112 130 ) (556 112 130 ) (556 0 130 ) 
4 138 141 (556 112 130 ) (724 112 130 ) (724 0 130 ) (556 0 130 ) 
4 138 139 (724 112 130 ) (768 112 130 ) (768 0 130 ) (724 0 130 ) 
4 139 254 (724 0 128 ) (768 0 128 ) (768 0 130 ) (724 0 130 ) 
4 139 146 (768 112 128 ) (768 0 128 ) (724 0 128 ) (724 112 128 ) 
4 139 141 (724 112 128 ) (724 0 128 ) (724 0 130 ) (724 112 130 ) 
4 140 147 (556 128 128 ) (724 128 128 ) (724 120 128 ) (556 120 128 ) 
4 140 141 (556 120 130 ) (556 120 128 ) (724 120 128 ) (724 120 130 ) 
4 141 254 (556 0 128 ) (724 0 128 ) (724 0 130 ) (556 0 130 ) 
4 141 148 (724 120 128 ) (724 0 128 ) (556 0 128 ) (556 120 128 ) 
4 141 142 (556 112 128 ) (556 0 128 ) (556 0 130 ) (556 112 130 ) 
4 142 254 (512 0 130 ) (512 0 128 ) (556 0 128 ) (556 0 130 ) 
4 142 150 (556 112 128 ) (556 0 128 ) (512 0 128 ) (512 112 128 ) 
4 143 256 (224 0 144 ) (0 0 144 ) (0 0 128 ) (224 0 128 ) 
4 143 159 (0 0 128 ) (0 0 144 ) (0 128 144 ) (0 128 128 ) 
4 143 152 (0 128 128 ) (224 128 128 ) (224 0 128 ) (0 0 128 ) 
4 144 257 (1024 0 16 ) (1024 0 128 ) (912 0 128 ) (912 0 16 ) 
4 144 145 (912 112 16 ) (912 0 16 ) (912 0 128 ) (912 112 128 ) 
4 145 257 (912 0 128 ) (896 0 128 ) (896 0 16 ) (912 0 16 ) 
4 146 258 (768 0 128 ) (724 0 128 ) (724 0 16 ) (768 0 16 ) 
4 146 153 (768 0 16 ) (724 0 16 ) (724 112 16 ) (768 112 16 ) 
4 146 149 (724 112 16 ) (724 0 16 ) (724 0 24 ) (724 112 24 ) 
4 146 148 (724 0 24 ) (724 0 128 ) (724 112 128 ) (724 112 24 ) 
4 147 148 (556 120 128 ) (556 120 24 ) (724 120 24 ) (724 120 128 ) 
4 148 258 (724 0 128 ) (556 0 128 ) (556 0 24 ) (724 0 24 ) 
4 148 150 (556 0 24 ) (556 0 128 ) (556 112 128 ) (556 112 24 ) 
4 148 149 (556 0 24 ) (556 112 24 ) (724 112 24 ) (724 0 24 ) 
4 149 258 (556 0 24 ) (556 0 16 ) (724 0 16 ) (724 0 24 ) 
4 149 153 (724 0 16 ) (556 0 16 ) (556 112 16 ) (724 112 16 ) 
4 149 150 (556 112 16 ) (556 0 16 ) (556 0 24 ) (556 112 24 ) 
4 150 258 (556 0 128 ) (512 0 128 ) (512 0 16 ) (556 0 16 ) 
4 150 153 (556 0 16 ) (512 0 16 ) (512 112 16 ) (556 112 16 ) 
4 151 259 (384 0 128 ) (368 0 128 ) (368 0 16 ) (384 0 16 ) 
4 151 152 (368 112 16 ) (368 0 16 ) (368 0 128 ) (368 112 128 ) 
4 152 259 (368 0 128 ) (0 0 128 ) (0 0 16 ) (368 0 16 ) 
4 152 159 (0 0 16 ) (0 0 128 ) (0 128 128 ) (0 128 16 ) 
4 153 263 (768 0 16 ) (512 0 16 ) (512 0 0 ) (768 0 0 ) 
4 154 155 (0 272 326 ) (0 272 400 ) (-224 272 400 ) (-224 272 326 ) 
4 155 156 (-224 264 400 ) (-224 264 324 ) (0 264 324 ) (0 264 400 ) 
4 156 157 (-224 256 400 ) (-224 256 248 ) (0 256 248 ) (0 256 400 ) 
4 157 161 (-128 128 400 ) (-224 128 400 ) (-224 128 16 ) (-128 128 16 ) 
4 157 159 (0 128 400 ) (-112 128 400 ) (-112 128 16 ) (0 128 16 ) 
4 157 158 (-224 128 16 ) (-224 128 400 ) (-224 252 400 ) (-224 252 16 ) 
4 158 161 (-224 128 400 ) (-256 128 400 ) (-256 128 16 ) (-224 128 16 ) 
4 159 386 (0 0 16 ) (0 0 400 ) (-112 0 400 ) (-112 0 16 ) 
4 160 396 (-256 0 64 ) (-256 0 16 ) (-128 0 16 ) (-128 0 64 ) 
4 161 162 (-256 112 16 ) (-128 112 16 ) (-128 112 400 ) (-256 112 400 ) 
4 162 397 (-256 0 208 ) (-256 0 72 ) (-128 0 72 ) (-128 0 208 ) 
4 162 395 (-128 0 400 ) (-256 0 400 ) (-256 0 208 ) (-128 0 208 ) 
4 163 238 (1024 0 568 ) (1024 0 472 ) (1024 -287 472 ) (1024 -287 568 ) 
4 163 166 (1024 -287 472 ) (1024 0 472 ) (1520 0 472 ) (1520 -287 472 ) 
4 164 167 (1952 0 416 ) (2048 0 416 ) (2048 -240 416 ) (1952 -240 416 ) 
4 164 165 (1952 0 416 ) (1952 -240 416 ) (1952 -240 472 ) (1952 0 472 ) 
4 165 168 (1552 0 416 ) (1952 0 416 ) (1952 -528 416 ) (1552 -528 416 ) 
4 166 238 (1024 0 472 ) (1024 0 416 ) (1024 -287 416 ) (1024 -287 472 ) 
4 166 172 (1089.085938 -116.987442 416 ) (1151.785400 -174 416 ) (1088 -174 416 ) (1088 -118 416 ) 
5 166 171 (1090.129883 -116 416 ) (1344 -116 416 ) (1344 -174 416 ) (1152.245850 -174 416 ) (1089.084229 -116.978874 416 ) 
3 166 170 (1088 -116 416 ) (1152.245850 -174 416 ) (1151.785400 -174 416 ) 
4 166 169 (1088 0 416 ) (1344 0 416 ) (1344 -116 416 ) (1088 -116 416 ) 
4 167 177 (2048 -228 400 ) (2048 -240 400 ) (1952 -240 400 ) (1952 -228 400 ) 
4 167 175 (2048 -16 400 ) (2048 -228 400 ) (1952 -228 400 ) (1952 -16 400 ) 
4 167 173 (1952 0 400 ) (2048 0 400 ) (2048 -16 400 ) (1952 -16 400 ) 
4 167 168 (1952 0 400 ) (1952 -240 400 ) (1952 -240 416 ) (1952 0 416 ) 
4 168 231 (1680 -528 400 ) (1552 -528 400 ) (1552 -512 400 ) (1680 -512 400 ) 
4 168 230 (1936 -528 400 ) (1680 -528 400 ) (1680 -512 400 ) (1936 -512 400 ) 
4 168 229 (1952 -512 400 ) (1952 -528 400 ) (1936 -528 400 ) (1936 -512 400 ) 
4 168 191 (1552 0 400 ) (1680 0 400 ) (1680 -512 400 ) (1552 -512 400 ) 
4 168 182 (1680 0 400 ) (1852 0 400 ) (1852 -512 400 ) (1680 -512 400 ) 
4 168 179 (1952 -240 400 ) (1952 -512 400 ) (1852 -512 400 ) (1852 -240 400 ) 
4 168 177 (1952 -228 400 ) (1952 -240 400 ) (1852 -240 400 ) (1852 -228 400 ) 
4 168 175 (1952 -16 400 ) (1952 -228 400 ) (1852 -228 400 ) (1852 -16 400 ) 
4 168 173 (1852 0 400 ) (1952 0 400 ) (1952 -16 400 ) (1852 -16 400 ) 
4 169 201 (1088 0 400 ) (1344 0 400 ) (1344 -116 400 ) (1088 -116 400 ) 
4 169 171 (1090.129883 -116 400 ) (1344 -116 400 ) (1344 -116 416 ) (1090.129883 -116 416 ) 
3 170 210 (1152.235840 -174 400 ) (1151.785400 -174 400 ) (1089.400391 -117.273338 400 ) 
5 170 172 (1089.078003 -116.982132 400.225616 ) (1089.097534 -117 400 ) (1151.783203 -174 400 ) (1151.783203 -174 416 ) (1089.084839 -116.988388 416 ) 
5 170 171 (1152.245117 -174 416 ) (1152.235107 -174 400 ) (1089.453369 -117.321548 400 ) (1089.080444 -116.982468 404.301697 ) (1089.084106 -116.979095 416 ) 
4 171 210 (1344 -128 400 ) (1344 -174 400 ) (1152.235840 -174 400 ) (1101.282227 -128 400 ) 
6 171 201 (1090.129883 -116 400 ) (1344 -116 400 ) (1344 -128 400 ) (1101.282227 -128 400 ) (1089.400391 -117.273338 400 ) (1089.080444 -116.982460 400 ) 
4 172 210 (1101.196899 -128 400 ) (1151.785400 -174 400 ) (1088 -174 400 ) (1088 -128 400 ) 
4 172 201 (1089.078857 -116.981056 400 ) (1101.196899 -128 400 ) (1088 -128 400 ) (1088 -117.987076 400 ) 
4 173 182 (1852 -16 20 ) (1852 -16 400 ) (1852 0 400 ) (1852 0 20 ) 
5 173 175 (1852 -16 400 ) (1852 -16 20 ) (2016 -16 20 ) (2048 -16 30.567194 ) (2048 -16 400 ) 
4 174 189 (2016 0 0 ) (2048 0 0 ) (2048 -16 0 ) (2016 -16 0 ) 
3 174 176 (2016 -16 0 ) (2048 -16 0 ) (2048 -16 10.567179 ) 
4 175 182 (1852 -228 20 ) (1852 -228 400 ) (1852 -16 400 ) (1852 -16 20 ) 
5 175 177 (1852 -228 400 ) (1852 -228 20 ) (2016 -228 20 ) (2048 -228 30.567194 ) (2048 -228 400 ) 
6 175 176 (2048 -228 20 ) (1856 -228 20 ) (1852 -224 20 ) (1852 -20 20 ) (1856 -16 20 ) (2048 -16 20 ) 
6 176 189 (1852 -224 0 ) (1852 -20 0 ) (1856 -16 0 ) (2048 -16 0 ) (2048 -228 0 ) (1856 -228 0 ) 
3 176 178 (2016 -228 0 ) (2048 -228 0 ) (2048 -228 10.567179 ) 
4 177 182 (1852 -240 20 ) (1852 -240 400 ) (1852 -228 400 ) (1852 -228 20 ) 
4 177 180 (1852 -240 176 ) (1852 -240 20 ) (1936 -240 20 ) (1936 -240 176 ) 
4 177 179 (1852 -240 400 ) (1852 -240 176 ) (1952 -240 176 ) (1952 -240 400 ) 
4 178 189 (2016 -228 0 ) (2048 -228 0 ) (2048 -240 0 ) (2016 -240 0 ) 
4 179 230 (1936 -512 400 ) (1852 -512 400 ) (1852 -512 176 ) (1936 -512 176 ) 
4 179 229 (1952 -512 400 ) (1936 -512 400 ) (1936 -512 176 ) (1952 -512 176 ) 
4 179 182 (1852 -512 176 ) (1852 -512 400 ) (1852 -240 400 ) (1852 -240 176 ) 
4 179 180 (1852 -512 176 ) (1852 -240 176 ) (1936 -240 176 ) (1936 -512 176 ) 
4 180 182 (1852 -512 20 ) (1852 -512 176 ) (1852 -240 176 ) (1852 -240 20 ) 
4 180 181 (1852 -512 20 ) (1852 -244 20 ) (1936 -244 20 ) (1936 -512 20 ) 
4 181 187 (1852 -512 16 ) (1852 -512 20 ) (1852 -244 20 ) (1852 -244 16 ) 
4 182 230 (1852 -512 400 ) (1680 -512 400 ) (1680 -512 176 ) (1852 -512 176 ) 
4 182 193 (1680 -424 124 ) (1680 -352 124 ) (1680 -352 20 ) (1680 -424 20 ) 
4 182 191 (1680 -512 208 ) (1680 -512 400 ) (1680 0 400 ) (1680 0 208 ) 
4 182 188 (1680 -512 20 ) (1680 0 20 ) (1836 0 20 ) (1836 -512 20 ) 
4 182 187 (1852 -244 20 ) (1852 -512 20 ) (1836 -512 20 ) (1836 -244 20 ) 
3 182 186 (1848 -244 20 ) (1842 -244 20 ) (1840 -240 20 ) 
3 182 185 (1836 -12 20 ) (1836 -6 20 ) (1840 -4 20 ) 
3 182 184 (1842 -244 20 ) (1836 -244 20 ) (1836 -232 20 ) 
3 182 183 (1836 0 20 ) (1848 0 20 ) (1836 -6 20 ) 
4 183 188 (1836 -6 16 ) (1836 -6 20 ) (1836 0 20 ) (1836 0 16 ) 
4 183 185 (1836 -6 20 ) (1836 -6 16 ) (1840 -4.001287 16 ) (1840 -4.001287 20 ) 
4 184 188 (1836 -244 16 ) (1836 -244 20 ) (1836 -232 20 ) (1836 -232 16 ) 
4 184 187 (1836 -244 20 ) (1836 -244 16 ) (1842 -244 16 ) (1842 -244 20 ) 
4 184 186 (1842 -244 20 ) (1842 -244 16 ) (1840 -240 16 ) (1840 -240 20 ) 
4 185 188 (1836 -12 20 ) (1836 -6 20 ) (1836 -6 16 ) (1836 -12 16 ) 
4 186 187 (1842 -244 16 ) (1848 -244 16 ) (1848 -244 20 ) (1842 -244 20 ) 
4 187 188 (1836 -512 16 ) (1836 -512 20 ) (1836 -244 20 ) (1836 -244 16 ) 
4 188 193 (1680 -424 20 ) (1680 -352 20 ) (1680 -352 16 ) (1680 -424 16 ) 
4 189 190 (1851 0 -32 ) (1851 -240 -32 ) (1851 -240 -8 ) (1851 0 -8 ) 
4 191 231 (1680 -512 400 ) (1552 -512 400 ) (1552 -512 208 ) (1680 -512 208 ) 
4 192 195 (1552 -352 192 ) (1552 -256 192 ) (1552 -120 124 ) (1552 -352 124 ) 
4 192 194 (1552 -512 124 ) (1552 0 124 ) (1664 0 124 ) (1664 -512 124 ) 
4 193 194 (1664 -352 16 ) (1664 -424 16 ) (1664 -424 124 ) (1664 -352 124 ) 
5 194 195 (1552 0 16 ) (1552 -352 16 ) (1552 -352 124 ) (1552 -120 124 ) (1552 0 64 ) 
4 195 219 (1536 -256 16 ) (1536 -352 16 ) (1536 -352 192 ) (1536 -256 192 ) 
4 195 207 (1536 -128 16 ) (1536 -256 16 ) (1536 -256 192 ) (1536 -128 128 ) 
4 195 196 (1536 0 16 ) (1536 -128 16 ) (1536 -128 128 ) (1536 0 64 ) 
4 196 207 (1408 -128 16 ) (1536 -128 16 ) (1536 -128 128 ) (1408 -128 128 ) 
4 196 200 (1408 0 16 ) (1408 -128 16 ) (1408 -128 128 ) (1408 0 64 ) 
4 197 198 (1408 -112 400 ) (1408 -112 127.998001 ) (1536 -112 127.998001 ) (1536 -112 400 ) 
4 198 199 (1408 -120 400 ) (1408 -120 131.996094 ) (1536 -120 131.996094 ) (1536 -120 400 ) 
4 199 208 (1536 -128 136 ) (1536 -128 400 ) (1408 -128 400 ) (1408 -128 136 ) 
4 200 209 (1392 -128 16 ) (1408 -128 16 ) (1408 -128 128 ) (1392 -128 128 ) 
4 200 201 (1392 0 16 ) (1392 -128 16 ) (1392 -128 128 ) (1392 0 64 ) 
4 201 210 (1056 -128 16 ) (1392 -128 16 ) (1392 -128 400 ) (1056 -128 400 ) 
4 201 202 (1056 0 16 ) (1056 -128 16 ) (1056 -128 128 ) (1056 0 128 ) 
4 202 212 (1040 -128 16 ) (1056 -128 16 ) (1056 -128 128 ) (1040 -128 128 ) 
4 202 204 (1040 0 16 ) (1040 -128 16 ) (1040 -128 128 ) (1040 0 128 ) 
4 203 250 (1024 0 192 ) (1024 0 144 ) (1024 -128 144 ) (1024 -128 192 ) 
4 203 247 (1024 0 208 ) (1024 0 192 ) (1024 -128 192 ) (1024 -128 208 ) 
4 203 243 (1024 0 400 ) (1024 0 208 ) (1024 -128 208 ) (1024 -128 400 ) 
4 203 205 (1040 -128 144 ) (1040 -128 400 ) (1024 -128 400 ) (1024 -128 144 ) 
4 204 260 (1024 -112 16 ) (1024 -128 16 ) (1024 -128 128 ) (1024 -112 128 ) 
4 204 257 (1024 0 128 ) (1024 0 16 ) (1024 -112 16 ) (1024 -112 128 ) 
4 204 206 (1024 -128 16 ) (1040 -128 16 ) (1040 -128 128 ) (1024 -128 128 ) 
4 205 267 (1024 -144 144 ) (1024 -144 336 ) (1024 -128 336 ) (1024 -128 144 ) 
4 205 265 (1024 -144 336 ) (1024 -144 400 ) (1024 -128 400 ) (1024 -128 336 ) 
4 205 211 (1040 -128 144 ) (1040 -128 336 ) (1024 -144 336 ) (1024 -144 144 ) 
4 206 299 (1024 -128 16 ) (1024 -144 16 ) (1024 -144 128 ) (1024 -128 128 ) 
4 206 212 (1024 -144 16 ) (1040 -128 16 ) (1040 -128 128 ) (1024 -144 128 ) 
4 207 219 (1408 -256 16 ) (1536 -256 16 ) (1536 -256 192 ) (1408 -256 192 ) 
4 207 209 (1408 -128 128 ) (1408 -128 16 ) (1408 -256 16 ) (1408 -256 192 ) 
4 208 216 (1536 -256 208 ) (1536 -256 336 ) (1408 -256 336 ) (1408 -256 208 ) 
4 208 213 (1536 -256 336 ) (1536 -256 400 ) (1408 -256 400 ) (1408 -256 336 ) 
4 209 219 (1392 -256 16 ) (1408 -256 16 ) (1408 -256 192 ) (1392 -256 192 ) 
4 209 210 (1392 -128 128 ) (1392 -128 16 ) (1392 -256 16 ) (1392 -256 192 ) 
4 210 299 (1024 -160 16 ) (1024 -256 16 ) (1024 -256 128 ) (1024 -160 128 ) 
4 210 275 (1024 -256 128 ) (1024 -256 144 ) (1024 -160 144 ) (1024 -160 128 ) 
4 210 266 (1024 -256 144 ) (1024 -256 336 ) (1024 -160 336 ) (1024 -160 144 ) 
4 210 264 (1024 -256 336 ) (1024 -256 400 ) (1024 -160 400 ) (1024 -160 336 ) 
4 210 220 (1024 -256 16 ) (1280 -256 16 ) (1280 -256 400 ) (1024 -256 400 ) 
4 210 218 (1392 -256 192 ) (1392 -256 208 ) (1280 -256 208 ) (1280 -256 192 ) 
4 210 219 (1280 -256 16 ) (1392 -256 16 ) (1392 -256 192 ) (1280 -256 192 ) 
4 210 215 (1392 -256 208 ) (1392 -256 336 ) (1280 -256 336 ) (1280 -256 208 ) 
4 210 214 (1392 -256 336 ) (1392 -256 400 ) (1280 -256 400 ) (1280 -256 336 ) 
4 210 212 (1056 -128 128 ) (1056 -128 16 ) (1024 -160 16 ) (1024 -160 128 ) 
4 210 211 (1056 -128 336 ) (1056 -128 144 ) (1024 -160 144 ) (1024 -160 336 ) 
4 211 268 (1024 -160 144 ) (1024 -160 336 ) (1024 -144 336 ) (1024 -144 144 ) 
4 212 299 (1024 -144 16 ) (1024 -160 16 ) (1024 -160 128 ) (1024 -144 128 ) 
4 213 225 (1536 -384 336 ) (1536 -384 400 ) (1280 -384 400 ) (1280 -384 336 ) 
4 213 216 (1536 -384 336 ) (1280 -384 336 ) (1408 -256 336 ) (1536 -256 336 ) 
4 214 220 (1280 -256 400 ) (1280 -256 336 ) (1280 -368 336 ) (1280 -368 400 ) 
3 214 215 (1280 -368 336 ) (1280 -256 336 ) (1392 -256 336 ) 
4 215 220 (1280 -256 336 ) (1280 -256 208 ) (1280 -368 208 ) (1280 -368 336 ) 
3 215 218 (1280 -368 208 ) (1280 -256 208 ) (1392 -256 208 ) 
4 215 217 (1280 -368 208 ) (1392 -256 208 ) (1392 -256 336 ) (1280 -368 336 ) 
4 216 225 (1536 -384 208 ) (1536 -384 336 ) (1280 -384 336 ) (1280 -384 208 ) 
4 216 217 (1408 -256 208 ) (1280 -384 208 ) (1280 -384 336 ) (1408 -256 336 ) 
4 218 220 (1280 -256 208 ) (1280 -256 192 ) (1280 -368 192 ) (1280 -368 208 ) 
3 218 219 (1280 -368 192 ) (1280 -256 192 ) (1392 -256 192 ) 
4 219 228 (1280 -384 16 ) (1392 -384 16 ) (1392 -384 192 ) (1280 -384 192 ) 
4 219 221 (1280 -368 16 ) (1280 -384 16 ) (1280 -384 192 ) (1280 -368 192 ) 
4 219 220 (1280 -256 192 ) (1280 -256 16 ) (1280 -368 16 ) (1280 -368 192 ) 
4 220 299 (1024 -256 16 ) (1024 -368 16 ) (1024 -368 128 ) (1024 -256 128 ) 
4 220 275 (1024 -368 128 ) (1024 -368 144 ) (1024 -256 144 ) (1024 -256 128 ) 
4 220 269 (1024 -368 144 ) (1024 -368 400 ) (1024 -256 400 ) (1024 -256 144 ) 
4 220 224 (1024 -368 16 ) (1056 -368 16 ) (1056 -368 192 ) (1024 -368 192 ) 
4 220 223 (1056 -368 16 ) (1256 -368 16 ) (1256 -368 192 ) (1056 -368 192 ) 
4 220 222 (1256 -368 208 ) (1256 -368 400 ) (1056 -368 400 ) (1056 -368 208 ) 
4 220 221 (1256 -368 16 ) (1280 -368 16 ) (1280 -368 192 ) (1256 -368 192 ) 
4 221 228 (1256 -384 16 ) (1280 -384 16 ) (1280 -384 192 ) (1256 -384 192 ) 
4 221 223 (1256 -368 192 ) (1256 -368 16 ) (1256 -384 16 ) (1256 -384 192 ) 
4 222 225 (1256 -384 208 ) (1256 -384 400 ) (1056 -384 400 ) (1056 -384 208 ) 
4 223 228 (1056 -384 16 ) (1256 -384 16 ) (1256 -384 192 ) (1056 -384 192 ) 
4 223 224 (1056 -368 192 ) (1056 -368 16 ) (1056 -384 16 ) (1056 -384 192 ) 
4 224 299 (1024 -368 16 ) (1024 -384 16 ) (1024 -384 128 ) (1024 -368 128 ) 
4 224 275 (1024 -384 128 ) (1024 -384 144 ) (1024 -368 144 ) (1024 -368 128 ) 
4 224 270 (1024 -384 144 ) (1024 -384 192 ) (1024 -368 192 ) (1024 -368 144 ) 
4 224 228 (1024 -384 16 ) (1056 -384 16 ) (1056 -384 192 ) (1024 -384 192 ) 
4 225 233 (1088 -512 384 ) (1088 -512 224 ) (1376 -512 224 ) (1376 -512 384 ) 
4 225 232 (1392 -512 328 ) (1392 -512 208 ) (1520 -512 208 ) (1520 -512 328 ) 
4 225 226 (1048 -384 400 ) (1048 -384 208 ) (1048 -512 208 ) (1048 -512 400 ) 
4 226 227 (1040 -384 400 ) (1040 -384 208 ) (1040 -512 208 ) (1040 -512 400 ) 
4 227 302 (1024 -512 208 ) (1024 -512 400 ) (1024 -384 400 ) (1024 -384 208 ) 
4 227 234 (1040 -512 400 ) (1024 -512 400 ) (1024 -512 208 ) (1040 -512 208 ) 
4 228 338 (1024 -384 16 ) (1024 -512 16 ) (1024 -512 144 ) (1024 -384 144 ) 
4 228 324 (1024 -512 144 ) (1024 -512 192 ) (1024 -384 192 ) (1024 -384 144 ) 
4 228 235 (1024 -512 192 ) (1024 -512 16 ) (1088 -512 16 ) (1088 -512 192 ) 
4 229 230 (1936 -512 400 ) (1936 -512 176 ) (1936 -528 176 ) (1936 -528 400 ) 
4 230 231 (1680 -512 400 ) (1680 -512 208 ) (1680 -528 208 ) (1680 -528 400 ) 
4 234 308 (1024 -528 400 ) (1024 -512 400 ) (1024 -512 208 ) (1024 -528 208 ) 
4 235 338 (1024 -512 144 ) (1024 -512 16 ) (1024 -568 16 ) (1024 -568 144 ) 
4 235 324 (1024 -512 192 ) (1024 -512 144 ) (1024 -568 144 ) (1024 -568 192 ) 
4 235 236 (1024 -568 16 ) (1088 -568 16 ) (1088 -568 192 ) (1024 -568 192 ) 
4 236 339 (1024 -568 16 ) (1024 -576 16 ) (1024 -576 144 ) (1024 -568 144 ) 
4 236 325 (1024 -576 144 ) (1024 -576 192 ) (1024 -568 192 ) (1024 -568 144 ) 
4 236 237 (1024 -576 16 ) (1088 -576 16 ) (1088 -576 192 ) (1024 -576 192 ) 
4 237 346 (1024 -576 16 ) (1024 -768 16 ) (1024 -768 144 ) (1024 -576 144 ) 
4 237 332 (1024 -768 144 ) (1024 -768 192 ) (1024 -576 192 ) (1024 -576 144 ) 
4 239 385 (0 0 672 ) (0 0 416 ) (0 -232 416 ) (0 -232 672 ) 
4 239 242 (0 -232 416 ) (0 0 416 ) (192 0 416 ) (192 -232 416 ) 
4 240 241 (368 -384 416 ) (416 -384 416 ) (416 -528 416 ) (368 -528 416 ) 
4 241 323 (416 -528 400 ) (368 -528 400 ) (368 -521 400 ) (416 -521 400 ) 
4 241 318 (368 -521 400 ) (368 -512 400 ) (416 -512 400 ) (416 -521 400 ) 
4 241 302 (368 -512 400 ) (368 -384 400 ) (416 -384 400 ) (416 -512 400 ) 
4 242 385 (0 0 416 ) (0 0 400 ) (0 -232 400 ) (0 -232 416 ) 
4 242 291 (192 -128 400 ) (192 -232 400 ) (0 -232 400 ) (0 -128 400 ) 
4 242 246 (0 0 400 ) (192 0 400 ) (192 -128 400 ) (0 -128 400 ) 
4 243 267 (784 -128 336 ) (784 -128 208 ) (1024 -128 208 ) (1024 -128 336 ) 
4 243 265 (1024 -128 400 ) (784 -128 400 ) (784 -128 336 ) (1024 -128 336 ) 
4 243 247 (1024 -128 208 ) (784 -128 208 ) (784 0 208 ) (1024 0 208 ) 
4 244 278 (768 -128 400 ) (512 -128 400 ) (512 -128 208 ) (768 -128 208 ) 
4 245 294 (240 -128 336 ) (240 -128 208 ) (368 -128 208 ) (368 -128 336 ) 
4 245 292 (368 -128 400 ) (240 -128 400 ) (240 -128 336 ) (368 -128 336 ) 
4 245 285 (496 -128 400 ) (368 -128 400 ) (368 -128 208 ) (496 -128 208 ) 
4 245 248 (496 -128 208 ) (240 -128 208 ) (240 0 208 ) (496 0 208 ) 
4 246 386 (0 0 400 ) (0 0 208 ) (0 -128 208 ) (0 -128 400 ) 
4 246 293 (0 -128 336 ) (0 -128 208 ) (224 -128 208 ) (224 -128 336 ) 
4 246 291 (224 -128 400 ) (0 -128 400 ) (0 -128 336 ) (224 -128 336 ) 
4 246 249 (224 -128 208 ) (0 -128 208 ) (0 0 208 ) (224 0 208 ) 
4 247 267 (784 -128 192 ) (1024 -128 192 ) (1024 -128 208 ) (784 -128 208 ) 
4 247 250 (1024 -128 192 ) (784 -128 192 ) (784 0 192 ) (1024 0 192 ) 
4 248 294 (240 -128 192 ) (368 -128 192 ) (368 -128 208 ) (240 -128 208 ) 
4 248 285 (368 -128 192 ) (496 -128 192 ) (496 -128 208 ) (368 -128 208 ) 
4 248 251 (496 -128 192 ) (240 -128 192 ) (240 0 192 ) (496 0 192 ) 
4 249 386 (0 0 208 ) (0 0 192 ) (0 -128 192 ) (0 -128 208 ) 
4 249 293 (0 -128 208 ) (0 -128 192 ) (224 -128 192 ) (224 -128 208 ) 
4 249 252 (224 -128 192 ) (0 -128 192 ) (0 0 192 ) (224 0 192 ) 
4 250 267 (784 -128 144 ) (1024 -128 144 ) (1024 -128 192 ) (784 -128 192 ) 
4 251 294 (240 -128 144 ) (368 -128 144 ) (368 -128 192 ) (240 -128 192 ) 
4 251 285 (368 -128 144 ) (496 -128 144 ) (496 -128 192 ) (368 -128 192 ) 
4 252 386 (0 0 192 ) (0 0 144 ) (0 -128 144 ) (0 -128 192 ) 
4 252 293 (0 -128 192 ) (0 -128 144 ) (224 -128 144 ) (224 -128 192 ) 
4 252 256 (224 -128 144 ) (0 -128 144 ) (0 0 144 ) (224 0 144 ) 
4 253 254 (512 -112 130 ) (512 0 130 ) (768 0 130 ) (768 -112 130 ) 
4 254 258 (512 -112 128 ) (512 0 128 ) (768 0 128 ) (768 -112 128 ) 
4 254 255 (724 -112 130 ) (556 -112 130 ) (556 -112 128 ) (724 -112 128 ) 
4 255 284 (556 -128 128 ) (724 -128 128 ) (724 -128 130 ) (556 -128 130 ) 
4 255 261 (724 -128 128 ) (556 -128 128 ) (556 -112 128 ) (724 -112 128 ) 
4 256 386 (0 0 144 ) (0 0 128 ) (0 -128 128 ) (0 -128 144 ) 
4 256 296 (0 -128 144 ) (0 -128 128 ) (224 -128 128 ) (224 -128 144 ) 
4 256 262 (224 -128 128 ) (0 -128 128 ) (0 -112 128 ) (224 -112 128 ) 
4 256 259 (0 -112 128 ) (0 0 128 ) (224 0 128 ) (224 -112 128 ) 
4 257 260 (928 -112 16 ) (1024 -112 16 ) (1024 -112 128 ) (928 -112 128 ) 
4 258 263 (512 0 16 ) (768 0 16 ) (768 -112 16 ) (512 -112 16 ) 
4 258 261 (724 -112 24 ) (724 -112 128 ) (556 -112 128 ) (556 -112 24 ) 
4 259 386 (0 0 128 ) (0 0 16 ) (0 -112 16 ) (0 -112 128 ) 
4 259 262 (0 -112 16 ) (352 -112 16 ) (352 -112 128 ) (0 -112 128 ) 
4 260 299 (928 -128 16 ) (1024 -128 16 ) (1024 -128 128 ) (928 -128 128 ) 
4 261 300 (724 -128 24 ) (724 -128 128 ) (556 -128 128 ) (556 -128 24 ) 
4 262 386 (0 -112 16 ) (0 -128 16 ) (0 -128 128 ) (0 -112 128 ) 
4 262 301 (0 -128 128 ) (0 -128 16 ) (352 -128 16 ) (352 -128 128 ) 
4 264 269 (928 -256 336 ) (1024 -256 336 ) (1024 -256 400 ) (928 -256 400 ) 
3 264 266 (1024 -256 336 ) (928 -256 336 ) (1024 -160 336 ) 
4 265 272 (784 -256 400 ) (784 -256 336 ) (912 -256 336 ) (912 -256 400 ) 
5 265 267 (912 -256 336 ) (784 -256 336 ) (784 -128 336 ) (1024 -128 336 ) (1024 -144 336 ) 
3 266 275 (1024 -160 144 ) (1024 -256 144 ) (928 -256 144 ) 
4 266 269 (928 -256 144 ) (1024 -256 144 ) (1024 -256 336 ) (928 -256 336 ) 
4 266 268 (1024 -160.003906 144 ) (928.003906 -256 144 ) (928.003906 -256 336 ) (1024 -160.003906 336 ) 
4 267 272 (784 -256 336 ) (784 -256 144 ) (912 -256 144 ) (912 -256 336 ) 
4 267 268 (1024 -144 336 ) (912 -256 336 ) (912 -256 144 ) (1024 -144 144 ) 
4 269 275 (928 -368 144 ) (928 -256 144 ) (1024 -256 144 ) (1024 -368 144 ) 
4 269 270 (928 -368 192 ) (928 -368 144 ) (1024 -368 144 ) (1024 -368 192 ) 
4 270 324 (1024 -384 144 ) (1024 -384 192 ) (928 -384 192 ) (928 -384 144 ) 
4 270 275 (1024 -384 144 ) (928 -384 144 ) (928 -368 144 ) (1024 -368 144 ) 
4 271 326 (784 -384 192 ) (784 -384 144 ) (912 -384 144 ) (912 -384 192 ) 
4 271 276 (912 -384 144 ) (784 -384 144 ) (784 -300 144 ) (912 -300 144 ) 
3 271 274 (784 -300 144 ) (784 -384 144 ) (784 -384 192 ) 
4 272 273 (784 -376 400 ) (784 -376 195.998016 ) (912 -376 195.998016 ) (912 -376 400 ) 
4 273 302 (912 -384 400 ) (784 -384 400 ) (784 -384 208 ) (912 -384 208 ) 
4 274 326 (768 -384 192 ) (768 -384 144 ) (784 -384 144 ) (784 -384 192 ) 
3 274 284 (768 -300 144 ) (768 -384 144 ) (768 -384 192 ) 
4 274 277 (784 -384 144 ) (768 -384 144 ) (768 -300 144 ) (784 -300 144 ) 
4 275 338 (1024 -384 128 ) (1024 -384 144 ) (928 -384 144 ) (928 -384 128 ) 
4 275 299 (1024 -384 128 ) (928 -384 128 ) (928 -256 128 ) (1024 -160 128 ) 
4 276 340 (912 -384 144 ) (784 -384 144 ) (784 -384 128 ) (912 -384 128 ) 
4 276 300 (912 -384 128 ) (784 -384 128 ) (784 -272 128 ) (912 -272 128 ) 
4 276 277 (784 -272 128 ) (784 -384 128 ) (784 -384 144 ) (784 -300 144 ) 
4 277 340 (784 -384 144 ) (768 -384 144 ) (768 -384 128 ) (784 -384 128 ) 
4 277 300 (784 -384 128 ) (768 -384 128 ) (768 -272 128 ) (784 -272 128 ) 
4 277 284 (768 -272 128 ) (768 -384 128 ) (768 -384 144 ) (768 -300 144 ) 
4 278 279 (512 -184 400 ) (512 -184 208 ) (768 -184 208 ) (768 -184 400 ) 
4 279 280 (512 -192 400 ) (512 -192 208 ) (768 -192 208 ) (768 -192 400 ) 
4 280 283 (512 -368 208 ) (512 -192 208 ) (768 -192 208 ) (768 -368 208 ) 
4 280 281 (512 -368 400 ) (512 -368 208 ) (768 -368 208 ) (768 -368 400 ) 
4 281 282 (512 -376 400 ) (512 -376 208 ) (768 -376 208 ) (768 -376 400 ) 
4 282 302 (768 -384 400 ) (512 -384 400 ) (512 -384 208 ) (768 -384 208 ) 
4 283 284 (512 -368 192 ) (512 -192 192 ) (768 -192 192 ) (768 -368 192 ) 
4 284 340 (512 -384 144 ) (512 -384 128 ) (768 -384 128 ) (768 -384 144 ) 
4 284 326 (512 -384 192 ) (512 -384 144 ) (768 -384 144 ) (768 -384 192 ) 
4 284 300 (768 -384 128 ) (512 -384 128 ) (512 -128 128 ) (768 -128 128 ) 
3 284 286 (512 -272 128 ) (512 -384 128 ) (512 -384 192 ) 
4 285 294 (368 -128 336 ) (368 -128 144 ) (368 -256 144 ) (368 -256 336 ) 
4 285 292 (368 -128 400 ) (368 -128 336 ) (368 -256 336 ) (368 -256 400 ) 
4 285 288 (432 -272 144 ) (496 -272 144 ) (496 -272 400 ) (432 -272 400 ) 
4 286 340 (496 -384 144 ) (496 -384 128 ) (512 -384 128 ) (512 -384 144 ) 
4 286 326 (496 -384 192 ) (496 -384 144 ) (512 -384 144 ) (512 -384 192 ) 
4 286 300 (512 -384 128 ) (496 -384 128 ) (496 -272 128 ) (512 -272 128 ) 
3 286 287 (496 -272 128 ) (496 -384 128 ) (496 -384 192 ) 
4 287 340 (432 -384 144 ) (432 -384 128 ) (496 -384 128 ) (496 -384 144 ) 
4 287 326 (432 -384 192 ) (432 -384 144 ) (496 -384 144 ) (496 -384 192 ) 
4 287 300 (496 -384 128 ) (432 -384 128 ) (432 -272 128 ) (496 -272 128 ) 
3 287 290 (432 -272 128 ) (432 -384 128 ) (432 -384 192 ) 
4 288 289 (432 -368 400 ) (432 -368 191.998032 ) (496 -368 191.998032 ) (496 -368 400 ) 
4 289 302 (496 -384 400 ) (432 -384 400 ) (432 -384 208 ) (496 -384 208 ) 
4 290 340 (368 -384 144 ) (368 -384 128 ) (432 -384 128 ) (432 -384 144 ) 
4 290 326 (368 -384 192 ) (368 -384 144 ) (432 -384 144 ) (432 -384 192 ) 
4 290 300 (432 -384 128 ) (368 -384 128 ) (368 -272 128 ) (432 -272 128 ) 
4 291 386 (0 -256 400 ) (0 -128 400 ) (0 -128 336 ) (0 -256 336 ) 
4 291 297 (352 -256 400 ) (0 -256 400 ) (0 -256 336 ) (352 -256 336 ) 
4 291 293 (352 -256 336 ) (0 -256 336 ) (0 -128 336 ) (224 -128 336 ) 
3 292 294 (368 -256 336 ) (240 -128 336 ) (368 -128 336 ) 
4 293 386 (0 -128 336 ) (0 -128 144 ) (0 -256 144 ) (0 -256 336 ) 
4 293 297 (352 -256 336 ) (0 -256 336 ) (0 -256 144 ) (352 -256 144 ) 
4 293 296 (352 -256 144 ) (0 -256 144 ) (0 -128 144 ) (224 -128 144 ) 
4 293 295 (352 -256 144 ) (224 -128 144 ) (224 -128 336 ) (352 -256 336 ) 
4 294 295 (240 -128 144 ) (368 -256 144 ) (368 -256 336 ) (240 -128 336 ) 
4 296 386 (0 -128 144 ) (0 -128 128 ) (0 -256 128 ) (0 -256 144 ) 
4 296 301 (0 -256 128 ) (0 -128 128 ) (224 -128 128 ) (352 -256 128 ) 
4 296 297 (0 -256 128 ) (352 -256 128 ) (352 -256 144 ) (0 -256 144 ) 
4 297 393 (0 -256 192 ) (0 -256 128 ) (0 -368 128 ) (0 -368 192 ) 
4 297 392 (0 -256 208 ) (0 -256 192 ) (0 -368 192 ) (0 -368 208 ) 
4 297 390 (0 -256 336 ) (0 -256 208 ) (0 -368 208 ) (0 -368 336 ) 
4 297 389 (0 -368 400 ) (0 -256 400 ) (0 -256 336 ) (0 -368 336 ) 
4 297 301 (0 -368 128 ) (0 -256 128 ) (352 -256 128 ) (352 -368 128 ) 
4 297 298 (0 -368 128 ) (352 -368 128 ) (352 -368 192 ) (0 -368 192 ) 
4 298 393 (0 -384 128 ) (0 -384 192 ) (0 -368 192 ) (0 -368 128 ) 
4 298 345 (0 -384 144 ) (0 -384 128 ) (192 -384 128 ) (192 -384 144 ) 
4 298 343 (192 -384 128 ) (352 -384 128 ) (352 -384 144 ) (192 -384 144 ) 
4 298 331 (0 -384 192 ) (0 -384 144 ) (192 -384 144 ) (192 -384 192 ) 
4 298 329 (192 -384 144 ) (352 -384 144 ) (352 -384 192 ) (192 -384 192 ) 
4 298 301 (352 -384 128 ) (0 -384 128 ) (0 -368 128 ) (352 -368 128 ) 
4 299 338 (1024 -384 16 ) (1024 -384 128 ) (928 -384 128 ) (928 -384 16 ) 
4 300 340 (912 -384 128 ) (368 -384 128 ) (368 -384 16 ) (912 -384 16 ) 
4 301 393 (0 -384 16 ) (0 -384 128 ) (0 -256 128 ) (0 -256 16 ) 
4 301 386 (0 -256 128 ) (0 -128 128 ) (0 -128 16 ) (0 -256 16 ) 
4 301 345 (192 -384 128 ) (0 -384 128 ) (0 -384 16 ) (192 -384 16 ) 
4 301 343 (352 -384 128 ) (192 -384 128 ) (192 -384 16 ) (352 -384 16 ) 
4 302 319 (197 -512 400 ) (192 -512 400 ) (192 -512 208 ) (197 -512 208 ) 
4 302 318 (544 -512 400 ) (197 -512 400 ) (197 -512 208 ) (544 -512 208 ) 
4 302 317 (576 -512 400 ) (544 -512 400 ) (544 -512 208 ) (576 -512 208 ) 
4 302 313 (576 -512 320 ) (576 -512 208 ) (704 -512 208 ) (704 -512 320 ) 
4 302 311 (704 -512 400 ) (576 -512 400 ) (576 -512 320 ) (704 -512 320 ) 
4 302 310 (736 -512 400 ) (704 -512 400 ) (704 -512 208 ) (736 -512 208 ) 
4 302 308 (1024 -512 208 ) (1024 -512 400 ) (896 -512 400 ) (896 -512 208 ) 
4 302 309 (896 -512 400 ) (736 -512 400 ) (736 -512 208 ) (896 -512 208 ) 
4 302 306 (192 -384 336 ) (192 -384 208 ) (192 -512 208 ) (192 -512 336 ) 
4 303 399 (0 -512 400 ) (0 -384 400 ) (0 -384 336 ) (0 -512 336 ) 
3 303 305 (0 -384 336 ) (128 -512 336 ) (0 -512 336 ) 
4 303 304 (128 -512 400 ) (128 -512 336 ) (0 -384 336 ) (0 -384 400 ) 
4 304 307 (0 -384 336 ) (172 -384 336 ) (172 -512 336 ) (128 -512 336 ) 
4 305 399 (0 -384 336 ) (0 -384 208 ) (0 -512 208 ) (0 -512 336 ) 
4 305 307 (0.003906 -384 336 ) (128.003906 -512 336 ) (128.003906 -512 208 ) (0.003891 -384 208 ) 
4 306 307 (184 -384 208 ) (184 -512 208 ) (184 -512 336 ) (184 -384 336 ) 
4 308 309 (896 -512 400 ) (896 -512 208 ) (896 -528 208 ) (896 -528 400 ) 
4 309 310 (736 -512 400 ) (736 -512 208 ) (736 -688 208 ) (736 -688 400 ) 
4 310 313 (704 -512 320 ) (704 -512 208 ) (704 -688 208 ) (704 -688 320 ) 
4 310 311 (704 -512 400 ) (704 -512 320 ) (704 -688 320 ) (704 -688 400 ) 
4 311 317 (576 -512 400 ) (576 -512 320 ) (576 -688 320 ) (576 -688 400 ) 
4 311 313 (576 -704 320 ) (576 -512 320 ) (704 -512 320 ) (704 -704 320 ) 
4 312 361 (704 -1024 400 ) (576 -1024 400 ) (576 -1024 320 ) (704 -1024 320 ) 
4 312 315 (576 -1024 320 ) (576 -720 320 ) (704 -720 320 ) (704 -1024 320 ) 
4 313 317 (576 -512 320 ) (576 -512 208 ) (576 -688 208 ) (576 -688 320 ) 
4 313 314 (588 -704 208 ) (692 -704 208 ) (692 -704 320 ) (588 -704 320 ) 
4 314 315 (588 -720 208 ) (692 -720 208 ) (692 -720 320 ) (588 -720 320 ) 
4 315 361 (576 -1024 320 ) (576 -1024 208 ) (704 -1024 208 ) (704 -1024 320 ) 
4 315 316 (576 -1024 208 ) (576 -768 208 ) (704 -768 208 ) (704 -1024 208 ) 
4 316 361 (576 -1024 208 ) (576 -1024 192 ) (704 -1024 192 ) (704 -1024 208 ) 
4 316 337 (704 -1024 192 ) (576 -1024 192 ) (576 -784 192 ) (704 -784 192 ) 
4 317 322 (544 -521 208 ) (544 -688 208 ) (544 -688 400 ) (544 -521 400 ) 
4 317 318 (544 -512 400 ) (544 -512 208 ) (544 -521 208 ) (544 -521 400 ) 
4 318 323 (197 -521 208 ) (432 -521 208 ) (432 -521 400 ) (197 -521 400 ) 
4 318 322 (432 -521 208 ) (544 -521 208 ) (544 -521 400 ) (432 -521 400 ) 
4 318 320 (197 -521 259 ) (197 -521 400 ) (197 -517 400 ) (197 -517 259 ) 
4 318 321 (197 -517 208 ) (197 -521 208 ) (197 -521 253 ) (197 -517 253 ) 
4 318 319 (197 -512 400 ) (197 -512 208 ) (197 -517 208 ) (197 -517 400 ) 
4 319 320 (192 -517 400 ) (192 -517 259 ) (197 -517 259 ) (197 -517 400 ) 
4 319 321 (192 -517 253 ) (192 -517 208 ) (197 -517 208 ) (197 -517 253 ) 
4 320 323 (192 -521 400 ) (192 -521 259 ) (197 -521 259 ) (197 -521 400 ) 
4 321 323 (192 -521 253 ) (192 -521 208 ) (197 -521 208 ) (197 -521 253 ) 
4 322 323 (432 -521 400 ) (432 -521 208 ) (432 -528 208 ) (432 -528 400 ) 
4 324 338 (928 -384 144 ) (1024 -384 144 ) (1024 -568 144 ) (928 -568 144 ) 
4 324 325 (928 -568 192 ) (928 -568 144 ) (1024 -568 144 ) (1024 -568 192 ) 
4 325 339 (1024 -568 144 ) (1024 -576 144 ) (928 -576 144 ) (928 -568 144 ) 
4 325 332 (928 -576 144 ) (1024 -576 144 ) (1024 -576 192 ) (928 -576 192 ) 
4 326 340 (368 -384 144 ) (912 -384 144 ) (912 -392 144 ) (368 -392 144 ) 
4 326 327 (368 -392 192 ) (368 -392 144 ) (912 -392 144 ) (912 -392 192 ) 
4 327 341 (912 -392 144 ) (912 -568 144 ) (368 -568 144 ) (368 -392 144 ) 
4 327 328 (368 -568 192 ) (368 -568 144 ) (912 -568 144 ) (912 -568 192 ) 
4 328 342 (912 -568 144 ) (912 -576 144 ) (368 -576 144 ) (368 -568 144 ) 
4 328 334 (368 -576 144 ) (912 -576 144 ) (912 -576 192 ) (368 -576 192 ) 
4 329 343 (192 -384 144 ) (352 -384 144 ) (352 -568 144 ) (192 -568 144 ) 
4 329 331 (192 -384 144 ) (192 -512 144 ) (192 -512 192 ) (192 -384 192 ) 
4 329 330 (192 -568 192 ) (192 -568 144 ) (352 -568 144 ) (352 -568 192 ) 
4 330 344 (352 -568 144 ) (352 -576 144 ) (192 -576 144 ) (192 -568 144 ) 
4 330 336 (192 -576 144 ) (352 -576 144 ) (352 -576 192 ) (192 -576 192 ) 
4 331 400 (0 -512 192 ) (0 -384 192 ) (0 -384 144 ) (0 -512 144 ) 
4 331 345 (0 -512 144 ) (0 -384 144 ) (192 -384 144 ) (192 -512 144 ) 
4 332 346 (928 -576 144 ) (1024 -576 144 ) (1024 -768 144 ) (928 -768 144 ) 
4 332 333 (928 -576 192 ) (928 -576 144 ) (928 -768 144 ) (928 -768 192 ) 
4 333 347 (912 -576 144 ) (928 -576 144 ) (928 -768 144 ) (912 -768 144 ) 
4 333 334 (912 -576 192 ) (912 -576 144 ) (912 -768 144 ) (912 -768 192 ) 
4 334 357 (368 -576 144 ) (384 -576 144 ) (384 -768 144 ) (368 -768 144 ) 
4 334 356 (384 -576 144 ) (568 -576 144 ) (568 -768 144 ) (384 -768 144 ) 
4 334 354 (568 -576 144 ) (576 -576 144 ) (576 -768 144 ) (568 -768 144 ) 
4 334 352 (576 -576 144 ) (704 -576 144 ) (704 -768 144 ) (576 -768 144 ) 
4 334 351 (704 -576 144 ) (712 -576 144 ) (712 -768 144 ) (704 -768 144 ) 
4 334 350 (712 -576 144 ) (896 -576 144 ) (896 -768 144 ) (712 -768 144 ) 
4 334 348 (896 -576 144 ) (912 -576 144 ) (912 -768 144 ) (896 -768 144 ) 
4 334 335 (368 -576 192 ) (368 -576 144 ) (368 -768 144 ) (368 -768 192 ) 
4 335 358 (352 -576 144 ) (368 -576 144 ) (368 -768 144 ) (352 -768 144 ) 
4 335 336 (352 -576 192 ) (352 -576 144 ) (352 -768 144 ) (352 -768 192 ) 
4 336 359 (192 -576 144 ) (352 -576 144 ) (352 -768 144 ) (192 -768 144 ) 
4 337 361 (704 -1024 192 ) (576 -1024 192 ) (576 -1024 144 ) (704 -1024 144 ) 
4 337 353 (704 -1024 144 ) (576 -1024 144 ) (576 -784 144 ) (704 -784 144 ) 
4 338 339 (928 -568 144 ) (928 -568 16 ) (1024 -568 16 ) (1024 -568 144 ) 
4 339 346 (928 -576 16 ) (1024 -576 16 ) (1024 -576 144 ) (928 -576 144 ) 
4 340 341 (368 -392 144 ) (368 -392 16 ) (912 -392 16 ) (912 -392 144 ) 
4 341 342 (368 -568 144 ) (368 -568 16 ) (912 -568 16 ) (912 -568 144 ) 
4 342 357 (368 -576 16 ) (384 -576 16 ) (384 -576 144 ) (368 -576 144 ) 
4 342 356 (384 -576 16 ) (568 -576 16 ) (568 -576 144 ) (384 -576 144 ) 
4 342 354 (568 -576 16 ) (576 -576 16 ) (576 -576 144 ) (568 -576 144 ) 
4 342 352 (576 -576 16 ) (704 -576 16 ) (704 -576 144 ) (576 -576 144 ) 
4 342 351 (704 -576 16 ) (712 -576 16 ) (712 -576 144 ) (704 -576 144 ) 
4 342 350 (712 -576 16 ) (896 -576 16 ) (896 -576 144 ) (712 -576 144 ) 
4 342 348 (896 -576 16 ) (912 -576 16 ) (912 -576 144 ) (896 -576 144 ) 
4 343 345 (192 -384 16 ) (192 -512 16 ) (192 -512 144 ) (192 -384 144 ) 
4 343 344 (192 -568 144 ) (192 -568 16 ) (352 -568 16 ) (352 -568 144 ) 
4 344 359 (192 -576 16 ) (352 -576 16 ) (352 -576 144 ) (192 -576 144 ) 
4 345 400 (0 -512 144 ) (0 -384 144 ) (0 -384 16 ) (0 -512 16 ) 
4 346 347 (928 -576 144 ) (928 -576 16 ) (928 -768 16 ) (928 -768 144 ) 
4 347 348 (912 -576 144 ) (912 -576 16 ) (912 -768 16 ) (912 -768 144 ) 
4 348 350 (896 -576 144 ) (896 -576 16 ) (896 -768 16 ) (896 -768 144 ) 
4 349 365 (896 -1024 144 ) (769 -1024 144 ) (769 -1024 16 ) (896 -1024 16 ) 
4 349 350 (896 -767.996521 144 ) (896 -767.996521 16 ) (768.998413 -1024 16 ) (768.998413 -1024 144 ) 
4 350 367 (769 -1024 144 ) (712 -1024 144 ) (712 -1024 16 ) (769 -1024 16 ) 
4 350 351 (712 -576 144 ) (712 -576 16 ) (712 -768 16 ) (712 -768 144 ) 
4 351 352 (704 -576 144 ) (704 -576 16 ) (704 -768 16 ) (704 -768 144 ) 
4 352 354 (576 -576 144 ) (576 -576 16 ) (576 -768 16 ) (576 -768 144 ) 
4 353 373 (704 -1024 144 ) (576 -1024 144 ) (576 -1024 16 ) (704 -1024 16 ) 
4 354 356 (568 -576 144 ) (568 -576 16 ) (568 -768 16 ) (568 -768 144 ) 
4 355 376 (511 -1024 144 ) (384 -1024 144 ) (384 -1024 16 ) (511 -1024 16 ) 
4 355 356 (511.001587 -1024 16 ) (384 -767.996521 16 ) (384 -767.996521 144 ) (511.001587 -1024 144 ) 
4 356 378 (568 -1024 144 ) (511 -1024 144 ) (511 -1024 16 ) (568 -1024 16 ) 
4 356 357 (384 -576 144 ) (384 -576 16 ) (384 -768 16 ) (384 -768 144 ) 
4 357 358 (368 -576 144 ) (368 -576 16 ) (368 -768 16 ) (368 -768 144 ) 
4 358 359 (352 -576 144 ) (352 -576 16 ) (352 -768 16 ) (352 -768 144 ) 
4 360 368 (896 -1160 144 ) (896 -1280 144 ) (704 -1280 144 ) (704 -1160 144 ) 
4 360 363 (704 -1160 144 ) (704 -1280 144 ) (704 -1280 400 ) (704 -1160 400 ) 
4 361 373 (576 -1024 144 ) (704 -1024 144 ) (704 -1152 144 ) (576 -1152 144 ) 
4 361 362 (576 -1152 400 ) (576 -1152 144 ) (704 -1152 144 ) (704 -1152 400 ) 
6 362 374 (704 -1152 144 ) (704 -1155.023804 144 ) (701.531372 -1160 144 ) (578.468750 -1160 144 ) (576 -1155.023560 144 ) (576 -1152 144 ) 
3 362 371 (704 -1155.023804 144 ) (704 -1160 144 ) (701.531372 -1160 144 ) 
3 362 369 (578.468750 -1160 144 ) (576 -1160 144 ) (576 -1155.023560 144 ) 
4 362 363 (576 -1160 400 ) (576 -1160 144 ) (704 -1160 144 ) (704 -1160 400 ) 
4 363 375 (642 -1280 144 ) (638 -1280 144 ) (578.468750 -1160 144 ) (701.531372 -1160 144 ) 
4 363 372 (704 -1160 144 ) (704 -1280 144 ) (642 -1280 144 ) (701.531372 -1160 144 ) 
4 363 370 (638 -1280 144 ) (576 -1280 144 ) (576 -1160 144 ) (578.468750 -1160 144 ) 
4 363 364 (576 -1160 144 ) (576 -1280 144 ) (576 -1280 400 ) (576 -1160 400 ) 
4 364 379 (576 -1160 144 ) (576 -1280 144 ) (384 -1280 144 ) (384 -1160 144 ) 
4 365 367 (768.998413 -1024 16 ) (712 -1138.894531 16 ) (712 -1138.894531 144 ) (768.998413 -1024 144 ) 
4 365 366 (712 -1152 144 ) (712 -1152 16 ) (896 -1152 16 ) (896 -1152 144 ) 
4 366 368 (712 -1160 16 ) (896 -1160 16 ) (896 -1160 144 ) (712 -1160 144 ) 
4 368 383 (704 -1280 16 ) (724 -1280 16 ) (724 -1280 24 ) (704 -1280 24 ) 
4 368 382 (724 -1280 24 ) (724 -1280 130 ) (704 -1280 130 ) (704 -1280 24 ) 
4 368 381 (724 -1280 16 ) (768 -1280 16 ) (768 -1280 130 ) (724 -1280 130 ) 
4 368 380 (768 -1280 144 ) (704 -1280 144 ) (704 -1280 130 ) (768 -1280 130 ) 
4 368 372 (704 -1160 16 ) (704 -1280 16 ) (704 -1280 144 ) (704 -1160 144 ) 
4 369 374 (578.470764 -1160 16 ) (576 -1155.019531 16 ) (576 -1155.019531 144 ) (578.470764 -1160 144 ) 
4 369 370 (576 -1160 144 ) (576 -1160 16 ) (578.468750 -1160 16 ) (578.468750 -1160 144 ) 
4 370 383 (576 -1280 16 ) (638 -1280 16 ) (638 -1280 24 ) (576 -1280 24 ) 
4 370 382 (638 -1280 24 ) (638 -1280 130 ) (576 -1280 130 ) (576 -1280 24 ) 
4 370 380 (638 -1280 130 ) (638 -1280 144 ) (576 -1280 144 ) (576 -1280 130 ) 
4 370 379 (576 -1160 16 ) (576 -1280 16 ) (576 -1280 144 ) (576 -1160 144 ) 
4 370 375 (638.002075 -1280 144 ) (638.002075 -1280 16 ) (578.470764 -1160 16 ) (578.470764 -1160 144 ) 
4 371 374 (704 -1155.021484 144 ) (704 -1155.021484 16 ) (701.530212 -1160 16 ) (701.530212 -1160 144 ) 
4 371 372 (701.527344 -1160 144 ) (701.527344 -1160 16 ) (704 -1160 16 ) (704 -1160 144 ) 
4 372 383 (642 -1280 16 ) (704 -1280 16 ) (704 -1280 24 ) (642 -1280 24 ) 
4 372 382 (704 -1280 24 ) (704 -1280 130 ) (642 -1280 130 ) (642 -1280 24 ) 
4 372 380 (704 -1280 130 ) (704 -1280 144 ) (642 -1280 144 ) (642 -1280 130 ) 
4 372 375 (701.530212 -1160 16 ) (641.998901 -1280 16 ) (641.998901 -1280 144 ) (701.530212 -1160 144 ) 
4 373 374 (576 -1152 144 ) (576 -1152 16 ) (704 -1152 16 ) (704 -1152 144 ) 
4 374 375 (578.470642 -1160 144 ) (578.470642 -1160 16 ) (701.527344 -1160 16 ) (701.527344 -1160 144 ) 
4 375 383 (638 -1280 16 ) (642 -1280 16 ) (642 -1280 24 ) (638 -1280 24 ) 
4 375 382 (642 -1280 24 ) (642 -1280 130 ) (638 -1280 130 ) (638 -1280 24 ) 
4 375 380 (642 -1280 130 ) (642 -1280 144 ) (638 -1280 144 ) (638 -1280 130 ) 
4 376 378 (568 -1138.894531 144 ) (568 -1138.894531 16 ) (511.001587 -1024 16 ) (511.001587 -1024 144 ) 
4 376 377 (384 -1152 144 ) (384 -1152 16 ) (568 -1152 16 ) (568 -1152 144 ) 
4 377 379 (384 -1160 144 ) (384 -1160 16 ) (568 -1160 16 ) (568 -1160 144 ) 
4 379 384 (512 -1280 16 ) (556 -1280 16 ) (556 -1280 130 ) (512 -1280 130 ) 
4 379 383 (556 -1280 16 ) (576 -1280 16 ) (576 -1280 24 ) (556 -1280 24 ) 
4 379 382 (576 -1280 24 ) (576 -1280 130 ) (556 -1280 130 ) (556 -1280 24 ) 
4 379 380 (576 -1280 130 ) (576 -1280 144 ) (512 -1280 144 ) (512 -1280 130 ) 
4 380 384 (512 -1280.719971 130 ) (512 -1280 130 ) (556 -1280 130 ) (556 -1280.719971 130 ) 
4 380 382 (556 -1280 130 ) (724 -1280 130 ) (724 -1280.719971 130 ) (556 -1280.719971 130 ) 
4 380 381 (724 -1280 130 ) (768 -1280 130 ) (768 -1280.719971 130 ) (724 -1280.719971 130 ) 
4 381 383 (724 -1280 24 ) (724 -1280 16 ) (724 -1280.719971 16 ) (724 -1280.719971 24 ) 
4 381 382 (724 -1280.719971 130 ) (724 -1280 130 ) (724 -1280 24 ) (724 -1280.719971 24 ) 
4 382 384 (556 -1280.719971 130 ) (556 -1280 130 ) (556 -1280 24 ) (556 -1280.719971 24 ) 
4 382 383 (556 -1280.719971 24 ) (556 -1280 24 ) (724 -1280 24 ) (724 -1280.719971 24 ) 
4 383 384 (556 -1280 24 ) (556 -1280 16 ) (556 -1280.719971 16 ) (556 -1280.719971 24 ) 
4 385 386 (-32 -232 400 ) (-32 0 400 ) (0 0 400 ) (0 -232 400 ) 
4 386 393 (-112 -256 16 ) (0 -256 16 ) (0 -256 192 ) (-112 -256 192 ) 
4 386 392 (0 -256 192 ) (0 -256 208 ) (-112 -256 208 ) (-112 -256 192 ) 
4 386 390 (0 -256 208 ) (0 -256 336 ) (-112 -256 336 ) (-112 -256 208 ) 
4 386 389 (0 -256 336 ) (0 -256 400 ) (-112 -256 400 ) (-112 -256 336 ) 
4 386 387 (-112 -16 16 ) (-112 -256 16 ) (-112 -256 192 ) (-112 -16 72 ) 
4 387 396 (-128 -256 16 ) (-128 -256 192 ) (-128 -16 72 ) (-128 -16 16 ) 
4 387 393 (-128 -256 192 ) (-128 -256 16 ) (-112 -256 16 ) (-112 -256 192 ) 
4 388 399 (0 -384 400 ) (-128 -384 400 ) (-128 -384 208 ) (0 -384 208 ) 
4 388 394 (-128 -384 208 ) (-128 -384 400 ) (-128 -256 400 ) (-128 -256 208 ) 
4 388 391 (0 -384 336 ) (0 -384 208 ) (-128 -256 208 ) (-128 -256 336 ) 
3 389 390 (-112 -256 336 ) (0 -256 336 ) (0 -368 336 ) 
3 390 392 (-112 -256 208 ) (0 -256 208 ) (0 -368 208 ) 
4 390 391 (-112.003906 -256 208 ) (0 -368.003906 208 ) (0 -368 336 ) (-112 -256 336 ) 
3 392 393 (-112 -256 192 ) (0 -256 192 ) (0 -368 192 ) 
4 393 400 (-112 -384 16 ) (0 -384 16 ) (0 -384 192 ) (-112 -384 192 ) 
4 393 398 (-128 -384 16 ) (-128 -384 192 ) (-128 -256 192 ) (-128 -256 16 ) 
4 394 401 (-256 -280 208 ) (-256 -384 208 ) (-256 -384 368 ) (-256 -280 368 ) 
4 394 399 (-128 -384 400 ) (-256 -384 400 ) (-256 -384 208 ) (-128 -384 208 ) 
3 394 397 (-128 -256 208 ) (-256 -256 208 ) (-256 -128 208 ) 
4 394 395 (-128 -256 400 ) (-128 -256 208 ) (-256 -128 208 ) (-256 -128 400 ) 
4 395 397 (-128 0 208 ) (-128 -256 208 ) (-256 -128 208 ) (-256 0 208 ) 
4 396 404 (-256 -16 16 ) (-256 -256 16 ) (-256 -256 192 ) (-256 -16 72 ) 
4 396 398 (-128 -256 16 ) (-128 -256 192 ) (-256 -256 192 ) (-256 -256 16 ) 
4 398 404 (-256 -352 192 ) (-256 -256 192 ) (-256 -256 16 ) (-256 -352 16 ) 
4 399 401 (-256 -384 368 ) (-256 -384 208 ) (-256 -496 208 ) (-256 -496 368 ) 
4 401 402 (-262 -496 208 ) (-262 -496 368 ) (-262 -280 368 ) (-262 -280 208 ) 
4 402 403 (-266 -496 208 ) (-266 -496 368 ) (-266 -280 368 ) (-266 -280 208 ) 
4 403 405 (-272 -280 368 ) (-272 -280 208 ) (-272 -496 208 ) (-272 -496 368 ) 
5 404 406 (-272 -352 192 ) (-272 -256 192 ) (-272 -16 72 ) (-272 -16 16 ) (-272 -352 16 ) 
4 405 410 (-272 -512 304 ) (-272 -512 472 ) (-384 -512 472 ) (-384 -512 304 ) 
4 405 407 (-384 -512 208 ) (-384 -512 472 ) (-384 -256 472 ) (-384 -256 208 ) 
4 406 408 (-384 -416 124 ) (-384 -352 124 ) (-384 -352 16 ) (-384 -416 16 ) 
4 407 410 (-384 -512 304 ) (-384 -512 472 ) (-400 -512 472 ) (-400 -512 304 ) 
4 407 409 (-400 -512 192 ) (-400 -512 472 ) (-400 -256 472 ) (-400 -256 192 ) 
4 408 409 (-400 -352 16 ) (-400 -416 16 ) (-400 -416 124 ) (-400 -352 124 ) 
4 409 426 (-554 -512 16 ) (-554 -512 24 ) (-554 -256 24 ) (-554 -256 16 ) 
4 409 424 (-554 -512 24 ) (-554 -512 40 ) (-554 -256 40 ) (-554 -256 24 ) 
4 409 422 (-554 -512 40 ) (-554 -512 48 ) (-554 -256 48 ) (-554 -256 40 ) 
4 409 420 (-554 -512 48 ) (-554 -512 72 ) (-554 -256 72 ) (-554 -256 48 ) 
4 409 418 (-554 -512 72 ) (-554 -512 88 ) (-554 -256 88 ) (-554 -256 72 ) 
4 409 417 (-554 -512 88 ) (-554 -512 96 ) (-554 -256 96 ) (-554 -256 88 ) 
4 409 415 (-554 -512 96 ) (-554 -512 112 ) (-554 -256 112 ) (-554 -256 96 ) 
4 409 413 (-554 -512 112 ) (-554 -512 128 ) (-554 -256 128 ) (-554 -256 112 ) 
4 409 412 (-554 -512 128 ) (-554 -512 136 ) (-554 -256 136 ) (-554 -256 128 ) 
4 409 411 (-554 -512 136 ) (-554 -512 472 ) (-554 -256 472 ) (-554 -256 136 ) 
4 409 410 (-554 -512 472 ) (-554 -512 304 ) (-400 -512 304 ) (-400 -512 472 ) 
4 410 429 (-272 -1024 304 ) (-272 -1024 472 ) (-554 -1024 472 ) (-554 -1024 304 ) 
4 410 411 (-554 -1024 304 ) (-554 -1024 472 ) (-554 -512 472 ) (-554 -512 304 ) 
4 411 450 (-554 -1024 136 ) (-554 -1024 152 ) (-656 -1024 152 ) (-656 -1024 136 ) 
4 411 449 (-554 -1024 152 ) (-554 -1024 160 ) (-656 -1024 160 ) (-656 -1024 152 ) 
4 411 447 (-554 -1024 160 ) (-554 -1024 176 ) (-656 -1024 176 ) (-656 -1024 160 ) 
4 411 441 (-554 -1024 176 ) (-554 -1024 224 ) (-656 -1024 224 ) (-656 -1024 176 ) 
4 411 438 (-554 -1024 224 ) (-554 -1024 232 ) (-656 -1024 232 ) (-656 -1024 224 ) 
4 411 435 (-554 -1024 232 ) (-554 -1024 272 ) (-656 -1024 272 ) (-656 -1024 232 ) 
4 411 432 (-554 -1024 272 ) (-554 -1024 296 ) (-656 -1024 296 ) (-656 -1024 272 ) 
4 411 430 (-554 -1024 296 ) (-554 -1024 472 ) (-656 -1024 472 ) (-656 -1024 296 ) 
4 411 427 (-656 -1024 304 ) (-656 -1024 472 ) (-656 -256 472 ) (-656 -256 304 ) 
4 411 412 (-656 -1020 136 ) (-656 -256 136 ) (-554 -256 136 ) (-554 -1020 136 ) 
4 412 414 (-656 -1000 128 ) (-656 -980 128 ) (-554 -980 128 ) (-554 -1000 128 ) 
4 412 413 (-656 -980 128 ) (-656 -256 128 ) (-554 -256 128 ) (-554 -980 128 ) 
4 413 416 (-656 -960 112 ) (-656 -940 112 ) (-554 -940 112 ) (-554 -960 112 ) 
4 413 415 (-656 -940 112 ) (-656 -256 112 ) (-554 -256 112 ) (-554 -940 112 ) 
4 413 414 (-554 -980 120 ) (-554 -980 128 ) (-656 -980 128 ) (-656 -980 120 ) 
4 415 417 (-656 -920 96 ) (-656 -256 96 ) (-554 -256 96 ) (-554 -920 96 ) 
4 415 416 (-554 -940 104 ) (-554 -940 112 ) (-656 -940 112 ) (-656 -940 104 ) 
4 417 419 (-656 -900 88 ) (-656 -880 88 ) (-554 -880 88 ) (-554 -900 88 ) 
4 417 418 (-656 -880 88 ) (-656 -256 88 ) (-554 -256 88 ) (-554 -880 88 ) 
4 418 423 (-656 -860 72 ) (-656 -840 72 ) (-554 -840 72 ) (-554 -860 72 ) 
4 418 421 (-656 -840 72 ) (-656 -820 72 ) (-554 -820 72 ) (-554 -840 72 ) 
4 418 420 (-656 -820 72 ) (-656 -256 72 ) (-554 -256 72 ) (-554 -820 72 ) 
4 418 419 (-554 -880 80 ) (-554 -880 88 ) (-656 -880 88 ) (-656 -880 80 ) 
4 420 422 (-656 -800 48 ) (-656 -256 48 ) (-554 -256 48 ) (-554 -800 48 ) 
4 420 421 (-554 -820 56 ) (-554 -820 72 ) (-656 -820 72 ) (-656 -820 56 ) 
4 421 423 (-554 -840 64 ) (-554 -840 72 ) (-656 -840 72 ) (-656 -840 64 ) 
4 422 425 (-656 -780 40 ) (-656 -760 40 ) (-554 -760 40 ) (-554 -780 40 ) 
4 422 424 (-656 -760 40 ) (-656 -256 40 ) (-554 -256 40 ) (-554 -760 40 ) 
4 424 426 (-656 -740 24 ) (-656 -256 24 ) (-554 -256 24 ) (-554 -740 24 ) 
4 424 425 (-554 -760 32 ) (-554 -760 40 ) (-656 -760 40 ) (-656 -760 32 ) 
4 427 452 (-656 -1024 304 ) (-656 -1024 472 ) (-672 -1024 472 ) (-672 -1024 304 ) 
4 427 428 (-672 -1024 304 ) (-672 -1024 472 ) (-672 -528 472 ) (-672 -528 304 ) 
4 428 452 (-672 -1024 304 ) (-672 -1024 472 ) (-760 -1024 472 ) (-760 -1024 304 ) 
4 429 431 (-554 -1616 304 ) (-554 -1616 472 ) (-554 -1440 472 ) (-554 -1440 304 ) 
4 429 430 (-554 -1440 472 ) (-554 -1024 472 ) (-554 -1024 304 ) (-554 -1440 304 ) 
4 430 452 (-656 -1024 472 ) (-656 -1024 304 ) (-656 -1440 304 ) (-656 -1440 472 ) 
4 430 434 (-656 -1420 296 ) (-656 -1400 296 ) (-554 -1400 296 ) (-554 -1420 296 ) 
4 430 433 (-656 -1400 296 ) (-656 -1380 296 ) (-554 -1380 296 ) (-554 -1400 296 ) 
4 430 432 (-656 -1380 296 ) (-656 -1024 296 ) (-554 -1024 296 ) (-554 -1380 296 ) 
4 430 431 (-554 -1440 304 ) (-554 -1440 472 ) (-656 -1440 472 ) (-656 -1440 304 ) 
4 431 452 (-656 -1616 304 ) (-656 -1616 472 ) (-656 -1440 472 ) (-656 -1440 304 ) 
4 432 440 (-656 -1360 272 ) (-656 -1340 272 ) (-554 -1340 272 ) (-554 -1360 272 ) 
4 432 439 (-656 -1340 272 ) (-656 -1320 272 ) (-554 -1320 272 ) (-554 -1340 272 ) 
4 432 437 (-656 -1320 272 ) (-656 -1300 272 ) (-554 -1300 272 ) (-554 -1320 272 ) 
4 432 436 (-656 -1300 272 ) (-656 -1280 272 ) (-554 -1280 272 ) (-554 -1300 272 ) 
4 432 435 (-656 -1280 272 ) (-656 -1024 272 ) (-554 -1024 272 ) (-554 -1280 272 ) 
4 432 433 (-554 -1380 280 ) (-554 -1380 296 ) (-656 -1380 296 ) (-656 -1380 280 ) 
4 433 434 (-554 -1400 288 ) (-554 -1400 296 ) (-656 -1400 296 ) (-656 -1400 288 ) 
4 435 438 (-656 -1260 232 ) (-656 -1024 232 ) (-554 -1024 232 ) (-554 -1260 232 ) 
4 435 436 (-554 -1280 240 ) (-554 -1280 272 ) (-656 -1280 272 ) (-656 -1280 240 ) 
4 436 437 (-554 -1300 248 ) (-554 -1300 272 ) (-656 -1300 272 ) (-656 -1300 248 ) 
4 437 439 (-554 -1320 256 ) (-554 -1320 272 ) (-656 -1320 272 ) (-656 -1320 256 ) 
4 438 446 (-656 -1240 224 ) (-656 -1220 224 ) (-554 -1220 224 ) (-554 -1240 224 ) 
4 438 445 (-656 -1220 224 ) (-656 -1200 224 ) (-554 -1200 224 ) (-554 -1220 224 ) 
4 438 444 (-656 -1200 224 ) (-656 -1180 224 ) (-554 -1180 224 ) (-554 -1200 224 ) 
4 438 443 (-656 -1180 224 ) (-656 -1160 224 ) (-554 -1160 224 ) (-554 -1180 224 ) 
4 438 442 (-656 -1160 224 ) (-656 -1140 224 ) (-554 -1140 224 ) (-554 -1160 224 ) 
4 438 441 (-656 -1140 224 ) (-656 -1024 224 ) (-554 -1024 224 ) (-554 -1140 224 ) 
4 439 440 (-554 -1340 264 ) (-554 -1340 272 ) (-656 -1340 272 ) (-656 -1340 264 ) 
4 441 448 (-656 -1120 176 ) (-656 -1100 176 ) (-554 -1100 176 ) (-554 -1120 176 ) 
4 441 447 (-656 -1100 176 ) (-656 -1024 176 ) (-554 -1024 176 ) (-554 -1100 176 ) 
4 441 442 (-554 -1140 184 ) (-554 -1140 224 ) (-656 -1140 224 ) (-656 -1140 184 ) 
4 442 443 (-554 -1160 192 ) (-554 -1160 224 ) (-656 -1160 224 ) (-656 -1160 192 ) 
4 443 444 (-554 -1180 200 ) (-554 -1180 224 ) (-656 -1180 224 ) (-656 -1180 200 ) 
4 444 445 (-554 -1200 208 ) (-554 -1200 224 ) (-656 -1200 224 ) (-656 -1200 208 ) 
4 445 446 (-554 -1220 216 ) (-554 -1220 224 ) (-656 -1220 224 ) (-656 -1220 216 ) 
4 447 449 (-656 -1080 160 ) (-656 -1024 160 ) (-554 -1024 160 ) (-554 -1080 160 ) 
4 447 448 (-554 -1100 168 ) (-554 -1100 176 ) (-656 -1100 176 ) (-656 -1100 168 ) 
4 449 451 (-656 -1060 152 ) (-656 -1040 152 ) (-554 -1040 152 ) (-554 -1060 152 ) 
4 449 450 (-656 -1040 152 ) (-656 -1024 152 ) (-554 -1024 152 ) (-554 -1040 152 ) 
4 450 451 (-554 -1040 144 ) (-554 -1040 152 ) (-656 -1040 152 ) (-656 -1040 144 ) 
