================== VBSP ==================



materialPath: C:\Programs\Steam\SteamApps\sourcemods\dab\materials
Loading C:\Programs\Steam\SteamApps\sourcemods\dab\maps\da_brewery.vmf
Can't find surfaceprop clay for material TILE/FLOOR05, using default
Can't find surfaceprop stone for material STORMY/PAVEMENT_01, using default
ConVarRef mat_reduceparticles doesn't point to an existing ConVar
KeyValues Error: RecursiveLoadFromBuffer:  got } in key in file materials/signs/emdbrewer.vmt
LightmappedGeneric, 
KeyValues Error: RecursiveLoadFromBuffer:  got } in key in file materials/signs/emdbrewer.vmt
LightmappedGeneric, 
fixing up env_cubemap materials on brush sides...
Multiple references for cubemap on texture maps/da_brewery/wood/woodfloor002_178_-364_152!!!
KeyValues Error: RecursiveLoadFromBuffer:  got } in key in file materials/SIGNS/EMDBREWER.vmt
LightmappedGeneric, 
KeyValues Error: RecursiveLoadFromBuffer:  got } in key in file materials/SIGNS/EMDBREWER.vmt
LightmappedGeneric, 
KeyValues Error: RecursiveLoadFromBuffer:  got } in key in file materials/SIGNS/EMDBREWER.vmt
LightmappedGeneric, 
KeyValues Error: RecursiveLoadFromBuffer:  got } in key in file materials/SIGNS/EMDBREWER.vmt
LightmappedGeneric, 
KeyValues Error: RecursiveLoadFromBuffer:  got } in key in file materials/SIGNS/EMDBREWER.vmt
LightmappedGeneric, 
KeyValues Error: RecursiveLoadFromBuffer:  got } in key in file materials/SIGNS/EMDBREWER.vmt
LightmappedGeneric, 
0...1...2...3...4...5...6...7...8...9...100...1...2...3...4...5...6...7...8...9...10Processing areas...done (0)
Building Faces...done (0)
Chop Details...done (0)
Find Visible Detail Sides...
Merged 1724 detail faces...done (0)
Merging details...done (0)
FixTjuncs...
PruneNodes...
WriteBSP...
done (1)
writing C:\Programs\Steam\SteamApps\sourcemods\dab\maps\da_brewery.prt...Building visibility clusters...
done (0)
Creating default LDR cubemaps for env_cubemap using skybox materials:
   skybox/sky_day03_06*.vmt
 ! Run buildcubemaps in the engine to get the correct cube maps.
Creating default HDR cubemaps for env_cubemap using skybox materials:
   skybox/sky_day03_06*.vmt
 ! Run buildcubemaps in the engine to get the correct cube maps.
Finding displacement neighbors...
Finding lightmap sample positions...
Displacement Alpha : 0...1...2...3...4...5...6...7...8...9...10
Building Physics collision data...
done (1) (754368 bytes)
Placing detail props : 0...1...2...3...4...5...6...7...8...9...10
Compacting texture/material tables...
Reduced 5775 texinfos to 3312
Reduced 143 texdatas to 116 (5234 bytes to 4390)
Writing C:\Programs\Steam\SteamApps\sourcemods\dab\maps\da_brewery.bsp
6 seconds elapsed

================== VVIS ==================




4 threads
reading c:\programs\steam\steamapps\sourcemods\dab\maps\da_brewery.bsp
reading c:\programs\steam\steamapps\sourcemods\dab\maps\da_brewery.prt
 648 portalclusters
2014 numportals
0...1...2...3...4...5...6...7...8...9...100...1...2...3...4...5...6...7...8...9...10Optimized: 957 visible clusters (0.69%)
Total clusters visible: 139017
Average clusters visible: 214
Building PAS...
Average clusters audible: 569
visdatasize:89396  compressed from 114048
writing c:\programs\steam\steamapps\sourcemods\dab\maps\da_brewery.bsp
33 seconds elapsed

================== VRAD ==================




[Reading texlights from 'lights.rad']
[45 texlights parsed from 'lights.rad']

Loading c:\programs\steam\steamapps\sourcemods\dab\maps\da_brewery.bsp
10680 faces
5 degenerate faces
276154 square feet [39766268.00 square inches]
0 Displacements
0 Square Feet [0.00 Square Inches]
10675 patches before subdivision
330099 patches after subdivision
41 direct lights
0...1...2...3...4...5...6...7...8...9...100...1...2...3...4...5...6...7...8...9...10transfers 94409045, max 1868
transfer lists: 720.3 megs
0...1...2...3...4...5...6...7...8...9...10	Bounce #1 added RGB(374288, 296188, 199603)
0...1...2...3...4...5...6...7...8...9...10	Bounce #2 added RGB(84909, 56325, 31998)
0...1...2...3...4...5...6...7...8...9...10	Bounce #3 added RGB(17781, 11265, 5906)
0...1...2...3...4...5...6...7...8...9...10	Bounce #4 added RGB(4166, 2450, 1149)
0...1...2...3...4...5...6...7...8...9...10	Bounce #5 added RGB(987, 554, 236)
0...1...2...3...4...5...6...7...8...9...10	Bounce #6 added RGB(239, 128, 49)
0...1...2...3...4...5...6...7...8...9...10	Bounce #7 added RGB(59, 30, 10)
0...1...2...3...4...5...6...7...8...9...10	Bounce #8 added RGB(15, 7, 2)
0...1...2...3...4...5...6...7...8...9...10	Bounce #9 added RGB(4, 2, 1)
0...1...2...3...4...5...6...7...8...9...10	Bounce #10 added RGB(1, 0, 0)
Build Patch/Sample Hash Table(s).....Done<0.1758 sec>
0...1...2...3...4...5...6...7...8...9...10FinalLightFace Done
0 of 0 (0% of) surface lights went in leaf ambient cubes.
0...1...2...3...4...5...6...7...8...9...10Writing leaf ambient...done
Ready to Finish

Object names       Objects/Maxobjs  Memory / Maxmem  Fullness 
------------       ---------------  ---------------  -------- 
models                  39/1024         1872/49152    ( 3.8%) 
brushes               1920/8192        23040/98304    (23.4%) 
brushsides           14218/65536      113744/524288   (21.7%) 
planes                8610/65536      172200/1310720  (13.1%) 
vertexes             17581/65536      210972/786432   (26.8%) 
nodes                 1502/65536       48064/2097152  ( 2.3%) 
texinfos              3312/12288      238464/884736   (27.0%) 
texdata                116/2048         3712/65536    ( 5.7%) 
dispinfos                0/0               0/0        ( 0.0%) 
disp_verts               0/0               0/0        ( 0.0%) 
disp_tris                0/0               0/0        ( 0.0%) 
disp_lmsamples           0/0               0/0        ( 0.0%) 
faces                10680/65536      598080/3670016  (16.3%) 
hdr faces                0/65536           0/3670016  ( 0.0%) 
origfaces             6499/65536      363944/3670016  ( 9.9%) 
leaves                1542/65536       49344/2097152  ( 2.4%) 
leaffaces            22942/65536       45884/131072   (35.0%) 
leafbrushes           3753/65536        7506/131072   ( 5.7%) 
areas                    2/256            16/2048     ( 0.8%) 
surfedges            79818/512000     319272/2048000  (15.6%) 
edges                50333/256000     201332/1024000  (19.7%) 
LDR worldlights         39/8192         3432/720896   ( 0.5%) 
HDR worldlights          0/8192            0/720896   ( 0.0%) 
leafwaterdata            0/32768           0/393216   ( 0.0%) 
waterstrips           1323/32768       13230/327680   ( 4.0%) 
waterverts               0/65536           0/786432   ( 0.0%) 
waterindices         28650/65536       57300/131072   (43.7%) 
cubemapsamples          10/1024          160/16384    ( 1.0%) 
overlays                 3/512          1056/180224   ( 0.6%) 
LDR lightdata         [variable]    27966600/0        ( 0.0%) 
HDR lightdata         [variable]           0/0        ( 0.0%) 
visdata               [variable]       89396/16777216 ( 0.5%) 
entdata               [variable]       62573/393216   (15.9%) 
LDR ambient table     1542/65536        6168/262144   ( 2.4%) 
HDR ambient table     1542/65536        6168/262144   ( 2.4%) 
LDR leaf ambient      5746/65536      160888/1835008  ( 8.8%) 
HDR leaf ambient      1542/65536       43176/1835008  ( 2.4%) 
occluders                0/0               0/0        ( 0.0%) 
occluder polygons        0/0               0/0        ( 0.0%) 
occluder vert ind        0/0               0/0        ( 0.0%) 
detail props          [variable]           1/12       ( 8.3%) 
static props          [variable]           1/16494    ( 0.0%) 
pakfile               [variable]      978271/0        ( 0.0%) 
physics               [variable]      754368/4194304  (18.0%) 
physics terrain       [variable]           2/1048576  ( 0.0%) 

Level flags = 0

Total triangle count: 32422
Writing c:\programs\steam\steamapps\sourcemods\dab\maps\da_brewery.bsp
6 minutes, 46 seconds elapsed



materialPath: C:\Program Files (x86)\Steam\steamapps\common\Double Action\dab\materials
Loading C:\Users\Abe\Projects\dab\dabmaps\maps\da_brewery\da_brewery.vmf
Can't find surfaceprop clay for material TILE/FLOOR05, using default
Can't find surfaceprop stone for material STORMY/PAVEMENT_01, using default
ConVarRef mat_reduceparticles doesn't point to an existing ConVar
KeyValues Error: RecursiveLoadFromBuffer:  got } in key in file materials/signs/emdbrewer.vmt
LightmappedGeneric, 
KeyValues Error: RecursiveLoadFromBuffer:  got } in key in file materials/signs/emdbrewer.vmt
LightmappedGeneric, 
fixing up env_cubemap materials on brush sides...
Multiple references for cubemap on texture maps/da_brewery/wood/woodfloor002_178_-364_152!!!
KeyValues Error: RecursiveLoadFromBuffer:  got } in key in file materials/SIGNS/EMDBREWER.vmt
LightmappedGeneric, 
KeyValues Error: RecursiveLoadFromBuffer:  got } in key in file materials/SIGNS/EMDBREWER.vmt
LightmappedGeneric, 
KeyValues Error: RecursiveLoadFromBuffer:  got } in key in file materials/SIGNS/EMDBREWER.vmt
LightmappedGeneric, 
KeyValues Error: RecursiveLoadFromBuffer:  got } in key in file materials/SIGNS/EMDBREWER.vmt
LightmappedGeneric, 
KeyValues Error: RecursiveLoadFromBuffer:  got } in key in file materials/SIGNS/EMDBREWER.vmt
LightmappedGeneric, 
KeyValues Error: RecursiveLoadFromBuffer:  got } in key in file materials/SIGNS/EMDBREWER.vmt
LightmappedGeneric, 
0...1...2...3...4...5...6...7...8...9...100...1...2...3...4...5...6...7...8...9...10Processing areas...done (0)
Building Faces...done (0)
Chop Details...done (0)
Find Visible Detail Sides...
Merged 1716 detail faces...done (0)
Merging details...done (0)
FixTjuncs...
PruneNodes...
WriteBSP...
done (1)
writing C:\Users\Abe\Projects\dab\dabmaps\maps\da_brewery\da_brewery.prt...Building visibility clusters...
done (0)
Creating default LDR cubemaps for env_cubemap using skybox materials:
   skybox/sky_day03_06*.vmt
 ! Run buildcubemaps in the engine to get the correct cube maps.
Creating default HDR cubemaps for env_cubemap using skybox materials:
   skybox/sky_day03_06*.vmt
 ! Run buildcubemaps in the engine to get the correct cube maps.
Finding displacement neighbors...
Finding lightmap sample positions...
Displacement Alpha : 0...1...2...3...4...5...6...7...8...9...10
Building Physics collision data...
done (0) (754544 bytes)
Placing detail props : 0...1...2...3...4...5...6...7...8...9...10
Compacting texture/material tables...
Reduced 5775 texinfos to 3312
Reduced 143 texdatas to 116 (5234 bytes to 4390)
Writing C:\Users\Abe\Projects\dab\dabmaps\maps\da_brewery\da_brewery.bsp
2 seconds elapsed



12 threads
reading c:\users\abe\projects\dab\dabmaps\maps\da_brewery\da_brewery.bsp
reading c:\users\abe\projects\dab\dabmaps\maps\da_brewery\da_brewery.prt
 648 portalclusters
2008 numportals
0...1...2...3...4...5...6...7...8...9...100...1...2...3...4...5...6...7...8...9...10Optimized: 955 visible clusters (0.69%)
Total clusters visible: 138957
Average clusters visible: 214
Building PAS...
Average clusters audible: 569
visdatasize:89387  compressed from 114048
writing c:\users\abe\projects\dab\dabmaps\maps\da_brewery\da_brewery.bsp
7 seconds elapsed



[Reading texlights from 'lights.rad']
[45 texlights parsed from 'lights.rad']

Loading c:\users\abe\projects\dab\dabmaps\maps\da_brewery\da_brewery.bsp
10703 faces
5 degenerate faces
276154 square feet [39766180.00 square inches]
0 Displacements
0 Square Feet [0.00 Square Inches]
10698 patches before subdivision
328334 patches after subdivision
41 direct lights
0...1...2...3...4...5...6...7...8...9...100...1...2...3...4...5...6...7...8...9...10transfers 93842615, max 1884
transfer lists: 716.0 megs
0...1...2...3...4...5...6...7...8...9...10	Bounce #1 added RGB(372737, 294813, 198573)
0...1...2...3...4...5...6...7...8...9...10	Bounce #2 added RGB(84405, 55925, 31731)
0...1...2...3...4...5...6...7...8...9...10	Bounce #3 added RGB(17666, 11179, 5854)
0...1...2...3...4...5...6...7...8...9...10	Bounce #4 added RGB(4140, 2432, 1139)
0...1...2...3...4...5...6...7...8...9...10	Bounce #5 added RGB(981, 550, 234)
0...1...2...3...4...5...6...7...8...9...10	Bounce #6 added RGB(238, 127, 48)
0...1...2...3...4...5...6...7...8...9...10	Bounce #7 added RGB(59, 30, 10)
0...1...2...3...4...5...6...7...8...9...10	Bounce #8 added RGB(15, 7, 2)
0...1...2...3...4...5...6...7...8...9...10	Bounce #9 added RGB(4, 2, 0)
0...1...2...3...4...5...6...7...8...9...10	Bounce #10 added RGB(1, 0, 0)
Build Patch/Sample Hash Table(s).....Done<0.0662 sec>
0...1...2...3...4...5...6...7...8...9...10FinalLightFace Done
0 of 0 (0% of) surface lights went in leaf ambient cubes.
0...1...2...3...4...5...6...7...8...9...10Writing leaf ambient...done
Ready to Finish

Object names       Objects/Maxobjs  Memory / Maxmem  Fullness 
------------       ---------------  ---------------  -------- 
models                  39/1024         1872/49152    ( 3.8%) 
brushes               1920/8192        23040/98304    (23.4%) 
brushsides           14212/65536      113696/524288   (21.7%) 
planes                8616/65536      172320/1310720  (13.1%) 
vertexes             17605/65536      211260/786432   (26.9%) 
nodes                 1502/65536       48064/2097152  ( 2.3%) 
texinfos              3312/12288      238464/884736   (27.0%) 
texdata                116/2048         3712/65536    ( 5.7%) 
dispinfos                0/0               0/0        ( 0.0%) 
disp_verts               0/0               0/0        ( 0.0%) 
disp_tris                0/0               0/0        ( 0.0%) 
disp_lmsamples           0/0               0/0        ( 0.0%) 
faces                10703/65536      599368/3670016  (16.3%) 
hdr faces                0/65536           0/3670016  ( 0.0%) 
origfaces             6497/65536      363832/3670016  ( 9.9%) 
leaves                1542/65536       49344/2097152  ( 2.4%) 
leaffaces            22985/65536       45970/131072   (35.1%) 
leafbrushes           3753/65536        7506/131072   ( 5.7%) 
areas                    2/256            16/2048     ( 0.8%) 
surfedges            79887/512000     319548/2048000  (15.6%) 
edges                50374/256000     201496/1024000  (19.7%) 
LDR worldlights         39/8192         3432/720896   ( 0.5%) 
HDR worldlights          0/8192            0/720896   ( 0.0%) 
leafwaterdata            0/32768           0/393216   ( 0.0%) 
waterstrips           1322/32768       13220/327680   ( 4.0%) 
waterverts               0/65536           0/786432   ( 0.0%) 
waterindices         28656/65536       57312/131072   (43.7%) 
cubemapsamples          10/1024          160/16384    ( 1.0%) 
overlays                 3/512          1056/180224   ( 0.6%) 
LDR lightdata         [variable]    28098256/0        ( 0.0%) 
HDR lightdata         [variable]           0/0        ( 0.0%) 
visdata               [variable]       89387/16777216 ( 0.5%) 
entdata               [variable]       62573/393216   (15.9%) 
LDR ambient table     1542/65536        6168/262144   ( 2.4%) 
HDR ambient table     1542/65536        6168/262144   ( 2.4%) 
LDR leaf ambient      5742/65536      160776/1835008  ( 8.8%) 
HDR leaf ambient      1542/65536       43176/1835008  ( 2.4%) 
occluders                0/0               0/0        ( 0.0%) 
occluder polygons        0/0               0/0        ( 0.0%) 
occluder vert ind        0/0               0/0        ( 0.0%) 
detail props          [variable]           1/12       ( 8.3%) 
static props          [variable]           1/16492    ( 0.0%) 
pakfile               [variable]      978271/0        ( 0.0%) 
physics               [variable]      754544/4194304  (18.0%) 
physics terrain       [variable]           2/1048576  ( 0.0%) 

Level flags = 0

Total triangle count: 32453
Writing c:\users\abe\projects\dab\dabmaps\maps\da_brewery\da_brewery.bsp
1 minute, 59 seconds elapsed
